<?xml version="1.0" encoding="UTF-8" ?>
<testsuite tests="1" failures="0" name="com.svhelloworld.knotlog.engine.parse.GPXParserTest" time="0.268" errors="1" skipped="0">
  <properties>
    <property name="java.runtime.name" value="Java(TM) SE Runtime Environment"/>
    <property name="sun.boot.library.path" value="/Library/Java/JavaVirtualMachines/jdk1.8.0_31.jdk/Contents/Home/jre/lib"/>
    <property name="java.vm.version" value="25.31-b07"/>
    <property name="gopherProxySet" value="false"/>
    <property name="java.vm.vendor" value="Oracle Corporation"/>
    <property name="java.vendor.url" value="http://java.oracle.com/"/>
    <property name="path.separator" value=":"/>
    <property name="guice.disable.misplaced.annotation.check" value="true"/>
    <property name="java.vm.name" value="Java HotSpot(TM) 64-Bit Server VM"/>
    <property name="file.encoding.pkg" value="sun.io"/>
    <property name="user.country" value="US"/>
    <property name="sun.java.launcher" value="SUN_STANDARD"/>
    <property name="sun.os.patch.level" value="unknown"/>
    <property name="java.vm.specification.name" value="Java Virtual Machine Specification"/>
    <property name="user.dir" value="/Users/jason/dev/workspace/knotlog"/>
    <property name="java.runtime.version" value="1.8.0_31-b13"/>
    <property name="java.awt.graphicsenv" value="sun.awt.CGraphicsEnvironment"/>
    <property name="java.endorsed.dirs" value="/Library/Java/JavaVirtualMachines/jdk1.8.0_31.jdk/Contents/Home/jre/lib/endorsed"/>
    <property name="os.arch" value="x86_64"/>
    <property name="java.io.tmpdir" value="/var/folders/9_/rfcxxsfd4dg5vftqd28zcqqw0000gn/T/"/>
    <property name="line.separator" value="
"/>
    <property name="java.vm.specification.vendor" value="Oracle Corporation"/>
    <property name="os.name" value="Mac OS X"/>
    <property name="classworlds.conf" value="/usr/share/maven/bin/m2.conf"/>
    <property name="sun.jnu.encoding" value="UTF-8"/>
    <property name="java.library.path" value="/Users/jason/Library/Java/Extensions:/Library/Java/Extensions:/Network/Library/Java/Extensions:/System/Library/Java/Extensions:/usr/lib/java:."/>
    <property name="java.specification.name" value="Java Platform API Specification"/>
    <property name="java.class.version" value="52.0"/>
    <property name="sun.management.compiler" value="HotSpot 64-Bit Tiered Compilers"/>
    <property name="os.version" value="10.8.5"/>
    <property name="http.nonProxyHosts" value="local|*.local|169.254/16|*.169.254/16"/>
    <property name="user.home" value="/Users/jason"/>
    <property name="user.timezone" value="America/Los_Angeles"/>
    <property name="java.awt.printerjob" value="sun.lwawt.macosx.CPrinterJob"/>
    <property name="java.specification.version" value="1.8"/>
    <property name="file.encoding" value="UTF-8"/>
    <property name="user.name" value="jason"/>
    <property name="java.class.path" value="/usr/share/maven/boot/plexus-classworlds-2.4.jar"/>
    <property name="java.vm.specification.version" value="1.8"/>
    <property name="sun.arch.data.model" value="64"/>
    <property name="java.home" value="/Library/Java/JavaVirtualMachines/jdk1.8.0_31.jdk/Contents/Home/jre"/>
    <property name="sun.java.command" value="org.codehaus.plexus.classworlds.launcher.Launcher clean install"/>
    <property name="java.specification.vendor" value="Oracle Corporation"/>
    <property name="user.language" value="en"/>
    <property name="awt.toolkit" value="sun.lwawt.macosx.LWCToolkit"/>
    <property name="java.vm.info" value="mixed mode"/>
    <property name="java.version" value="1.8.0_31"/>
    <property name="java.ext.dirs" value="/Users/jason/Library/Java/Extensions:/Library/Java/JavaVirtualMachines/jdk1.8.0_31.jdk/Contents/Home/jre/lib/ext:/Library/Java/Extensions:/Network/Library/Java/Extensions:/System/Library/Java/Extensions:/usr/lib/java"/>
    <property name="sun.boot.class.path" value="/Library/Java/JavaVirtualMachines/jdk1.8.0_31.jdk/Contents/Home/jre/lib/resources.jar:/Library/Java/JavaVirtualMachines/jdk1.8.0_31.jdk/Contents/Home/jre/lib/rt.jar:/Library/Java/JavaVirtualMachines/jdk1.8.0_31.jdk/Contents/Home/jre/lib/sunrsasign.jar:/Library/Java/JavaVirtualMachines/jdk1.8.0_31.jdk/Contents/Home/jre/lib/jsse.jar:/Library/Java/JavaVirtualMachines/jdk1.8.0_31.jdk/Contents/Home/jre/lib/jce.jar:/Library/Java/JavaVirtualMachines/jdk1.8.0_31.jdk/Contents/Home/jre/lib/charsets.jar:/Library/Java/JavaVirtualMachines/jdk1.8.0_31.jdk/Contents/Home/jre/lib/jfr.jar:/Library/Java/JavaVirtualMachines/jdk1.8.0_31.jdk/Contents/Home/jre/classes"/>
    <property name="java.vendor" value="Oracle Corporation"/>
    <property name="maven.home" value="/usr/share/maven"/>
    <property name="file.separator" value="/"/>
    <property name="java.vendor.url.bug" value="http://bugreport.sun.com/bugreport/"/>
    <property name="sun.cpu.endian" value="little"/>
    <property name="sun.io.unicode.encoding" value="UnicodeBig"/>
    <property name="socksNonProxyHosts" value="local|*.local|169.254/16|*.169.254/16"/>
    <property name="ftp.nonProxyHosts" value="local|*.local|169.254/16|*.169.254/16"/>
    <property name="sun.cpu.isalist" value=""/>
  </properties>
  <testcase classname="com.svhelloworld.knotlog.engine.parse.GPXParserTest" name="testParse" time="0.267">
    <error type="com.svhelloworld.knotlog.engine.parse.ParseException">com.svhelloworld.knotlog.engine.parse.ParseException
	at com.svhelloworld.knotlog.engine.parse.GPXParser.parse(GPXParser.java:128)
	at com.svhelloworld.knotlog.engine.parse.GPXParserTest.testParse(GPXParserTest.java:39)
	at sun.reflect.NativeMethodAccessorImpl.invoke0(Native Method)
	at sun.reflect.NativeMethodAccessorImpl.invoke(NativeMethodAccessorImpl.java:62)
	at sun.reflect.DelegatingMethodAccessorImpl.invoke(DelegatingMethodAccessorImpl.java:43)
	at java.lang.reflect.Method.invoke(Method.java:483)
	at org.junit.runners.model.FrameworkMethod$1.runReflectiveCall(FrameworkMethod.java:47)
	at org.junit.internal.runners.model.ReflectiveCallable.run(ReflectiveCallable.java:12)
	at org.junit.runners.model.FrameworkMethod.invokeExplosively(FrameworkMethod.java:44)
	at org.junit.internal.runners.statements.InvokeMethod.evaluate(InvokeMethod.java:17)
	at org.junit.internal.runners.statements.RunBefores.evaluate(RunBefores.java:26)
	at org.junit.runners.ParentRunner.runLeaf(ParentRunner.java:271)
	at org.junit.runners.BlockJUnit4ClassRunner.runChild(BlockJUnit4ClassRunner.java:70)
	at org.junit.runners.BlockJUnit4ClassRunner.runChild(BlockJUnit4ClassRunner.java:50)
	at org.junit.runners.ParentRunner$3.run(ParentRunner.java:238)
	at org.junit.runners.ParentRunner$1.schedule(ParentRunner.java:63)
	at org.junit.runners.ParentRunner.runChildren(ParentRunner.java:236)
	at org.junit.runners.ParentRunner.access$000(ParentRunner.java:53)
	at org.junit.runners.ParentRunner$2.evaluate(ParentRunner.java:229)
	at org.junit.runners.ParentRunner.run(ParentRunner.java:309)
	at org.apache.maven.surefire.junit4.JUnit4TestSet.execute(JUnit4TestSet.java:53)
	at org.apache.maven.surefire.junit4.JUnit4Provider.executeTestSet(JUnit4Provider.java:123)
	at org.apache.maven.surefire.junit4.JUnit4Provider.invoke(JUnit4Provider.java:104)
	at sun.reflect.NativeMethodAccessorImpl.invoke0(Native Method)
	at sun.reflect.NativeMethodAccessorImpl.invoke(NativeMethodAccessorImpl.java:62)
	at sun.reflect.DelegatingMethodAccessorImpl.invoke(DelegatingMethodAccessorImpl.java:43)
	at java.lang.reflect.Method.invoke(Method.java:483)
	at org.apache.maven.surefire.util.ReflectionUtils.invokeMethodWithArray(ReflectionUtils.java:164)
	at org.apache.maven.surefire.booter.ProviderFactory$ProviderProxy.invoke(ProviderFactory.java:110)
	at org.apache.maven.surefire.booter.SurefireStarter.invokeProvider(SurefireStarter.java:175)
	at org.apache.maven.surefire.booter.SurefireStarter.runSuitesInProcessWhenForked(SurefireStarter.java:107)
	at org.apache.maven.surefire.booter.ForkedBooter.main(ForkedBooter.java:68)
Caused by: com.svhelloworld.knotlog.engine.parse.ParseException
	at com.svhelloworld.knotlog.engine.parse.GPXParser.endElement(GPXParser.java:199)
	at com.sun.org.apache.xerces.internal.parsers.AbstractSAXParser.endElement(AbstractSAXParser.java:609)
	at com.sun.org.apache.xerces.internal.impl.XMLDocumentFragmentScannerImpl.scanEndElement(XMLDocumentFragmentScannerImpl.java:1782)
	at com.sun.org.apache.xerces.internal.impl.XMLDocumentFragmentScannerImpl$FragmentContentDriver.next(XMLDocumentFragmentScannerImpl.java:2973)
	at com.sun.org.apache.xerces.internal.impl.XMLDocumentScannerImpl.next(XMLDocumentScannerImpl.java:606)
	at com.sun.org.apache.xerces.internal.impl.XMLDocumentFragmentScannerImpl.scanDocument(XMLDocumentFragmentScannerImpl.java:510)
	at com.sun.org.apache.xerces.internal.parsers.XML11Configuration.parse(XML11Configuration.java:848)
	at com.sun.org.apache.xerces.internal.parsers.XML11Configuration.parse(XML11Configuration.java:777)
	at com.sun.org.apache.xerces.internal.parsers.XMLParser.parse(XMLParser.java:141)
	at com.sun.org.apache.xerces.internal.parsers.AbstractSAXParser.parse(AbstractSAXParser.java:1213)
	at com.sun.org.apache.xerces.internal.jaxp.SAXParserImpl$JAXPSAXParser.parse(SAXParserImpl.java:649)
	at com.svhelloworld.knotlog.engine.parse.GPXParser.parse(GPXParser.java:126)
	... 31 more
Caused by: java.lang.reflect.InvocationTargetException
	at sun.reflect.NativeMethodAccessorImpl.invoke0(Native Method)
	at sun.reflect.NativeMethodAccessorImpl.invoke(NativeMethodAccessorImpl.java:62)
	at sun.reflect.DelegatingMethodAccessorImpl.invoke(DelegatingMethodAccessorImpl.java:43)
	at java.lang.reflect.Method.invoke(Method.java:483)
	at com.svhelloworld.knotlog.engine.parse.GPXParser.endElement(GPXParser.java:197)
	... 42 more
Caused by: java.lang.NullPointerException
	at com.svhelloworld.knotlog.engine.parse.GPXParser.assembleTrackSegment(GPXParser.java:307)
	... 47 more
</error>
    <system-out>assembleTrackPoint:
trkpt attribs [(lon:-110.54536432027817)(lat:24.612348480150104)]
time content [2010-03-21T16:43:51Z]
{gpxx:TrackPointExtension=, gpxx:Temperature=-9.00175857543945, gpxx:Depth=1.89759063720703}
assembleTrackPoint:
trkpt attribs [(lon:-110.54532618261874)(lat:24.612302714958787)]
time content [2010-03-21T16:43:53Z]
{gpxx:TrackPointExtension=, gpxx:Temperature=-9.00175857543945, gpxx:Depth=2.15850830078125}
assembleTrackPoint:
trkpt attribs [(lon:-110.54524990729988)(lat:24.612211184576154)]
time content [2010-03-21T16:43:56Z]
{gpxx:TrackPointExtension=, gpxx:Temperature=-9.00175857543945, gpxx:Depth=2.25338363647461}
assembleTrackPoint:
trkpt attribs [(lon:-110.54504388011992)(lat:24.612066261470318)]
time content [2010-03-21T16:44:03Z]
{gpxx:TrackPointExtension=, gpxx:Temperature=-9.00175857543945, gpxx:Depth=1.58922958374023}
assembleTrackPoint:
trkpt attribs [(lon:-110.5447081848979)(lat:24.61178588680923)]
time content [2010-03-21T16:44:15Z]
{gpxx:TrackPointExtension=, gpxx:Temperature=-9.00175857543945, gpxx:Depth=1.56550979614258}
assembleTrackPoint:
trkpt attribs [(lon:-110.5446547921747)(lat:24.611749593168497)]
time content [2010-03-21T16:44:17Z]
{gpxx:TrackPointExtension=, gpxx:Temperature=-9.00175857543945, gpxx:Depth=1.89759063720703}
assembleTrackPoint:
trkpt attribs [(lon:-110.54444122128189)(lat:24.611600814387202)]
time content [2010-03-21T16:44:24Z]
{gpxx:TrackPointExtension=, gpxx:Temperature=-9.00175857543945, gpxx:Depth=2.63290023803711}
assembleTrackPoint:
trkpt attribs [(lon:-110.54438011720777)(lat:24.611562676727772)]
time content [2010-03-21T16:44:26Z]
{gpxx:TrackPointExtension=, gpxx:Temperature=-9.00175857543945, gpxx:Depth=2.84637832641602}
assembleTrackPoint:
trkpt attribs [(lon:-110.54428858682513)(lat:24.611484473571181)]
time content [2010-03-21T16:44:29Z]
{gpxx:TrackPointExtension=, gpxx:Temperature=-9.00175857543945, gpxx:Depth=2.87009811401367}
assembleTrackPoint:
trkpt attribs [(lon:-110.54400628432631)(lat:24.611215582117438)]
time content [2010-03-21T16:44:39Z]
{gpxx:TrackPointExtension=, gpxx:Temperature=-9.00175857543945, gpxx:Depth=2.37198257446289}
assembleTrackPoint:
trkpt attribs [(lon:-110.54397577419877)(lat:24.611190771684051)]
time content [2010-03-21T16:44:40Z]
{gpxx:TrackPointExtension=, gpxx:Temperature=-9.00175857543945, gpxx:Depth=2.27710342407227}
assembleTrackPoint:
trkpt attribs [(lon:-110.5439071264118)(lat:24.611139222979546)]
time content [2010-03-21T16:44:43Z]
{gpxx:TrackPointExtension=, gpxx:Temperature=-9.00175857543945, gpxx:Depth=1.8264274597168}
assembleTrackPoint:
trkpt attribs [(lon:-110.54371635429561)(lat:24.610984744504094)]
time content [2010-03-21T16:44:49Z]
{gpxx:TrackPointExtension=, gpxx:Temperature=-9.00175857543945, gpxx:Depth=1.77898788452148}
assembleTrackPoint:
trkpt attribs [(lon:-110.54336540400982)(lat:24.610624238848686)]
time content [2010-03-21T16:45:03Z]
{gpxx:TrackPointExtension=, gpxx:Temperature=-9.00175857543945, gpxx:Depth=1.58922958374023}
assembleTrackPoint:
trkpt attribs [(lon:-110.54302208125591)(lat:24.610242778435349)]
time content [2010-03-21T16:45:17Z]
{gpxx:TrackPointExtension=, gpxx:Temperature=-9.00175857543945, gpxx:Depth=1.56550979614258}
assembleTrackPoint:
trkpt attribs [(lon:-110.54270164109766)(lat:24.609941449016333)]
time content [2010-03-21T16:45:30Z]
{gpxx:TrackPointExtension=, gpxx:Temperature=-9.00175857543945, gpxx:Depth=1.70782852172852}
assembleTrackPoint:
trkpt attribs [(lon:-110.5423354357481)(lat:24.609601898118854)]
time content [2010-03-21T16:45:44Z]
{gpxx:TrackPointExtension=, gpxx:Temperature=-9.00175857543945, gpxx:Depth=1.8264274597168}
assembleTrackPoint:
trkpt attribs [(lon:-110.54199211299419)(lat:24.609243320301175)]
time content [2010-03-21T16:45:58Z]
{gpxx:TrackPointExtension=, gpxx:Temperature=-9.00175857543945, gpxx:Depth=1.49435043334961}
assembleTrackPoint:
trkpt attribs [(lon:-110.54174040444195)(lat:24.609027821570635)]
time content [2010-03-21T16:46:07Z]
{gpxx:TrackPointExtension=, gpxx:Temperature=-9.00175857543945, gpxx:Depth=1.58922958374023}
assembleTrackPoint:
trkpt attribs [(lon:-110.54140470921993)(lat:24.608734119683504)]
time content [2010-03-21T16:46:20Z]
{gpxx:TrackPointExtension=, gpxx:Temperature=-9.00175857543945, gpxx:Depth=1.56550979614258}
assembleTrackPoint:
trkpt attribs [(lon:-110.54110715165734)(lat:24.608455589041114)]
time content [2010-03-21T16:46:32Z]
{gpxx:TrackPointExtension=, gpxx:Temperature=-9.00175857543945, gpxx:Depth=1.30459022521973}
assembleTrackPoint:
trkpt attribs [(lon:-110.54109189659357)(lat:24.608430862426758)]
time content [2010-03-21T16:46:33Z]
{gpxx:TrackPointExtension=, gpxx:Temperature=-9.00175857543945, gpxx:Depth=1.20971298217773}
assembleTrackPoint:
trkpt attribs [(lon:-110.54079433903098)(lat:24.608100866898894)]
time content [2010-03-21T16:46:46Z]
{gpxx:TrackPointExtension=, gpxx:Temperature=-9.00175857543945, gpxx:Depth=1.8264274597168}
assembleTrackPoint:
trkpt attribs [(lon:-110.54055017419159)(lat:24.607820492237806)]
time content [2010-03-21T16:46:57Z]
{gpxx:TrackPointExtension=, gpxx:Temperature=-9.00175857543945, gpxx:Depth=1.73154830932617}
assembleTrackPoint:
trkpt attribs [(lon:-110.54023736156523)(lat:24.6074771694839)]
time content [2010-03-21T16:47:11Z]
{gpxx:TrackPointExtension=, gpxx:Temperature=-9.00175857543945, gpxx:Depth=1.89759063720703}
assembleTrackPoint:
trkpt attribs [(lon:-110.54004667326808)(lat:24.607280697673559)]
time content [2010-03-21T16:47:19Z]
{gpxx:TrackPointExtension=, gpxx:Temperature=-9.00175857543945, gpxx:Depth=2.27710342407227}
assembleTrackPoint:
trkpt attribs [(lon:-110.53983301855624)(lat:24.607135690748692)]
time content [2010-03-21T16:47:26Z]
{gpxx:TrackPointExtension=, gpxx:Temperature=-9.00175857543945, gpxx:Depth=2.34826278686523}
assembleTrackPoint:
trkpt attribs [(lon:-110.53946681320667)(lat:24.606817178428173)]
time content [2010-03-21T16:47:39Z]
{gpxx:TrackPointExtension=, gpxx:Temperature=-9.00175857543945, gpxx:Depth=1.99246597290039}
assembleTrackPoint:
trkpt attribs [(lon:-110.53944393061101)(lat:24.606794295832515)]
time content [2010-03-21T16:47:40Z]
{gpxx:TrackPointExtension=, gpxx:Temperature=-9.00175857543945, gpxx:Depth=1.94503021240234}
assembleTrackPoint:
trkpt attribs [(lon:-110.53907772526145)(lat:24.606437645852566)]
time content [2010-03-21T16:47:54Z]
{gpxx:TrackPointExtension=, gpxx:Temperature=-9.00175857543945, gpxx:Depth=1.63666915893555}
assembleTrackPoint:
trkpt attribs [(lon:-110.53869626484811)(lat:24.606069512665272)]
time content [2010-03-21T16:48:09Z]
{gpxx:TrackPointExtension=, gpxx:Temperature=-9.00175857543945, gpxx:Depth=1.70782852172852}
assembleTrackPoint:
trkpt attribs [(lon:-110.53847498260438)(lat:24.605827275663614)]
time content [2010-03-21T16:48:18Z]
{gpxx:TrackPointExtension=, gpxx:Temperature=-9.00175857543945, gpxx:Depth=2.37198257446289}
assembleTrackPoint:
trkpt attribs [(lon:-110.53810877725482)(lat:24.605548828840256)]
time content [2010-03-21T16:48:30Z]
{gpxx:TrackPointExtension=, gpxx:Temperature=-9.00175857543945, gpxx:Depth=3.17845916748047}
assembleTrackPoint:
trkpt attribs [(lon:-110.53807826712728)(lat:24.605525946244597)]
time content [2010-03-21T16:48:31Z]
{gpxx:TrackPointExtension=, gpxx:Temperature=-9.00175857543945, gpxx:Depth=3.13101959228516}
assembleTrackPoint:
trkpt attribs [(lon:-110.53802487440407)(lat:24.605474397540092)]
time content [2010-03-21T16:48:33Z]
{gpxx:TrackPointExtension=, gpxx:Temperature=-9.00175857543945, gpxx:Depth=2.44314575195313}
assembleTrackPoint:
trkpt attribs [(lon:-110.53799436427653)(lat:24.605449670925736)]
time content [2010-03-21T16:48:34Z]
{gpxx:TrackPointExtension=, gpxx:Temperature=-9.00175857543945, gpxx:Depth=2.44314575195313}
assembleTrackPoint:
trkpt attribs [(lon:-110.53787223994732)(lat:24.605339029803872)]
time content [2010-03-21T16:48:38Z]
{gpxx:TrackPointExtension=, gpxx:Temperature=-9.00175857543945, gpxx:Depth=2.11106491088867}
assembleTrackPoint:
trkpt attribs [(lon:-110.53755942732096)(lat:24.605100564658642)]
time content [2010-03-21T16:48:49Z]
{gpxx:TrackPointExtension=, gpxx:Temperature=-9.00175857543945, gpxx:Depth=1.58922958374023}
assembleTrackPoint:
trkpt attribs [(lon:-110.5375365447253)(lat:24.605079609900713)]
time content [2010-03-21T16:48:50Z]
{gpxx:TrackPointExtension=, gpxx:Temperature=-9.00175857543945, gpxx:Depth=1.51807022094727}
assembleTrackPoint:
trkpt attribs [(lon:-110.53747552447021)(lat:24.605022361502051)]
time content [2010-03-21T16:48:52Z]
{gpxx:TrackPointExtension=, gpxx:Temperature=-9.00175857543945, gpxx:Depth=1.51807022094727}
assembleTrackPoint:
trkpt attribs [(lon:-110.5373153463006)(lat:24.604930831119418)]
time content [2010-03-21T16:48:57Z]
{gpxx:TrackPointExtension=, gpxx:Temperature=-9.00175857543945, gpxx:Depth=2.11106491088867}
assembleTrackPoint:
trkpt attribs [(lon:-110.53710169158876)(lat:24.604764869436622)]
time content [2010-03-21T16:49:03Z]
{gpxx:TrackPointExtension=, gpxx:Temperature=-9.00175857543945, gpxx:Depth=2.22966766357422}
assembleTrackPoint:
trkpt attribs [(lon:-110.53692625835538)(lat:24.604574181139469)]
time content [2010-03-21T16:49:10Z]
{gpxx:TrackPointExtension=, gpxx:Temperature=-9.00175857543945, gpxx:Depth=2.87009811401367}
assembleTrackPoint:
trkpt attribs [(lon:-110.53689574822783)(lat:24.604545515030622)]
time content [2010-03-21T16:49:11Z]
{gpxx:TrackPointExtension=, gpxx:Temperature=-9.00175857543945, gpxx:Depth=2.25338363647461}
assembleTrackPoint:
trkpt attribs [(lon:-110.53681938908994)(lat:24.604476867243648)]
time content [2010-03-21T16:49:14Z]
{gpxx:TrackPointExtension=, gpxx:Temperature=-9.00175857543945, gpxx:Depth=1.73154830932617}
assembleTrackPoint:
trkpt attribs [(lon:-110.53650657646358)(lat:24.60427662357688)]
time content [2010-03-21T16:49:24Z]
{gpxx:TrackPointExtension=, gpxx:Temperature=-9.00175857543945, gpxx:Depth=1.92131042480469}
assembleTrackPoint:
trkpt attribs [(lon:-110.53646843880415)(lat:24.604265140369534)]
time content [2010-03-21T16:49:25Z]
{gpxx:TrackPointExtension=, gpxx:Temperature=-9.00175857543945, gpxx:Depth=2.01618576049805}
assembleTrackPoint:
trkpt attribs [(lon:-110.53603358566761)(lat:24.604032458737493)]
time content [2010-03-21T16:49:38Z]
{gpxx:TrackPointExtension=, gpxx:Temperature=-9.00175857543945, gpxx:Depth=1.70782852172852}
assembleTrackPoint:
trkpt attribs [(lon:-110.53599544800818)(lat:24.60401913151145)]
time content [2010-03-21T16:49:39Z]
{gpxx:TrackPointExtension=, gpxx:Temperature=-9.00175857543945, gpxx:Depth=1.63666915893555}
assembleTrackPoint:
trkpt attribs [(lon:-110.53569789044559)(lat:24.603862725198269)]
time content [2010-03-21T16:49:48Z]
{gpxx:TrackPointExtension=, gpxx:Temperature=-9.00175857543945, gpxx:Depth=1.94503021240234}
assembleTrackPoint:
trkpt attribs [(lon:-110.53555296733975)(lat:24.603805476799607)]
time content [2010-03-21T16:49:52Z]
{gpxx:TrackPointExtension=, gpxx:Temperature=-9.00175857543945, gpxx:Depth=1.42319107055664}
assembleTrackPoint:
trkpt attribs [(lon:-110.53519438952208)(lat:24.60358427837491)]
time content [2010-03-21T16:50:03Z]
{gpxx:TrackPointExtension=, gpxx:Temperature=-9.00175857543945, gpxx:Depth=1.51807022094727}
assembleTrackPoint:
trkpt attribs [(lon:-110.53485106676817)(lat:24.603387806564569)]
time content [2010-03-21T16:50:14Z]
{gpxx:TrackPointExtension=, gpxx:Temperature=-9.00175857543945, gpxx:Depth=1.68410873413086}
assembleTrackPoint:
trkpt attribs [(lon:-110.53482055664062)(lat:24.603362996131182)]
time content [2010-03-21T16:50:15Z]
{gpxx:TrackPointExtension=, gpxx:Temperature=-9.00175857543945, gpxx:Depth=1.51807022094727}
assembleTrackPoint:
trkpt attribs [(lon:-110.53442375734448)(lat:24.603183707222342)]
time content [2010-03-21T16:50:26Z]
{gpxx:TrackPointExtension=, gpxx:Temperature=-9.00175857543945, gpxx:Depth=1.51807022094727}
assembleTrackPoint:
trkpt attribs [(lon:-110.53402704186738)(lat:24.603034928441048)]
time content [2010-03-21T16:50:37Z]
{gpxx:TrackPointExtension=, gpxx:Temperature=-9.00175857543945, gpxx:Depth=1.68410873413086}
assembleTrackPoint:
trkpt attribs [(lon:-110.53363795392215)(lat:24.602935770526528)]
time content [2010-03-21T16:50:47Z]
{gpxx:TrackPointExtension=, gpxx:Temperature=-9.00175857543945, gpxx:Depth=1.61294937133789}
assembleTrackPoint:
trkpt attribs [(lon:-110.53339378908277)(lat:24.60283275693655)]
time content [2010-03-21T16:50:53Z]
{gpxx:TrackPointExtension=, gpxx:Temperature=-9.00175857543945, gpxx:Depth=2.37198257446289}
assembleTrackPoint:
trkpt attribs [(lon:-110.53328700363636)(lat:24.602775508537889)]
time content [2010-03-21T16:50:56Z]
{gpxx:TrackPointExtension=, gpxx:Temperature=-9.00175857543945, gpxx:Depth=2.70406341552734}
assembleTrackPoint:
trkpt attribs [(lon:-110.53295893594623)(lat:24.602613402530551)]
time content [2010-03-21T16:51:05Z]
{gpxx:TrackPointExtension=, gpxx:Temperature=-9.00175857543945, gpxx:Depth=2.65662384033203}
assembleTrackPoint:
trkpt attribs [(lon:-110.53279875777662)(lat:24.602506617084146)]
time content [2010-03-21T16:51:10Z]
{gpxx:TrackPointExtension=, gpxx:Temperature=-9.00175857543945, gpxx:Depth=3.05986022949219}
assembleTrackPoint:
trkpt attribs [(lon:-110.53271477110684)(lat:24.602474179118872)]
time content [2010-03-21T16:51:12Z]
{gpxx:TrackPointExtension=, gpxx:Temperature=-9.00175857543945, gpxx:Depth=2.46686553955078}
assembleTrackPoint:
trkpt attribs [(lon:-110.53264612331986)(lat:24.602437969297171)]
time content [2010-03-21T16:51:14Z]
{gpxx:TrackPointExtension=, gpxx:Temperature=-9.00175857543945, gpxx:Depth=1.51807022094727}
assembleTrackPoint:
trkpt attribs [(lon:-110.53261561319232)(lat:24.602409303188324)]
time content [2010-03-21T16:51:15Z]
{gpxx:TrackPointExtension=, gpxx:Temperature=-9.00175857543945, gpxx:Depth=1.49435043334961}
assembleTrackPoint:
trkpt attribs [(lon:-110.53245543502271)(lat:24.60231970064342)]
time content [2010-03-21T16:51:20Z]
{gpxx:TrackPointExtension=, gpxx:Temperature=-9.00175857543945, gpxx:Depth=1.49435043334961}
assembleTrackPoint:
trkpt attribs [(lon:-110.53220364265144)(lat:24.602193804457784)]
time content [2010-03-21T16:51:27Z]
{gpxx:TrackPointExtension=, gpxx:Temperature=-9.00175857543945, gpxx:Depth=1.51807022094727}
assembleTrackPoint:
trkpt attribs [(lon:-110.53195947781205)(lat:24.602062208577991)]
time content [2010-03-21T16:51:34Z]
{gpxx:TrackPointExtension=, gpxx:Temperature=-9.00175857543945, gpxx:Depth=1.51807022094727}
assembleTrackPoint:
trkpt attribs [(lon:-110.53166954778135)(lat:24.601932456716895)]
time content [2010-03-21T16:51:42Z]
{gpxx:TrackPointExtension=, gpxx:Temperature=-9.00175857543945, gpxx:Depth=1.8264274597168}
assembleTrackPoint:
trkpt attribs [(lon:-110.5311279091984)(lat:24.601757023483515)]
time content [2010-03-21T16:51:56Z]
{gpxx:TrackPointExtension=, gpxx:Temperature=-9.00175857543945, gpxx:Depth=1.63666915893555}
assembleTrackPoint:
trkpt attribs [(lon:-110.5306548345834)(lat:24.601518558338284)]
time content [2010-03-21T16:52:09Z]
{gpxx:TrackPointExtension=, gpxx:Temperature=-9.00175857543945, gpxx:Depth=1.42319107055664}
assembleTrackPoint:
trkpt attribs [(lon:-110.53045651875436)(lat:24.601415628567338)]
time content [2010-03-21T16:52:15Z]
{gpxx:TrackPointExtension=, gpxx:Temperature=-9.00175857543945, gpxx:Depth=1.47063064575195}
assembleTrackPoint:
trkpt attribs [(lon:-110.53026574663818)(lat:24.601331641897559)]
time content [2010-03-21T16:52:20Z]
{gpxx:TrackPointExtension=, gpxx:Temperature=-9.00175857543945, gpxx:Depth=2.22966766357422}
assembleTrackPoint:
trkpt attribs [(lon:-110.53016658872366)(lat:24.601287804543972)]
time content [2010-03-21T16:52:23Z]
{gpxx:TrackPointExtension=, gpxx:Temperature=-9.00175857543945, gpxx:Depth=2.5854606628418}
assembleTrackPoint:
trkpt attribs [(lon:-110.53013607859612)(lat:24.601264921948314)]
time content [2010-03-21T16:52:24Z]
{gpxx:TrackPointExtension=, gpxx:Temperature=-9.00175857543945, gpxx:Depth=2.56174087524414}
assembleTrackPoint:
trkpt attribs [(lon:-110.52989191375673)(lat:24.601154280826449)]
time content [2010-03-21T16:52:31Z]
{gpxx:TrackPointExtension=, gpxx:Temperature=-9.00175857543945, gpxx:Depth=2.32454299926758}
assembleTrackPoint:
trkpt attribs [(lon:-110.52976224571466)(lat:24.601108515635133)]
time content [2010-03-21T16:52:34Z]
{gpxx:TrackPointExtension=, gpxx:Temperature=-9.00175857543945, gpxx:Depth=1.63666915893555}
assembleTrackPoint:
trkpt attribs [(lon:-110.52971648052335)(lat:24.601100888103247)]
time content [2010-03-21T16:52:35Z]
{gpxx:TrackPointExtension=, gpxx:Temperature=-9.00175857543945, gpxx:Depth=1.58922958374023}
assembleTrackPoint:
trkpt attribs [(lon:-110.5293426476419)(lat:24.600929226726294)]
time content [2010-03-21T16:52:46Z]
{gpxx:TrackPointExtension=, gpxx:Temperature=-9.00175857543945, gpxx:Depth=1.56550979614258}
assembleTrackPoint:
trkpt attribs [(lon:-110.52919001318514)(lat:24.60085479542613)]
time content [2010-03-21T16:52:50Z]
{gpxx:TrackPointExtension=, gpxx:Temperature=-9.00175857543945, gpxx:Depth=1.56550979614258}
assembleTrackPoint:
trkpt attribs [(lon:-110.52877804264426)(lat:24.600698389112949)]
time content [2010-03-21T16:53:01Z]
{gpxx:TrackPointExtension=, gpxx:Temperature=-9.00175857543945, gpxx:Depth=1.8264274597168}
assembleTrackPoint:
trkpt attribs [(lon:-110.5287017673254)(lat:24.600656479597092)]
time content [2010-03-21T16:53:03Z]
{gpxx:TrackPointExtension=, gpxx:Temperature=-9.00175857543945, gpxx:Depth=1.99246597290039}
assembleTrackPoint:
trkpt attribs [(lon:-110.52854150533676)(lat:24.60060115903616)]
time content [2010-03-21T16:53:07Z]
{gpxx:TrackPointExtension=, gpxx:Temperature=-9.00175857543945, gpxx:Depth=1.37575149536133}
assembleTrackPoint:
trkpt attribs [(lon:-110.52850336767733)(lat:24.600585903972387)]
time content [2010-03-21T16:53:08Z]
{gpxx:TrackPointExtension=, gpxx:Temperature=-9.00175857543945, gpxx:Depth=1.2808723449707}
assembleTrackPoint:
trkpt attribs [(lon:-110.52796935662627)(lat:24.600339811295271)]
time content [2010-03-21T16:53:23Z]
{gpxx:TrackPointExtension=, gpxx:Temperature=-9.00175857543945, gpxx:Depth=1.13855361938477}
assembleTrackPoint:
trkpt attribs [(lon:-110.52778621204197)(lat:24.600253980606794)]
time content [2010-03-21T16:53:28Z]
{gpxx:TrackPointExtension=, gpxx:Temperature=-9.00175857543945, gpxx:Depth=1.47063064575195}
assembleTrackPoint:
trkpt attribs [(lon:-110.52772519178689)(lat:24.600221626460552)]
time content [2010-03-21T16:53:30Z]
{gpxx:TrackPointExtension=, gpxx:Temperature=-9.00175857543945, gpxx:Depth=1.68410873413086}
assembleTrackPoint:
trkpt attribs [(lon:-110.52765654399991)(lat:24.600179633125663)]
time content [2010-03-21T16:53:32Z]
{gpxx:TrackPointExtension=, gpxx:Temperature=-9.00175857543945, gpxx:Depth=1.73154830932617}
assembleTrackPoint:
trkpt attribs [(lon:-110.52744288928807)(lat:24.60008810274303)]
time content [2010-03-21T16:53:38Z]
{gpxx:TrackPointExtension=, gpxx:Temperature=-9.00175857543945, gpxx:Depth=1.56550979614258}
assembleTrackPoint:
trkpt attribs [(lon:-110.52709956653416)(lat:24.599903030321002)]
time content [2010-03-21T16:53:48Z]
{gpxx:TrackPointExtension=, gpxx:Temperature=-9.00175857543945, gpxx:Depth=1.56550979614258}
assembleTrackPoint:
trkpt attribs [(lon:-110.52660369314253)(lat:24.599687531590462)]
time content [2010-03-21T16:54:02Z]
{gpxx:TrackPointExtension=, gpxx:Temperature=-9.00175857543945, gpxx:Depth=2.13478469848633}
assembleTrackPoint:
trkpt attribs [(lon:-110.52603146061301)(lat:24.599523497745395)]
time content [2010-03-21T16:54:17Z]
{gpxx:TrackPointExtension=, gpxx:Temperature=-9.00175857543945, gpxx:Depth=1.73154830932617}
assembleTrackPoint:
trkpt attribs [(lon:-110.52556609734893)(lat:24.599388046190143)]
time content [2010-03-21T16:54:29Z]
{gpxx:TrackPointExtension=, gpxx:Temperature=-9.00175857543945, gpxx:Depth=1.58922958374023}
assembleTrackPoint:
trkpt attribs [(lon:-110.52519218064845)(lat:24.599245050922036)]
time content [2010-03-21T16:54:39Z]
{gpxx:TrackPointExtension=, gpxx:Temperature=-9.00175857543945, gpxx:Depth=1.56550979614258}
assembleTrackPoint:
trkpt attribs [(lon:-110.52507014013827)(lat:24.599212612956762)]
time content [2010-03-21T16:54:42Z]
{gpxx:TrackPointExtension=, gpxx:Temperature=-9.00175857543945, gpxx:Depth=1.85014724731445}
assembleTrackPoint:
trkpt attribs [(lon:-110.52478021010756)(lat:24.599084788933396)]
time content [2010-03-21T16:54:50Z]
{gpxx:TrackPointExtension=, gpxx:Temperature=-9.00175857543945, gpxx:Depth=1.63666915893555}
assembleTrackPoint:
trkpt attribs [(lon:-110.52458952181041)(lat:24.599000886082649)]
time content [2010-03-21T16:54:55Z]
{gpxx:TrackPointExtension=, gpxx:Temperature=-9.00175857543945, gpxx:Depth=1.99246597290039}
assembleTrackPoint:
trkpt attribs [(lon:-110.52442163228989)(lat:24.59895889274776)]
time content [2010-03-21T16:54:59Z]
{gpxx:TrackPointExtension=, gpxx:Temperature=-9.00175857543945, gpxx:Depth=2.15850830078125}
assembleTrackPoint:
trkpt attribs [(lon:-110.52391050383449)(lat:24.598813969641924)]
time content [2010-03-21T16:55:12Z]
{gpxx:TrackPointExtension=, gpxx:Temperature=-9.00175857543945, gpxx:Depth=1.63666915893555}
assembleTrackPoint:
trkpt attribs [(lon:-110.52356718108058)(lat:24.598722439259291)]
time content [2010-03-21T16:55:21Z]
{gpxx:TrackPointExtension=, gpxx:Temperature=-9.00175857543945, gpxx:Depth=2.20594787597656}
assembleTrackPoint:
trkpt attribs [(lon:-110.52352904342115)(lat:24.598714811727405)]
time content [2010-03-21T16:55:22Z]
{gpxx:TrackPointExtension=, gpxx:Temperature=-9.00175857543945, gpxx:Depth=2.27710342407227}
assembleTrackPoint:
trkpt attribs [(lon:-110.52349090576172)(lat:24.598709028214216)]
time content [2010-03-21T16:55:23Z]
{gpxx:TrackPointExtension=, gpxx:Temperature=-9.00175857543945, gpxx:Depth=2.15850830078125}
assembleTrackPoint:
trkpt attribs [(lon:-110.52340691909194)(lat:24.598690001294017)]
time content [2010-03-21T16:55:25Z]
{gpxx:TrackPointExtension=, gpxx:Temperature=-9.00175857543945, gpxx:Depth=1.92131042480469}
assembleTrackPoint:
trkpt attribs [(lon:-110.52316283807158)(lat:24.598649935796857)]
time content [2010-03-21T16:55:31Z]
{gpxx:TrackPointExtension=, gpxx:Temperature=-9.00175857543945, gpxx:Depth=1.61294937133789}
assembleTrackPoint:
trkpt attribs [(lon:-110.52307122386992)(lat:24.598617497831583)]
time content [2010-03-21T16:55:33Z]
{gpxx:TrackPointExtension=, gpxx:Temperature=-9.00175857543945, gpxx:Depth=1.61294937133789}
assembleTrackPoint:
trkpt attribs [(lon:-110.52291104570031)(lat:24.598583215847611)]
time content [2010-03-21T16:55:37Z]
{gpxx:TrackPointExtension=, gpxx:Temperature=-9.00175857543945, gpxx:Depth=1.80270767211914}
assembleTrackPoint:
trkpt attribs [(lon:-110.52252958528697)(lat:24.598409626632929)]
time content [2010-03-21T16:55:47Z]
{gpxx:TrackPointExtension=, gpxx:Temperature=-9.00175857543945, gpxx:Depth=1.85014724731445}
assembleTrackPoint:
trkpt attribs [(lon:-110.52241508848965)(lat:24.598331423476338)]
time content [2010-03-21T16:55:50Z]
{gpxx:TrackPointExtension=, gpxx:Temperature=-9.00175857543945, gpxx:Depth=1.25715255737305}
assembleTrackPoint:
trkpt attribs [(lon:-110.52223202772439)(lat:24.598274175077677)]
time content [2010-03-21T16:55:55Z]
{gpxx:TrackPointExtension=, gpxx:Temperature=-9.00175857543945, gpxx:Depth=1.47063064575195}
assembleTrackPoint:
trkpt attribs [(lon:-110.521987862885)(lat:24.598113996908069)]
time content [2010-03-21T16:56:02Z]
{gpxx:TrackPointExtension=, gpxx:Temperature=-9.00175857543945, gpxx:Depth=1.8264274597168}
assembleTrackPoint:
trkpt attribs [(lon:-110.52195735275745)(lat:24.598094886168838)]
time content [2010-03-21T16:56:03Z]
{gpxx:TrackPointExtension=, gpxx:Temperature=-9.00175857543945, gpxx:Depth=1.89759063720703}
assembleTrackPoint:
trkpt attribs [(lon:-110.52185819484293)(lat:24.598026238381863)]
time content [2010-03-21T16:56:06Z]
{gpxx:TrackPointExtension=, gpxx:Temperature=-9.00175857543945, gpxx:Depth=1.8264274597168}
assembleTrackPoint:
trkpt attribs [(lon:-110.52163691259921)(lat:24.597927080467343)]
time content [2010-03-21T16:56:12Z]
{gpxx:TrackPointExtension=, gpxx:Temperature=-9.00175857543945, gpxx:Depth=1.25715255737305}
assembleTrackPoint:
trkpt attribs [(lon:-110.52139274775982)(lat:24.597797328606248)]
time content [2010-03-21T16:56:19Z]
{gpxx:TrackPointExtension=, gpxx:Temperature=-9.00175857543945, gpxx:Depth=1.61294937133789}
assembleTrackPoint:
trkpt attribs [(lon:-110.52136223763227)(lat:24.59777251817286)]
time content [2010-03-21T16:56:20Z]
{gpxx:TrackPointExtension=, gpxx:Temperature=-9.00175857543945, gpxx:Depth=1.70782852172852}
assembleTrackPoint:
trkpt attribs [(lon:-110.52132409997284)(lat:24.597753491252661)]
time content [2010-03-21T16:56:21Z]
{gpxx:TrackPointExtension=, gpxx:Temperature=-9.00175857543945, gpxx:Depth=1.80270767211914}
assembleTrackPoint:
trkpt attribs [(lon:-110.52114103920758)(lat:24.5976772159338)]
time content [2010-03-21T16:56:26Z]
{gpxx:TrackPointExtension=, gpxx:Temperature=-9.00175857543945, gpxx:Depth=2.22966766357422}
assembleTrackPoint:
trkpt attribs [(lon:-110.52059168927372)(lat:24.597349148243666)]
time content [2010-03-21T16:56:42Z]
{gpxx:TrackPointExtension=, gpxx:Temperature=-9.00175857543945, gpxx:Depth=2.06362533569336}
assembleTrackPoint:
trkpt attribs [(lon:-110.52024836651981)(lat:24.59712409414351)]
time content [2010-03-21T16:56:53Z]
{gpxx:TrackPointExtension=, gpxx:Temperature=-9.00175857543945, gpxx:Depth=1.68410873413086}
assembleTrackPoint:
trkpt attribs [(lon:-110.5200881883502)(lat:24.597026780247688)]
time content [2010-03-21T16:56:58Z]
{gpxx:TrackPointExtension=, gpxx:Temperature=-9.00175857543945, gpxx:Depth=2.32454299926758}
assembleTrackPoint:
trkpt attribs [(lon:-110.52004996687174)(lat:24.597005825489759)]
time content [2010-03-21T16:56:59Z]
{gpxx:TrackPointExtension=, gpxx:Temperature=-9.00175857543945, gpxx:Depth=2.53802490234375}
assembleTrackPoint:
trkpt attribs [(lon:-110.51994318142533)(lat:24.596952432766557)]
time content [2010-03-21T16:57:02Z]
{gpxx:TrackPointExtension=, gpxx:Temperature=-9.00175857543945, gpxx:Depth=2.89381790161133}
assembleTrackPoint:
trkpt attribs [(lon:-110.51981351338327)(lat:24.59688370116055)]
time content [2010-03-21T16:57:06Z]
{gpxx:TrackPointExtension=, gpxx:Temperature=-9.00175857543945, gpxx:Depth=3.20217895507813}
assembleTrackPoint:
trkpt attribs [(lon:-110.51970664411783)(lat:24.59682653658092)]
time content [2010-03-21T16:57:09Z]
{gpxx:TrackPointExtension=, gpxx:Temperature=-9.00175857543945, gpxx:Depth=2.53802490234375}
assembleTrackPoint:
trkpt attribs [(lon:-110.5196685064584)(lat:24.596815053373575)]
time content [2010-03-21T16:57:10Z]
{gpxx:TrackPointExtension=, gpxx:Temperature=-9.00175857543945, gpxx:Depth=2.37198257446289}
assembleTrackPoint:
trkpt attribs [(lon:-110.519561721012)(lat:24.596778843551874)]
time content [2010-03-21T16:57:13Z]
{gpxx:TrackPointExtension=, gpxx:Temperature=-9.00175857543945, gpxx:Depth=2.06362533569336}
assembleTrackPoint:
trkpt attribs [(lon:-110.51912686787546)(lat:24.596534678712487)]
time content [2010-03-21T16:57:26Z]
{gpxx:TrackPointExtension=, gpxx:Temperature=-9.00175857543945, gpxx:Depth=1.68410873413086}
assembleTrackPoint:
trkpt attribs [(lon:-110.5186309106648)(lat:24.596275258809328)]
time content [2010-03-21T16:57:40Z]
{gpxx:TrackPointExtension=, gpxx:Temperature=-9.00175857543945, gpxx:Depth=1.94503021240234}
assembleTrackPoint:
trkpt attribs [(lon:-110.51815029233694)(lat:24.596067387610674)]
time content [2010-03-21T16:57:53Z]
{gpxx:TrackPointExtension=, gpxx:Temperature=-9.00175857543945, gpxx:Depth=2.34826278686523}
assembleTrackPoint:
trkpt attribs [(lon:-110.5177154392004)(lat:24.595865216106176)]
time content [2010-03-21T16:58:05Z]
{gpxx:TrackPointExtension=, gpxx:Temperature=-9.00175857543945, gpxx:Depth=2.75150299072266}
assembleTrackPoint:
trkpt attribs [(lon:-110.51752466708422)(lat:24.595790784806013)]
time content [2010-03-21T16:58:10Z]
{gpxx:TrackPointExtension=, gpxx:Temperature=-9.00175857543945, gpxx:Depth=1.92131042480469}
assembleTrackPoint:
trkpt attribs [(lon:-110.51745601929724)(lat:24.595758430659771)]
time content [2010-03-21T16:58:12Z]
{gpxx:TrackPointExtension=, gpxx:Temperature=-9.00175857543945, gpxx:Depth=1.68410873413086}
assembleTrackPoint:
trkpt attribs [(lon:-110.51741788163781)(lat:24.595741247758269)]
time content [2010-03-21T16:58:13Z]
{gpxx:TrackPointExtension=, gpxx:Temperature=-9.00175857543945, gpxx:Depth=1.58922958374023}
assembleTrackPoint:
trkpt attribs [(lon:-110.51699828356504)(lat:24.595500938594341)]
time content [2010-03-21T16:58:26Z]
{gpxx:TrackPointExtension=, gpxx:Temperature=-9.00175857543945, gpxx:Depth=1.61294937133789}
assembleTrackPoint:
trkpt attribs [(lon:-110.51660911180079)(lat:24.595275800675154)]
time content [2010-03-21T16:58:38Z]
{gpxx:TrackPointExtension=, gpxx:Temperature=-9.00175857543945, gpxx:Depth=1.49435043334961}
assembleTrackPoint:
trkpt attribs [(lon:-110.51654046401381)(lat:24.595251074060798)]
time content [2010-03-21T16:58:40Z]
{gpxx:TrackPointExtension=, gpxx:Temperature=-9.00175857543945, gpxx:Depth=1.47063064575195}
assembleTrackPoint:
trkpt attribs [(lon:-110.51631163805723)(lat:24.595138505101204)]
time content [2010-03-21T16:58:46Z]
{gpxx:TrackPointExtension=, gpxx:Temperature=-9.00175857543945, gpxx:Depth=2.06362533569336}
assembleTrackPoint:
trkpt attribs [(lon:-110.51625053398311)(lat:24.595102295279503)]
time content [2010-03-21T16:58:48Z]
{gpxx:TrackPointExtension=, gpxx:Temperature=-9.00175857543945, gpxx:Depth=2.34826278686523}
assembleTrackPoint:
trkpt attribs [(lon:-110.51605221815407)(lat:24.594980170950294)]
time content [2010-03-21T16:58:54Z]
{gpxx:TrackPointExtension=, gpxx:Temperature=-9.00175857543945, gpxx:Depth=1.70782852172852}
assembleTrackPoint:
trkpt attribs [(lon:-110.51591483876109)(lat:24.59488864056766)]
time content [2010-03-21T16:58:58Z]
{gpxx:TrackPointExtension=, gpxx:Temperature=-9.00175857543945, gpxx:Depth=1.70782852172852}
assembleTrackPoint:
trkpt attribs [(lon:-110.51576991565526)(lat:24.594806665554643)]
time content [2010-03-21T16:59:02Z]
{gpxx:TrackPointExtension=, gpxx:Temperature=-9.00175857543945, gpxx:Depth=2.0399055480957}
assembleTrackPoint:
trkpt attribs [(lon:-110.51570126786828)(lat:24.594762744382024)]
time content [2010-03-21T16:59:04Z]
{gpxx:TrackPointExtension=, gpxx:Temperature=-9.00175857543945, gpxx:Depth=1.89759063720703}
assembleTrackPoint:
trkpt attribs [(lon:-110.51558677107096)(lat:24.594728462398052)]
time content [2010-03-21T16:59:07Z]
{gpxx:TrackPointExtension=, gpxx:Temperature=-9.00175857543945, gpxx:Depth=1.85014724731445}
assembleTrackPoint:
trkpt attribs [(lon:-110.51532743498683)(lat:24.594572056084871)]
time content [2010-03-21T16:59:15Z]
{gpxx:TrackPointExtension=, gpxx:Temperature=-9.00175857543945, gpxx:Depth=1.63666915893555}
assembleTrackPoint:
trkpt attribs [(lon:-110.51507564261556)(lat:24.59445571526885)]
time content [2010-03-21T16:59:22Z]
{gpxx:TrackPointExtension=, gpxx:Temperature=-9.00175857543945, gpxx:Depth=2.20594787597656}
assembleTrackPoint:
trkpt attribs [(lon:-110.51476282998919)(lat:24.594284053891897)]
time content [2010-03-21T16:59:31Z]
{gpxx:TrackPointExtension=, gpxx:Temperature=-9.00175857543945, gpxx:Depth=2.41942596435547}
assembleTrackPoint:
trkpt attribs [(lon:-110.51451103761792)(lat:24.594125719740987)]
time content [2010-03-21T16:59:39Z]
{gpxx:TrackPointExtension=, gpxx:Temperature=-9.00175857543945, gpxx:Depth=1.89759063720703}
assembleTrackPoint:
trkpt attribs [(lon:-110.51446527242661)(lat:24.594070399180055)]
time content [2010-03-21T16:59:41Z]
{gpxx:TrackPointExtension=, gpxx:Temperature=-9.00175857543945, gpxx:Depth=1.85014724731445}
assembleTrackPoint:
trkpt attribs [(lon:-110.51408381201327)(lat:24.593852972611785)]
time content [2010-03-21T16:59:53Z]
{gpxx:TrackPointExtension=, gpxx:Temperature=-9.00175857543945, gpxx:Depth=2.11106491088867}
assembleTrackPoint:
trkpt attribs [(lon:-110.51369472406805)(lat:24.593681311234832)]
time content [2010-03-21T17:00:04Z]
{gpxx:TrackPointExtension=, gpxx:Temperature=-9.00175857543945, gpxx:Depth=1.77898788452148}
assembleTrackPoint:
trkpt attribs [(lon:-110.513427676633)(lat:24.59358592517674)]
time content [2010-03-21T17:00:11Z]
{gpxx:TrackPointExtension=, gpxx:Temperature=-9.00175857543945, gpxx:Depth=1.89759063720703}
assembleTrackPoint:
trkpt attribs [(lon:-110.51315300166607)(lat:24.59350579418242)]
time content [2010-03-21T17:00:18Z]
{gpxx:TrackPointExtension=, gpxx:Temperature=-9.00175857543945, gpxx:Depth=1.70782852172852}
assembleTrackPoint:
trkpt attribs [(lon:-110.51274865865707)(lat:24.593400936573744)]
time content [2010-03-21T17:00:28Z]
{gpxx:TrackPointExtension=, gpxx:Temperature=-9.00175857543945, gpxx:Depth=1.89759063720703}
assembleTrackPoint:
trkpt attribs [(lon:-110.51246635615826)(lat:24.593330360949039)]
time content [2010-03-21T17:00:35Z]
{gpxx:TrackPointExtension=, gpxx:Temperature=-9.00175857543945, gpxx:Depth=1.73154830932617}
assembleTrackPoint:
trkpt attribs [(lon:-110.51225278526545)(lat:24.593227347359061)]
time content [2010-03-21T17:00:41Z]
{gpxx:TrackPointExtension=, gpxx:Temperature=-9.00175857543945, gpxx:Depth=1.92131042480469}
assembleTrackPoint:
trkpt attribs [(lon:-110.51187132485211)(lat:24.592994665727019)]
time content [2010-03-21T17:00:53Z]
{gpxx:TrackPointExtension=, gpxx:Temperature=-9.00175857543945, gpxx:Depth=1.63666915893555}
assembleTrackPoint:
trkpt attribs [(lon:-110.51139825023711)(lat:24.59277531132102)]
time content [2010-03-21T17:01:06Z]
{gpxx:TrackPointExtension=, gpxx:Temperature=-9.00175857543945, gpxx:Depth=1.56550979614258}
assembleTrackPoint:
trkpt attribs [(lon:-110.51091763190925)(lat:24.59257691167295)]
time content [2010-03-21T17:01:19Z]
{gpxx:TrackPointExtension=, gpxx:Temperature=-9.00175857543945, gpxx:Depth=1.35203170776367}
assembleTrackPoint:
trkpt attribs [(lon:-110.51087949424982)(lat:24.59255788475275)]
time content [2010-03-21T17:01:20Z]
{gpxx:TrackPointExtension=, gpxx:Temperature=-9.00175857543945, gpxx:Depth=1.35203170776367}
assembleTrackPoint:
trkpt attribs [(lon:-110.51065821200609)(lat:24.592481609433889)]
time content [2010-03-21T17:01:26Z]
{gpxx:TrackPointExtension=, gpxx:Temperature=-9.00175857543945, gpxx:Depth=1.42319107055664}
assembleTrackPoint:
trkpt attribs [(lon:-110.51046752370894)(lat:24.592389995232224)]
time content [2010-03-21T17:01:31Z]
{gpxx:TrackPointExtension=, gpxx:Temperature=-9.00175857543945, gpxx:Depth=1.58922958374023}
assembleTrackPoint:
trkpt attribs [(lon:-110.51018522121012)(lat:24.592298464849591)]
time content [2010-03-21T17:01:38Z]
{gpxx:TrackPointExtension=, gpxx:Temperature=-9.00175857543945, gpxx:Depth=1.89759063720703}
assembleTrackPoint:
trkpt attribs [(lon:-110.50973502919078)(lat:24.592065783217549)]
time content [2010-03-21T17:01:52Z]
{gpxx:TrackPointExtension=, gpxx:Temperature=-9.00175857543945, gpxx:Depth=1.58922958374023}
assembleTrackPoint:
trkpt attribs [(lon:-110.50923152826726)(lat:24.591825474053621)]
time content [2010-03-21T17:02:06Z]
{gpxx:TrackPointExtension=, gpxx:Temperature=-9.00175857543945, gpxx:Depth=1.89759063720703}
assembleTrackPoint:
trkpt attribs [(lon:-110.50900261849165)(lat:24.591735787689686)]
time content [2010-03-21T17:02:12Z]
{gpxx:TrackPointExtension=, gpxx:Temperature=-9.00175857543945, gpxx:Depth=1.92131042480469}
assembleTrackPoint:
trkpt attribs [(lon:-110.50863641314209)(lat:24.591541243717074)]
time content [2010-03-21T17:02:23Z]
{gpxx:TrackPointExtension=, gpxx:Temperature=-9.00175857543945, gpxx:Depth=1.77898788452148}
assembleTrackPoint:
trkpt attribs [(lon:-110.50820918753743)(lat:24.591365810483694)]
time content [2010-03-21T17:02:35Z]
{gpxx:TrackPointExtension=, gpxx:Temperature=-9.00175857543945, gpxx:Depth=1.61294937133789}
assembleTrackPoint:
trkpt attribs [(lon:-110.50795739516616)(lat:24.591247541829944)]
time content [2010-03-21T17:02:42Z]
{gpxx:TrackPointExtension=, gpxx:Temperature=-9.00175857543945, gpxx:Depth=2.46686553955078}
assembleTrackPoint:
trkpt attribs [(lon:-110.5078811198473)(lat:24.591226503252983)]
time content [2010-03-21T17:02:44Z]
{gpxx:TrackPointExtension=, gpxx:Temperature=-9.00175857543945, gpxx:Depth=2.75150299072266}
assembleTrackPoint:
trkpt attribs [(lon:-110.50784298218787)(lat:24.591207476332784)]
time content [2010-03-21T17:02:45Z]
{gpxx:TrackPointExtension=, gpxx:Temperature=-9.00175857543945, gpxx:Depth=2.79894256591797}
assembleTrackPoint:
trkpt attribs [(lon:-110.50773619674146)(lat:24.591169338673353)]
time content [2010-03-21T17:02:48Z]
{gpxx:TrackPointExtension=, gpxx:Temperature=-9.00175857543945, gpxx:Depth=2.44314575195313}
assembleTrackPoint:
trkpt attribs [(lon:-110.50769805908203)(lat:24.591152155771852)]
time content [2010-03-21T17:02:49Z]
{gpxx:TrackPointExtension=, gpxx:Temperature=-9.00175857543945, gpxx:Depth=2.37198257446289}
assembleTrackPoint:
trkpt attribs [(lon:-110.50751491449773)(lat:24.591073952615261)]
time content [2010-03-21T17:02:54Z]
{gpxx:TrackPointExtension=, gpxx:Temperature=-9.00175857543945, gpxx:Depth=2.53802490234375}
assembleTrackPoint:
trkpt attribs [(lon:-110.50744626671076)(lat:24.591060625389218)]
time content [2010-03-21T17:02:56Z]
{gpxx:TrackPointExtension=, gpxx:Temperature=-9.00175857543945, gpxx:Depth=2.68034362792969}
assembleTrackPoint:
trkpt attribs [(lon:-110.50728600472212)(lat:24.590980494394898)]
time content [2010-03-21T17:03:00Z]
{gpxx:TrackPointExtension=, gpxx:Temperature=-9.00175857543945, gpxx:Depth=2.32454299926758}
assembleTrackPoint:
trkpt attribs [(lon:-110.5072402395308)(lat:24.590965239331126)]
time content [2010-03-21T17:03:01Z]
{gpxx:TrackPointExtension=, gpxx:Temperature=-9.00175857543945, gpxx:Depth=2.22966766357422}
assembleTrackPoint:
trkpt attribs [(lon:-110.50708768889308)(lat:24.590951912105083)]
time content [2010-03-21T17:03:05Z]
{gpxx:TrackPointExtension=, gpxx:Temperature=-9.00175857543945, gpxx:Depth=2.13478469848633}
assembleTrackPoint:
trkpt attribs [(lon:-110.50662224180996)(lat:24.590745884925127)]
time content [2010-03-21T17:03:18Z]
{gpxx:TrackPointExtension=, gpxx:Temperature=-9.00175857543945, gpxx:Depth=2.34826278686523}
assembleTrackPoint:
trkpt attribs [(lon:-110.5062560364604)(lat:24.590579923242331)]
time content [2010-03-21T17:03:29Z]
{gpxx:TrackPointExtension=, gpxx:Temperature=-9.00175857543945, gpxx:Depth=1.68410873413086}
assembleTrackPoint:
trkpt attribs [(lon:-110.50621789880097)(lat:24.590574223548174)]
time content [2010-03-21T17:03:30Z]
{gpxx:TrackPointExtension=, gpxx:Temperature=-9.00175857543945, gpxx:Depth=1.61294937133789}
assembleTrackPoint:
trkpt attribs [(lon:-110.50617976114154)(lat:24.590564668178558)]
time content [2010-03-21T17:03:31Z]
{gpxx:TrackPointExtension=, gpxx:Temperature=-9.00175857543945, gpxx:Depth=1.58922958374023}
assembleTrackPoint:
trkpt attribs [(lon:-110.50587457604706)(lat:24.590484537184238)]
time content [2010-03-21T17:03:39Z]
{gpxx:TrackPointExtension=, gpxx:Temperature=-9.00175857543945, gpxx:Depth=1.58922958374023}
assembleTrackPoint:
trkpt attribs [(lon:-110.50530242733657)(lat:24.590255711227655)]
time content [2010-03-21T17:03:54Z]
{gpxx:TrackPointExtension=, gpxx:Temperature=-9.00175857543945, gpxx:Depth=1.56550979614258}
assembleTrackPoint:
trkpt attribs [(lon:-110.50489800050855)(lat:24.590066866949201)]
time content [2010-03-21T17:04:06Z]
{gpxx:TrackPointExtension=, gpxx:Temperature=-9.00175857543945, gpxx:Depth=1.85014724731445}
assembleTrackPoint:
trkpt attribs [(lon:-110.50476833246648)(lat:24.589994363486767)]
time content [2010-03-21T17:04:10Z]
{gpxx:TrackPointExtension=, gpxx:Temperature=-9.00175857543945, gpxx:Depth=2.41942596435547}
assembleTrackPoint:
trkpt attribs [(lon:-110.50465391948819)(lat:24.589925715699792)]
time content [2010-03-21T17:04:14Z]
{gpxx:TrackPointExtension=, gpxx:Temperature=-9.00175857543945, gpxx:Depth=1.8264274597168}
assembleTrackPoint:
trkpt attribs [(lon:-110.50427245907485)(lat:24.589702589437366)]
time content [2010-03-21T17:04:26Z]
{gpxx:TrackPointExtension=, gpxx:Temperature=-9.00175857543945, gpxx:Depth=1.73154830932617}
assembleTrackPoint:
trkpt attribs [(lon:-110.50389854237437)(lat:24.589567137882113)]
time content [2010-03-21T17:04:36Z]
{gpxx:TrackPointExtension=, gpxx:Temperature=-9.00175857543945, gpxx:Depth=1.99246597290039}
assembleTrackPoint:
trkpt attribs [(lon:-110.50368497148156)(lat:24.589498490095139)]
time content [2010-03-21T17:04:42Z]
{gpxx:TrackPointExtension=, gpxx:Temperature=-9.00175857543945, gpxx:Depth=1.94503021240234}
assembleTrackPoint:
trkpt attribs [(lon:-110.50327300094068)(lat:24.589340155944228)]
time content [2010-03-21T17:04:53Z]
{gpxx:TrackPointExtension=, gpxx:Temperature=-9.00175857543945, gpxx:Depth=1.35203170776367}
assembleTrackPoint:
trkpt attribs [(lon:-110.50309748388827)(lat:24.589284835383296)]
time content [2010-03-21T17:04:58Z]
{gpxx:TrackPointExtension=, gpxx:Temperature=-9.00175857543945, gpxx:Depth=1.30459022521973}
assembleTrackPoint:
trkpt attribs [(lon:-110.50270839594305)(lat:24.58919707685709)]
time content [2010-03-21T17:05:08Z]
{gpxx:TrackPointExtension=, gpxx:Temperature=-9.00175857543945, gpxx:Depth=1.73154830932617}
assembleTrackPoint:
trkpt attribs [(lon:-110.50267025828362)(lat:24.589187605306506)]
time content [2010-03-21T17:05:09Z]
{gpxx:TrackPointExtension=, gpxx:Temperature=-9.00175857543945, gpxx:Depth=1.73154830932617}
assembleTrackPoint:
trkpt attribs [(lon:-110.50229642540216)(lat:24.589071264490485)]
time content [2010-03-21T17:05:19Z]
{gpxx:TrackPointExtension=, gpxx:Temperature=-9.00175857543945, gpxx:Depth=1.39947128295898}
assembleTrackPoint:
trkpt attribs [(lon:-110.50196835771203)(lat:24.588890047743917)]
time content [2010-03-21T17:05:29Z]
{gpxx:TrackPointExtension=, gpxx:Temperature=-9.00175857543945, gpxx:Depth=1.56550979614258}
assembleTrackPoint:
trkpt attribs [(lon:-110.5017470754683)(lat:24.588762223720551)]
time content [2010-03-21T17:05:36Z]
{gpxx:TrackPointExtension=, gpxx:Temperature=-9.00175857543945, gpxx:Depth=1.63666915893555}
assembleTrackPoint:
trkpt attribs [(lon:-110.50141138024628)(lat:24.588609673082829)]
time content [2010-03-21T17:05:46Z]
{gpxx:TrackPointExtension=, gpxx:Temperature=-9.00175857543945, gpxx:Depth=1.94503021240234}
assembleTrackPoint:
trkpt attribs [(lon:-110.50138087011874)(lat:24.588592490181327)]
time content [2010-03-21T17:05:47Z]
{gpxx:TrackPointExtension=, gpxx:Temperature=-9.00175857543945, gpxx:Depth=2.01618576049805}
assembleTrackPoint:
trkpt attribs [(lon:-110.50092313438654)(lat:24.588361736387014)]
time content [2010-03-21T17:06:01Z]
{gpxx:TrackPointExtension=, gpxx:Temperature=-9.00175857543945, gpxx:Depth=2.06362533569336}
assembleTrackPoint:
trkpt attribs [(lon:-110.50071710720658)(lat:24.588262494653463)]
time content [2010-03-21T17:06:07Z]
{gpxx:TrackPointExtension=, gpxx:Temperature=-9.00175857543945, gpxx:Depth=1.58922958374023}
assembleTrackPoint:
trkpt attribs [(lon:-110.50064083188772)(lat:24.588235840201378)]
time content [2010-03-21T17:06:09Z]
{gpxx:TrackPointExtension=, gpxx:Temperature=-9.00175857543945, gpxx:Depth=1.58922958374023}
assembleTrackPoint:
trkpt attribs [(lon:-110.50048056989908)(lat:24.588155709207058)]
time content [2010-03-21T17:06:14Z]
{gpxx:TrackPointExtension=, gpxx:Temperature=-9.00175857543945, gpxx:Depth=1.37575149536133}
assembleTrackPoint:
trkpt attribs [(lon:-110.5001983512193)(lat:24.588008858263493)]
time content [2010-03-21T17:06:23Z]
{gpxx:TrackPointExtension=, gpxx:Temperature=-9.00175857543945, gpxx:Depth=1.77898788452148}
assembleTrackPoint:
trkpt attribs [(lon:-110.49992367625237)(lat:24.587921099737287)]
time content [2010-03-21T17:06:31Z]
{gpxx:TrackPointExtension=, gpxx:Temperature=-9.00175857543945, gpxx:Depth=2.15850830078125}
assembleTrackPoint:
trkpt attribs [(lon:-110.49964137375355)(lat:24.587825713679194)]
time content [2010-03-21T17:06:39Z]
{gpxx:TrackPointExtension=, gpxx:Temperature=-9.00175857543945, gpxx:Depth=2.65662384033203}
assembleTrackPoint:
trkpt attribs [(lon:-110.49936669878662)(lat:24.587774248793721)]
time content [2010-03-21T17:06:46Z]
{gpxx:TrackPointExtension=, gpxx:Temperature=-9.00175857543945, gpxx:Depth=2.65662384033203}
assembleTrackPoint:
trkpt attribs [(lon:-110.49920652061701)(lat:24.587739882990718)]
time content [2010-03-21T17:06:50Z]
{gpxx:TrackPointExtension=, gpxx:Temperature=-9.00175857543945, gpxx:Depth=1.80270767211914}
assembleTrackPoint:
trkpt attribs [(lon:-110.49913787283003)(lat:24.587720856070518)]
time content [2010-03-21T17:06:52Z]
{gpxx:TrackPointExtension=, gpxx:Temperature=-9.00175857543945, gpxx:Depth=1.61294937133789}
assembleTrackPoint:
trkpt attribs [(lon:-110.49869530834258)(lat:24.587589260190725)]
time content [2010-03-21T17:07:04Z]
{gpxx:TrackPointExtension=, gpxx:Temperature=-9.00175857543945, gpxx:Depth=1.8264274597168}
assembleTrackPoint:
trkpt attribs [(lon:-110.49831384792924)(lat:24.587469063699245)]
time content [2010-03-21T17:07:15Z]
{gpxx:TrackPointExtension=, gpxx:Temperature=-9.00175857543945, gpxx:Depth=2.41942596435547}
assembleTrackPoint:
trkpt attribs [(lon:-110.49825282767415)(lat:24.587430926039815)]
time content [2010-03-21T17:07:17Z]
{gpxx:TrackPointExtension=, gpxx:Temperature=-9.00175857543945, gpxx:Depth=2.34826278686523}
assembleTrackPoint:
trkpt attribs [(lon:-110.49779509194195)(lat:24.587367977946997)]
time content [2010-03-21T17:07:29Z]
{gpxx:TrackPointExtension=, gpxx:Temperature=-9.00175857543945, gpxx:Depth=1.77898788452148}
assembleTrackPoint:
trkpt attribs [(lon:-110.49776458181441)(lat:24.587348867207766)]
time content [2010-03-21T17:07:30Z]
{gpxx:TrackPointExtension=, gpxx:Temperature=-9.00175857543945, gpxx:Depth=1.70782852172852}
assembleTrackPoint:
trkpt attribs [(lon:-110.49761194735765)(lat:24.587291702628136)]
time content [2010-03-21T17:07:34Z]
{gpxx:TrackPointExtension=, gpxx:Temperature=-9.00175857543945, gpxx:Depth=1.58922958374023}
assembleTrackPoint:
trkpt attribs [(lon:-110.49703208729625)(lat:24.587135296314955)]
time content [2010-03-21T17:07:49Z]
{gpxx:TrackPointExtension=, gpxx:Temperature=-9.00175857543945, gpxx:Depth=1.39947128295898}
assembleTrackPoint:
trkpt attribs [(lon:-110.49666588194668)(lat:24.586959779262543)]
time content [2010-03-21T17:08:00Z]
{gpxx:TrackPointExtension=, gpxx:Temperature=-9.00175857543945, gpxx:Depth=1.49435043334961}
assembleTrackPoint:
trkpt attribs [(lon:-110.49639891833067)(lat:24.58682625554502)]
time content [2010-03-21T17:08:08Z]
{gpxx:TrackPointExtension=, gpxx:Temperature=-9.00175857543945, gpxx:Depth=1.56550979614258}
assembleTrackPoint:
trkpt attribs [(lon:-110.49611661583185)(lat:24.586597429588437)]
time content [2010-03-21T17:08:18Z]
{gpxx:TrackPointExtension=, gpxx:Temperature=-9.00175857543945, gpxx:Depth=1.58922958374023}
assembleTrackPoint:
trkpt attribs [(lon:-110.49599449150264)(lat:24.58652869798243)]
time content [2010-03-21T17:08:22Z]
{gpxx:TrackPointExtension=, gpxx:Temperature=-9.00175857543945, gpxx:Depth=1.56550979614258}
assembleTrackPoint:
trkpt attribs [(lon:-110.49558252096176)(lat:24.586242623627186)]
time content [2010-03-21T17:08:36Z]
{gpxx:TrackPointExtension=, gpxx:Temperature=-9.00175857543945, gpxx:Depth=1.56550979614258}
assembleTrackPoint:
trkpt attribs [(lon:-110.49517817795277)(lat:24.586080517619848)]
time content [2010-03-21T17:08:48Z]
{gpxx:TrackPointExtension=, gpxx:Temperature=-9.00175857543945, gpxx:Depth=1.61294937133789}
assembleTrackPoint:
trkpt attribs [(lon:-110.4948119726032)(lat:24.585876418277621)]
time content [2010-03-21T17:08:59Z]
{gpxx:TrackPointExtension=, gpxx:Temperature=-9.00175857543945, gpxx:Depth=1.73154830932617}
assembleTrackPoint:
trkpt attribs [(lon:-110.49440762959421)(lat:24.58567994646728)]
time content [2010-03-21T17:09:11Z]
{gpxx:TrackPointExtension=, gpxx:Temperature=-9.00175857543945, gpxx:Depth=1.61294937133789}
assembleTrackPoint:
trkpt attribs [(lon:-110.493881162256)(lat:24.585405271500349)]
time content [2010-03-21T17:09:26Z]
{gpxx:TrackPointExtension=, gpxx:Temperature=-9.00175857543945, gpxx:Depth=1.35203170776367}
assembleTrackPoint:
trkpt attribs [(lon:-110.49373623915017)(lat:24.585315668955445)]
time content [2010-03-21T17:09:31Z]
{gpxx:TrackPointExtension=, gpxx:Temperature=-9.00175857543945, gpxx:Depth=1.58922958374023}
assembleTrackPoint:
trkpt attribs [(lon:-110.49341579899192)(lat:24.585092542693019)]
time content [2010-03-21T17:09:41Z]
{gpxx:TrackPointExtension=, gpxx:Temperature=-9.00175857543945, gpxx:Depth=1.68410873413086}
assembleTrackPoint:
trkpt attribs [(lon:-110.49329375848174)(lat:24.585039066150784)]
time content [2010-03-21T17:09:45Z]
{gpxx:TrackPointExtension=, gpxx:Temperature=-9.00175857543945, gpxx:Depth=1.8264274597168}
assembleTrackPoint:
trkpt attribs [(lon:-110.49323265440762)(lat:24.584991373121738)]
time content [2010-03-21T17:09:47Z]
{gpxx:TrackPointExtension=, gpxx:Temperature=-9.00175857543945, gpxx:Depth=1.85014724731445}
assembleTrackPoint:
trkpt attribs [(lon:-110.4930801037699)(lat:24.584903698414564)]
time content [2010-03-21T17:09:52Z]
{gpxx:TrackPointExtension=, gpxx:Temperature=-9.00175857543945, gpxx:Depth=1.80270767211914}
assembleTrackPoint:
trkpt attribs [(lon:-110.4928435664624)(lat:24.584720553830266)]
time content [2010-03-21T17:10:01Z]
{gpxx:TrackPointExtension=, gpxx:Temperature=-9.00175857543945, gpxx:Depth=1.58922958374023}
assembleTrackPoint:
trkpt attribs [(lon:-110.49248498864472)(lat:24.584537493065)]
time content [2010-03-21T17:10:12Z]
{gpxx:TrackPointExtension=, gpxx:Temperature=-9.00175857543945, gpxx:Depth=1.56550979614258}
assembleTrackPoint:
trkpt attribs [(lon:-110.49230955541134)(lat:24.584447806701064)]
time content [2010-03-21T17:10:17Z]
{gpxx:TrackPointExtension=, gpxx:Temperature=-9.00175857543945, gpxx:Depth=1.99246597290039}
assembleTrackPoint:
trkpt attribs [(lon:-110.4922026861459)(lat:24.584400113672018)]
time content [2010-03-21T17:10:20Z]
{gpxx:TrackPointExtension=, gpxx:Temperature=-9.00175857543945, gpxx:Depth=1.85014724731445}
assembleTrackPoint:
trkpt attribs [(lon:-110.49195097759366)(lat:24.584257118403912)]
time content [2010-03-21T17:10:28Z]
{gpxx:TrackPointExtension=, gpxx:Temperature=-9.00175857543945, gpxx:Depth=1.35203170776367}
assembleTrackPoint:
trkpt attribs [(lon:-110.49161528237164)(lat:24.584075901657343)]
time content [2010-03-21T17:10:38Z]
{gpxx:TrackPointExtension=, gpxx:Temperature=-9.00175857543945, gpxx:Depth=1.37575149536133}
assembleTrackPoint:
trkpt attribs [(lon:-110.49143976531923)(lat:24.583969116210937)]
time content [2010-03-21T17:10:44Z]
{gpxx:TrackPointExtension=, gpxx:Temperature=-9.00175857543945, gpxx:Depth=1.68410873413086}
assembleTrackPoint:
trkpt attribs [(lon:-110.49133297987282)(lat:24.583929050713778)]
time content [2010-03-21T17:10:47Z]
{gpxx:TrackPointExtension=, gpxx:Temperature=-9.00175857543945, gpxx:Depth=2.15850830078125}
assembleTrackPoint:
trkpt attribs [(lon:-110.49106593243778)(lat:24.583763089030981)]
time content [2010-03-21T17:10:56Z]
{gpxx:TrackPointExtension=, gpxx:Temperature=-9.00175857543945, gpxx:Depth=2.15850830078125}
assembleTrackPoint:
trkpt attribs [(lon:-110.49093626439571)(lat:24.583679186180234)]
time content [2010-03-21T17:11:00Z]
{gpxx:TrackPointExtension=, gpxx:Temperature=-9.00175857543945, gpxx:Depth=1.99246597290039}
assembleTrackPoint:
trkpt attribs [(lon:-110.49088287167251)(lat:24.583660075441003)]
time content [2010-03-21T17:11:02Z]
{gpxx:TrackPointExtension=, gpxx:Temperature=-9.00175857543945, gpxx:Depth=1.68410873413086}
assembleTrackPoint:
trkpt attribs [(lon:-110.49066921696067)(lat:24.583547590300441)]
time content [2010-03-21T17:11:09Z]
{gpxx:TrackPointExtension=, gpxx:Temperature=-9.00175857543945, gpxx:Depth=1.58922958374023}
assembleTrackPoint:
trkpt attribs [(lon:-110.49032589420676)(lat:24.583335863426328)]
time content [2010-03-21T17:11:21Z]
{gpxx:TrackPointExtension=, gpxx:Temperature=-9.00175857543945, gpxx:Depth=1.30459022521973}
assembleTrackPoint:
trkpt attribs [(lon:-110.4902496188879)(lat:24.583291942253709)]
time content [2010-03-21T17:11:24Z]
{gpxx:TrackPointExtension=, gpxx:Temperature=-9.00175857543945, gpxx:Depth=2.0399055480957}
assembleTrackPoint:
trkpt attribs [(lon:-110.4901962261647)(lat:24.583246177062392)]
time content [2010-03-21T17:11:26Z]
{gpxx:TrackPointExtension=, gpxx:Temperature=-9.00175857543945, gpxx:Depth=2.34826278686523}
assembleTrackPoint:
trkpt attribs [(lon:-110.4897765442729)(lat:24.583068815991282)]
time content [2010-03-21T17:11:39Z]
{gpxx:TrackPointExtension=, gpxx:Temperature=-9.00175857543945, gpxx:Depth=2.41942596435547}
assembleTrackPoint:
trkpt attribs [(lon:-110.4893722012639)(lat:24.582879971712828)]
time content [2010-03-21T17:11:51Z]
{gpxx:TrackPointExtension=, gpxx:Temperature=-9.00175857543945, gpxx:Depth=2.70406341552734}
assembleTrackPoint:
trkpt attribs [(lon:-110.4892654158175)(lat:24.582834206521511)]
time content [2010-03-21T17:11:54Z]
{gpxx:TrackPointExtension=, gpxx:Temperature=-9.00175857543945, gpxx:Depth=1.94503021240234}
assembleTrackPoint:
trkpt attribs [(lon:-110.48919676803052)(lat:24.58281509578228)]
time content [2010-03-21T17:11:56Z]
{gpxx:TrackPointExtension=, gpxx:Temperature=-9.00175857543945, gpxx:Depth=1.73154830932617}
assembleTrackPoint:
trkpt attribs [(lon:-110.48882293514907)(lat:24.582595825195313)]
time content [2010-03-21T17:12:08Z]
{gpxx:TrackPointExtension=, gpxx:Temperature=-9.00175857543945, gpxx:Depth=1.70782852172852}
assembleTrackPoint:
trkpt attribs [(lon:-110.48851012252271)(lat:24.582399353384972)]
time content [2010-03-21T17:12:18Z]
{gpxx:TrackPointExtension=, gpxx:Temperature=-9.00175857543945, gpxx:Depth=2.37198257446289}
assembleTrackPoint:
trkpt attribs [(lon:-110.48844901844859)(lat:24.582370687276125)]
time content [2010-03-21T17:12:20Z]
{gpxx:TrackPointExtension=, gpxx:Temperature=-9.00175857543945, gpxx:Depth=2.56174087524414}
assembleTrackPoint:
trkpt attribs [(lon:-110.48821256496012)(lat:24.582225764170289)]
time content [2010-03-21T17:12:28Z]
{gpxx:TrackPointExtension=, gpxx:Temperature=-9.00175857543945, gpxx:Depth=2.27710342407227}
assembleTrackPoint:
trkpt attribs [(lon:-110.48796077258885)(lat:24.582094168290496)]
time content [2010-03-21T17:12:36Z]
{gpxx:TrackPointExtension=, gpxx:Temperature=-9.00175857543945, gpxx:Depth=2.15850830078125}
assembleTrackPoint:
trkpt attribs [(lon:-110.48774711787701)(lat:24.581995010375977)]
time content [2010-03-21T17:12:43Z]
{gpxx:TrackPointExtension=, gpxx:Temperature=-9.00175857543945, gpxx:Depth=2.77522277832031}
assembleTrackPoint:
trkpt attribs [(lon:-110.4876403324306)(lat:24.581958716735244)]
time content [2010-03-21T17:12:46Z]
{gpxx:TrackPointExtension=, gpxx:Temperature=-9.00175857543945, gpxx:Depth=2.46686553955078}
assembleTrackPoint:
trkpt attribs [(lon:-110.48755642957985)(lat:24.581901468336582)]
time content [2010-03-21T17:12:49Z]
{gpxx:TrackPointExtension=, gpxx:Temperature=-9.00175857543945, gpxx:Depth=1.68410873413086}
assembleTrackPoint:
trkpt attribs [(lon:-110.48710632137954)(lat:24.581676414236426)]
time content [2010-03-21T17:13:02Z]
{gpxx:TrackPointExtension=, gpxx:Temperature=-9.00175857543945, gpxx:Depth=1.51807022094727}
assembleTrackPoint:
trkpt attribs [(lon:-110.48674765974283)(lat:24.581499053165317)]
time content [2010-03-21T17:13:13Z]
{gpxx:TrackPointExtension=, gpxx:Temperature=-9.00175857543945, gpxx:Depth=1.58922958374023}
assembleTrackPoint:
trkpt attribs [(lon:-110.48630517907441)(lat:24.581338874995708)]
time content [2010-03-21T17:13:25Z]
{gpxx:TrackPointExtension=, gpxx:Temperature=-9.00175857543945, gpxx:Depth=1.49435043334961}
assembleTrackPoint:
trkpt attribs [(lon:-110.48588558100164)(lat:24.581151958554983)]
time content [2010-03-21T17:13:37Z]
{gpxx:TrackPointExtension=, gpxx:Temperature=-9.00175857543945, gpxx:Depth=1.49435043334961}
assembleTrackPoint:
trkpt attribs [(lon:-110.48561853356659)(lat:24.581010807305574)]
time content [2010-03-21T17:13:45Z]
{gpxx:TrackPointExtension=, gpxx:Temperature=-9.00175857543945, gpxx:Depth=1.89759063720703}
assembleTrackPoint:
trkpt attribs [(lon:-110.48519130796194)(lat:24.58082003518939)]
time content [2010-03-21T17:13:57Z]
{gpxx:TrackPointExtension=, gpxx:Temperature=-9.00175857543945, gpxx:Depth=2.20594787597656}
assembleTrackPoint:
trkpt attribs [(lon:-110.48509977757931)(lat:24.580785669386387)]
time content [2010-03-21T17:14:00Z]
{gpxx:TrackPointExtension=, gpxx:Temperature=-9.00175857543945, gpxx:Depth=1.85014724731445}
assembleTrackPoint:
trkpt attribs [(lon:-110.48478696495295)(lat:24.580589281395078)]
time content [2010-03-21T17:14:11Z]
{gpxx:TrackPointExtension=, gpxx:Temperature=-9.00175857543945, gpxx:Depth=2.20594787597656}
assembleTrackPoint:
trkpt attribs [(lon:-110.48462670296431)(lat:24.580535888671875)]
time content [2010-03-21T17:14:16Z]
{gpxx:TrackPointExtension=, gpxx:Temperature=-9.00175857543945, gpxx:Depth=1.94503021240234}
assembleTrackPoint:
trkpt attribs [(lon:-110.4843367729336)(lat:24.580350816249847)]
time content [2010-03-21T17:14:26Z]
{gpxx:TrackPointExtension=, gpxx:Temperature=-9.00175857543945, gpxx:Depth=2.22966766357422}
assembleTrackPoint:
trkpt attribs [(lon:-110.48407743684947)(lat:24.580169599503279)]
time content [2010-03-21T17:14:35Z]
{gpxx:TrackPointExtension=, gpxx:Temperature=-9.00175857543945, gpxx:Depth=2.13478469848633}
assembleTrackPoint:
trkpt attribs [(lon:-110.48376462422311)(lat:24.579978911206126)]
time content [2010-03-21T17:14:45Z]
{gpxx:TrackPointExtension=, gpxx:Temperature=-9.00175857543945, gpxx:Depth=2.13478469848633}
assembleTrackPoint:
trkpt attribs [(lon:-110.48366546630859)(lat:24.579948401078582)]
time content [2010-03-21T17:14:48Z]
{gpxx:TrackPointExtension=, gpxx:Temperature=-9.00175857543945, gpxx:Depth=2.06362533569336}
assembleTrackPoint:
trkpt attribs [(lon:-110.48360436223447)(lat:24.579917890951037)]
time content [2010-03-21T17:14:50Z]
{gpxx:TrackPointExtension=, gpxx:Temperature=-9.00175857543945, gpxx:Depth=2.06362533569336}
assembleTrackPoint:
trkpt attribs [(lon:-110.48342130146921)(lat:24.579795766621828)]
time content [2010-03-21T17:14:56Z]
{gpxx:TrackPointExtension=, gpxx:Temperature=-9.00175857543945, gpxx:Depth=2.22966766357422}
assembleTrackPoint:
trkpt attribs [(lon:-110.48323052935302)(lat:24.579637516289949)]
time content [2010-03-21T17:15:03Z]
{gpxx:TrackPointExtension=, gpxx:Temperature=-9.00175857543945, gpxx:Depth=1.80270767211914}
assembleTrackPoint:
trkpt attribs [(lon:-110.48298644833267)(lat:24.579463927075267)]
time content [2010-03-21T17:15:12Z]
{gpxx:TrackPointExtension=, gpxx:Temperature=-9.00175857543945, gpxx:Depth=2.41942596435547}
assembleTrackPoint:
trkpt attribs [(lon:-110.48291008919477)(lat:24.579393351450562)]
time content [2010-03-21T17:15:15Z]
{gpxx:TrackPointExtension=, gpxx:Temperature=-9.00175857543945, gpxx:Depth=1.8264274597168}
assembleTrackPoint:
trkpt attribs [(lon:-110.48248286359012)(lat:24.57912253215909)]
time content [2010-03-21T17:15:30Z]
{gpxx:TrackPointExtension=, gpxx:Temperature=-9.00175857543945, gpxx:Depth=1.56550979614258}
assembleTrackPoint:
trkpt attribs [(lon:-110.48231505788863)(lat:24.579017590731382)]
time content [2010-03-21T17:15:36Z]
{gpxx:TrackPointExtension=, gpxx:Temperature=-9.00175857543945, gpxx:Depth=2.20594787597656}
assembleTrackPoint:
trkpt attribs [(lon:-110.48227683641016)(lat:24.578998563811183)]
time content [2010-03-21T17:15:37Z]
{gpxx:TrackPointExtension=, gpxx:Temperature=-9.00175857543945, gpxx:Depth=2.27710342407227}
assembleTrackPoint:
trkpt attribs [(lon:-110.48224632628262)(lat:24.578977525234222)]
time content [2010-03-21T17:15:38Z]
{gpxx:TrackPointExtension=, gpxx:Temperature=-9.00175857543945, gpxx:Depth=2.34826278686523}
assembleTrackPoint:
trkpt attribs [(lon:-110.48194114118814)(lat:24.578817347064614)]
time content [2010-03-21T17:15:48Z]
{gpxx:TrackPointExtension=, gpxx:Temperature=-9.00175857543945, gpxx:Depth=2.0399055480957}
assembleTrackPoint:
trkpt attribs [(lon:-110.48162078484893)(lat:24.578647613525391)]
time content [2010-03-21T17:15:58Z]
{gpxx:TrackPointExtension=, gpxx:Temperature=-9.00175857543945, gpxx:Depth=1.61294937133789}
assembleTrackPoint:
trkpt attribs [(lon:-110.48130797222257)(lat:24.57850830629468)]
time content [2010-03-21T17:16:07Z]
{gpxx:TrackPointExtension=, gpxx:Temperature=-9.00175857543945, gpxx:Depth=2.34826278686523}
assembleTrackPoint:
trkpt attribs [(lon:-110.48124686814845)(lat:24.578472096472979)]
time content [2010-03-21T17:16:09Z]
{gpxx:TrackPointExtension=, gpxx:Temperature=-9.00175857543945, gpxx:Depth=2.65662384033203}
assembleTrackPoint:
trkpt attribs [(lon:-110.4812163580209)(lat:24.578454913571477)]
time content [2010-03-21T17:16:10Z]
{gpxx:TrackPointExtension=, gpxx:Temperature=-9.00175857543945, gpxx:Depth=2.75150299072266}
assembleTrackPoint:
trkpt attribs [(lon:-110.48100278712809)(lat:24.578283252194524)]
time content [2010-03-21T17:16:18Z]
{gpxx:TrackPointExtension=, gpxx:Temperature=-9.00175857543945, gpxx:Depth=2.20594787597656}
assembleTrackPoint:
trkpt attribs [(lon:-110.48091888427734)(lat:24.578226087614894)]
time content [2010-03-21T17:16:21Z]
{gpxx:TrackPointExtension=, gpxx:Temperature=-9.00175857543945, gpxx:Depth=1.70782852172852}
assembleTrackPoint:
trkpt attribs [(lon:-110.48088829033077)(lat:24.578203121200204)]
time content [2010-03-21T17:16:22Z]
{gpxx:TrackPointExtension=, gpxx:Temperature=-9.00175857543945, gpxx:Depth=1.63666915893555}
assembleTrackPoint:
trkpt attribs [(lon:-110.48056022264063)(lat:24.578025760129094)]
time content [2010-03-21T17:16:32Z]
{gpxx:TrackPointExtension=, gpxx:Temperature=-9.00175857543945, gpxx:Depth=1.70782852172852}
assembleTrackPoint:
trkpt attribs [(lon:-110.48032376915216)(lat:24.577863654121757)]
time content [2010-03-21T17:16:40Z]
{gpxx:TrackPointExtension=, gpxx:Temperature=-9.00175857543945, gpxx:Depth=1.56550979614258}
assembleTrackPoint:
trkpt attribs [(lon:-110.47998807393014)(lat:24.577655782923102)]
time content [2010-03-21T17:16:51Z]
{gpxx:TrackPointExtension=, gpxx:Temperature=-9.00175857543945, gpxx:Depth=1.51807022094727}
assembleTrackPoint:
trkpt attribs [(lon:-110.47959898598492)(lat:24.577453611418605)]
time content [2010-03-21T17:17:04Z]
{gpxx:TrackPointExtension=, gpxx:Temperature=-9.00175857543945, gpxx:Depth=1.63666915893555}
assembleTrackPoint:
trkpt attribs [(lon:-110.47949974425137)(lat:24.577396363019943)]
time content [2010-03-21T17:17:07Z]
{gpxx:TrackPointExtension=, gpxx:Temperature=-9.00175857543945, gpxx:Depth=1.63666915893555}
assembleTrackPoint:
trkpt attribs [(lon:-110.47928617335856)(lat:24.577314304187894)]
time content [2010-03-21T17:17:13Z]
{gpxx:TrackPointExtension=, gpxx:Temperature=-9.00175857543945, gpxx:Depth=1.49435043334961}
assembleTrackPoint:
trkpt attribs [(lon:-110.47881309874356)(lat:24.577037785202265)]
time content [2010-03-21T17:17:28Z]
{gpxx:TrackPointExtension=, gpxx:Temperature=-9.00175857543945, gpxx:Depth=1.20971298217773}
assembleTrackPoint:
trkpt attribs [(lon:-110.47878258861601)(lat:24.57702630199492)]
time content [2010-03-21T17:17:29Z]
{gpxx:TrackPointExtension=, gpxx:Temperature=-9.00175857543945, gpxx:Depth=1.20971298217773}
assembleTrackPoint:
trkpt attribs [(lon:-110.47865292057395)(lat:24.57692907191813)]
time content [2010-03-21T17:17:33Z]
{gpxx:TrackPointExtension=, gpxx:Temperature=-9.00175857543945, gpxx:Depth=1.73154830932617}
assembleTrackPoint:
trkpt attribs [(lon:-110.47861478291452)(lat:24.576923288404942)]
time content [2010-03-21T17:17:34Z]
{gpxx:TrackPointExtension=, gpxx:Temperature=-9.00175857543945, gpxx:Depth=1.80270767211914}
assembleTrackPoint:
trkpt attribs [(lon:-110.47858427278697)(lat:24.576923288404942)]
time content [2010-03-21T17:17:35Z]
{gpxx:TrackPointExtension=, gpxx:Temperature=-9.00175857543945, gpxx:Depth=1.8264274597168}
assembleTrackPoint:
trkpt attribs [(lon:-110.47812645323575)(lat:24.57677073776722)]
time content [2010-03-21T17:17:48Z]
{gpxx:TrackPointExtension=, gpxx:Temperature=-9.00175857543945, gpxx:Depth=1.58922958374023}
assembleTrackPoint:
trkpt attribs [(lon:-110.47779838554561)(lat:24.576585749164224)]
time content [2010-03-21T17:17:59Z]
{gpxx:TrackPointExtension=, gpxx:Temperature=-9.00175857543945, gpxx:Depth=1.85014724731445}
assembleTrackPoint:
trkpt attribs [(lon:-110.47773736529052)(lat:24.57655331119895)]
time content [2010-03-21T17:18:01Z]
{gpxx:TrackPointExtension=, gpxx:Temperature=-9.00175857543945, gpxx:Depth=1.70782852172852}
assembleTrackPoint:
trkpt attribs [(lon:-110.47733302228153)(lat:24.576316773891449)]
time content [2010-03-21T17:18:14Z]
{gpxx:TrackPointExtension=, gpxx:Temperature=-9.00175857543945, gpxx:Depth=1.56550979614258}
assembleTrackPoint:
trkpt attribs [(lon:-110.47727200202644)(lat:24.576301518827677)]
time content [2010-03-21T17:18:16Z]
{gpxx:TrackPointExtension=, gpxx:Temperature=-9.00175857543945, gpxx:Depth=1.56550979614258}
assembleTrackPoint:
trkpt attribs [(lon:-110.47702783718705)(lat:24.576194733381271)]
time content [2010-03-21T17:18:23Z]
{gpxx:TrackPointExtension=, gpxx:Temperature=-9.00175857543945, gpxx:Depth=1.51807022094727}
assembleTrackPoint:
trkpt attribs [(lon:-110.4766006115824)(lat:24.57600018940866)]
time content [2010-03-21T17:18:36Z]
{gpxx:TrackPointExtension=, gpxx:Temperature=-9.00175857543945, gpxx:Depth=1.89759063720703}
assembleTrackPoint:
trkpt attribs [(lon:-110.47651670873165)(lat:24.575939169153571)]
time content [2010-03-21T17:18:39Z]
{gpxx:TrackPointExtension=, gpxx:Temperature=-9.00175857543945, gpxx:Depth=2.20594787597656}
assembleTrackPoint:
trkpt attribs [(lon:-110.47618101350963)(lat:24.575717886909842)]
time content [2010-03-21T17:18:50Z]
{gpxx:TrackPointExtension=, gpxx:Temperature=-9.00175857543945, gpxx:Depth=2.34826278686523}
assembleTrackPoint:
trkpt attribs [(lon:-110.47609702683985)(lat:24.575672121718526)]
time content [2010-03-21T17:18:53Z]
{gpxx:TrackPointExtension=, gpxx:Temperature=-9.00175857543945, gpxx:Depth=2.01618576049805}
assembleTrackPoint:
trkpt attribs [(lon:-110.47573844902217)(lat:24.575418401509523)]
time content [2010-03-21T17:19:06Z]
{gpxx:TrackPointExtension=, gpxx:Temperature=-9.00175857543945, gpxx:Depth=1.77898788452148}
assembleTrackPoint:
trkpt attribs [(lon:-110.47537224367261)(lat:24.575155209749937)]
time content [2010-03-21T17:19:19Z]
{gpxx:TrackPointExtension=, gpxx:Temperature=-9.00175857543945, gpxx:Depth=1.61294937133789}
assembleTrackPoint:
trkpt attribs [(lon:-110.47521969303489)(lat:24.575017914175987)]
time content [2010-03-21T17:19:25Z]
{gpxx:TrackPointExtension=, gpxx:Temperature=-9.00175857543945, gpxx:Depth=1.94503021240234}
assembleTrackPoint:
trkpt attribs [(lon:-110.47513579018414)(lat:24.574964521452785)]
time content [2010-03-21T17:19:28Z]
{gpxx:TrackPointExtension=, gpxx:Temperature=-9.00175857543945, gpxx:Depth=2.46686553955078}
assembleTrackPoint:
trkpt attribs [(lon:-110.47487637028098)(lat:24.574825214222074)]
time content [2010-03-21T17:19:36Z]
{gpxx:TrackPointExtension=, gpxx:Temperature=-9.00175857543945, gpxx:Depth=2.06362533569336}
assembleTrackPoint:
trkpt attribs [(lon:-110.47448728233576)(lat:24.574619270861149)]
time content [2010-03-21T17:19:49Z]
{gpxx:TrackPointExtension=, gpxx:Temperature=-9.00175857543945, gpxx:Depth=1.85014724731445}
assembleTrackPoint:
trkpt attribs [(lon:-110.47411344945431)(lat:24.574411315843463)]
time content [2010-03-21T17:20:01Z]
{gpxx:TrackPointExtension=, gpxx:Temperature=-9.00175857543945, gpxx:Depth=1.80270767211914}
assembleTrackPoint:
trkpt attribs [(lon:-110.47373198904097)(lat:24.574224399402738)]
time content [2010-03-21T17:20:13Z]
{gpxx:TrackPointExtension=, gpxx:Temperature=-9.00175857543945, gpxx:Depth=1.85014724731445}
assembleTrackPoint:
trkpt attribs [(lon:-110.47333518974483)(lat:24.57398216240108)]
time content [2010-03-21T17:20:26Z]
{gpxx:TrackPointExtension=, gpxx:Temperature=-9.00175857543945, gpxx:Depth=1.63666915893555}
assembleTrackPoint:
trkpt attribs [(lon:-110.47296135686338)(lat:24.573781918734312)]
time content [2010-03-21T17:20:38Z]
{gpxx:TrackPointExtension=, gpxx:Temperature=-9.00175857543945, gpxx:Depth=1.68410873413086}
assembleTrackPoint:
trkpt attribs [(lon:-110.47255701385438)(lat:24.573553008958697)]
time content [2010-03-21T17:20:51Z]
{gpxx:TrackPointExtension=, gpxx:Temperature=-9.00175857543945, gpxx:Depth=1.56550979614258}
assembleTrackPoint:
trkpt attribs [(lon:-110.47252650372684)(lat:24.573543537408113)]
time content [2010-03-21T17:20:52Z]
{gpxx:TrackPointExtension=, gpxx:Temperature=-9.00175857543945, gpxx:Depth=1.56550979614258}
assembleTrackPoint:
trkpt attribs [(lon:-110.47213741578162)(lat:24.573320327326655)]
time content [2010-03-21T17:21:04Z]
{gpxx:TrackPointExtension=, gpxx:Temperature=-9.00175857543945, gpxx:Depth=1.8264274597168}
assembleTrackPoint:
trkpt attribs [(lon:-110.47209927812219)(lat:24.573305072262883)]
time content [2010-03-21T17:21:05Z]
{gpxx:TrackPointExtension=, gpxx:Temperature=-9.00175857543945, gpxx:Depth=1.89759063720703}
assembleTrackPoint:
trkpt attribs [(lon:-110.47181697562337)(lat:24.573163921013474)]
time content [2010-03-21T17:21:14Z]
{gpxx:TrackPointExtension=, gpxx:Temperature=-9.00175857543945, gpxx:Depth=2.0399055480957}
assembleTrackPoint:
trkpt attribs [(lon:-110.47170256264508)(lat:24.573089573532343)]
time content [2010-03-21T17:21:18Z]
{gpxx:TrackPointExtension=, gpxx:Temperature=-9.00175857543945, gpxx:Depth=2.0399055480957}
assembleTrackPoint:
trkpt attribs [(lon:-110.47160332091153)(lat:24.573051435872912)]
time content [2010-03-21T17:21:21Z]
{gpxx:TrackPointExtension=, gpxx:Temperature=-9.00175857543945, gpxx:Depth=2.37198257446289}
assembleTrackPoint:
trkpt attribs [(lon:-110.47125237062573)(lat:24.572879774495959)]
time content [2010-03-21T17:21:32Z]
{gpxx:TrackPointExtension=, gpxx:Temperature=-9.00175857543945, gpxx:Depth=2.44314575195313}
assembleTrackPoint:
trkpt attribs [(lon:-110.47112270258367)(lat:24.57283778116107)]
time content [2010-03-21T17:21:36Z]
{gpxx:TrackPointExtension=, gpxx:Temperature=-9.00175857543945, gpxx:Depth=2.37198257446289}
assembleTrackPoint:
trkpt attribs [(lon:-110.4707031045109)(lat:24.572690930217505)]
time content [2010-03-21T17:21:48Z]
{gpxx:TrackPointExtension=, gpxx:Temperature=-9.00175857543945, gpxx:Depth=2.15850830078125}
assembleTrackPoint:
trkpt attribs [(lon:-110.47058098018169)(lat:24.572645165026188)]
time content [2010-03-21T17:21:52Z]
{gpxx:TrackPointExtension=, gpxx:Temperature=-9.00175857543945, gpxx:Depth=1.77898788452148}
assembleTrackPoint:
trkpt attribs [(lon:-110.47055047005415)(lat:24.572624126449227)]
time content [2010-03-21T17:21:53Z]
{gpxx:TrackPointExtension=, gpxx:Temperature=-9.00175857543945, gpxx:Depth=1.68410873413086}
assembleTrackPoint:
trkpt attribs [(lon:-110.47026054002345)(lat:24.572481131181121)]
time content [2010-03-21T17:22:02Z]
{gpxx:TrackPointExtension=, gpxx:Temperature=-9.00175857543945, gpxx:Depth=2.34826278686523}
assembleTrackPoint:
trkpt attribs [(lon:-110.4702300298959)(lat:24.572471575811505)]
time content [2010-03-21T17:22:03Z]
{gpxx:TrackPointExtension=, gpxx:Temperature=-9.00175857543945, gpxx:Depth=2.44314575195313}
assembleTrackPoint:
trkpt attribs [(lon:-110.47019189223647)(lat:24.572458248585463)]
time content [2010-03-21T17:22:04Z]
{gpxx:TrackPointExtension=, gpxx:Temperature=-9.00175857543945, gpxx:Depth=2.49058532714844}
assembleTrackPoint:
trkpt attribs [(lon:-110.47003934159875)(lat:24.572383817285299)]
time content [2010-03-21T17:22:09Z]
{gpxx:TrackPointExtension=, gpxx:Temperature=-9.00175857543945, gpxx:Depth=2.5854606628418}
assembleTrackPoint:
trkpt attribs [(lon:-110.46989433467388)(lat:24.572317097336054)]
time content [2010-03-21T17:22:13Z]
{gpxx:TrackPointExtension=, gpxx:Temperature=-9.00175857543945, gpxx:Depth=2.06362533569336}
assembleTrackPoint:
trkpt attribs [(lon:-110.46972652897239)(lat:24.572256077080965)]
time content [2010-03-21T17:22:18Z]
{gpxx:TrackPointExtension=, gpxx:Temperature=-9.00175857543945, gpxx:Depth=1.80270767211914}
assembleTrackPoint:
trkpt attribs [(lon:-110.46930693089962)(lat:24.572034794837236)]
time content [2010-03-21T17:22:32Z]
{gpxx:TrackPointExtension=, gpxx:Temperature=-9.00175857543945, gpxx:Depth=1.61294937133789}
assembleTrackPoint:
trkpt attribs [(lon:-110.46906276606023)(lat:24.5719088986516)]
time content [2010-03-21T17:22:40Z]
{gpxx:TrackPointExtension=, gpxx:Temperature=-9.00175857543945, gpxx:Depth=1.25715255737305}
assembleTrackPoint:
trkpt attribs [(lon:-110.46862791292369)(lat:24.571725837886333)]
time content [2010-03-21T17:22:53Z]
{gpxx:TrackPointExtension=, gpxx:Temperature=-9.00175857543945, gpxx:Depth=1.30459022521973}
assembleTrackPoint:
trkpt attribs [(lon:-110.46855926513672)(lat:24.571704799309373)]
time content [2010-03-21T17:22:55Z]
{gpxx:TrackPointExtension=, gpxx:Temperature=-9.00175857543945, gpxx:Depth=1.56550979614258}
assembleTrackPoint:
trkpt attribs [(lon:-110.46818534843624)(lat:24.57151411101222)]
time content [2010-03-21T17:23:06Z]
{gpxx:TrackPointExtension=, gpxx:Temperature=-9.00175857543945, gpxx:Depth=1.47063064575195}
assembleTrackPoint:
trkpt attribs [(lon:-110.46787261962891)(lat:24.571329038590193)]
time content [2010-03-21T17:23:17Z]
{gpxx:TrackPointExtension=, gpxx:Temperature=-9.00175857543945, gpxx:Depth=1.56550979614258}
assembleTrackPoint:
trkpt attribs [(lon:-110.46741480007768)(lat:24.571107840165496)]
time content [2010-03-21T17:23:32Z]
{gpxx:TrackPointExtension=, gpxx:Temperature=-9.00175857543945, gpxx:Depth=1.73154830932617}
assembleTrackPoint:
trkpt attribs [(lon:-110.46709435991943)(lat:24.571002898737788)]
time content [2010-03-21T17:23:42Z]
{gpxx:TrackPointExtension=, gpxx:Temperature=-9.00175857543945, gpxx:Depth=1.58922958374023}
assembleTrackPoint:
trkpt attribs [(lon:-110.46666713431478)(lat:24.570861747488379)]
time content [2010-03-21T17:23:55Z]
{gpxx:TrackPointExtension=, gpxx:Temperature=-9.00175857543945, gpxx:Depth=1.35203170776367}
assembleTrackPoint:
trkpt attribs [(lon:-110.46633143909276)(lat:24.570747334510088)]
time content [2010-03-21T17:24:06Z]
{gpxx:TrackPointExtension=, gpxx:Temperature=-9.00175857543945, gpxx:Depth=1.18599128723145}
assembleTrackPoint:
trkpt attribs [(lon:-110.46621702611446)(lat:24.57068245857954)]
time content [2010-03-21T17:24:10Z]
{gpxx:TrackPointExtension=, gpxx:Temperature=-9.00175857543945, gpxx:Depth=1.61294937133789}
assembleTrackPoint:
trkpt attribs [(lon:-110.46582793816924)(lat:24.570510797202587)]
time content [2010-03-21T17:24:23Z]
{gpxx:TrackPointExtension=, gpxx:Temperature=-9.00175857543945, gpxx:Depth=2.15850830078125}
assembleTrackPoint:
trkpt attribs [(lon:-110.46546936035156)(lat:24.570320108905435)]
time content [2010-03-21T17:24:35Z]
{gpxx:TrackPointExtension=, gpxx:Temperature=-9.00175857543945, gpxx:Depth=2.06362533569336}
assembleTrackPoint:
trkpt attribs [(lon:-110.46532435342669)(lat:24.570259088650346)]
time content [2010-03-21T17:24:40Z]
{gpxx:TrackPointExtension=, gpxx:Temperature=-9.00175857543945, gpxx:Depth=2.0399055480957}
assembleTrackPoint:
trkpt attribs [(lon:-110.46516417525709)(lat:24.570188513025641)]
time content [2010-03-21T17:24:45Z]
{gpxx:TrackPointExtension=, gpxx:Temperature=-9.00175857543945, gpxx:Depth=2.27710342407227}
assembleTrackPoint:
trkpt attribs [(lon:-110.46472923830152)(lat:24.569957675412297)]
time content [2010-03-21T17:24:59Z]
{gpxx:TrackPointExtension=, gpxx:Temperature=-9.00175857543945, gpxx:Depth=2.44314575195313}
assembleTrackPoint:
trkpt attribs [(lon:-110.46443168073893)(lat:24.569797497242689)]
time content [2010-03-21T17:25:09Z]
{gpxx:TrackPointExtension=, gpxx:Temperature=-9.00175857543945, gpxx:Depth=1.94503021240234}
assembleTrackPoint:
trkpt attribs [(lon:-110.46405784785748)(lat:24.569629607722163)]
time content [2010-03-21T17:25:21Z]
{gpxx:TrackPointExtension=, gpxx:Temperature=-9.00175857543945, gpxx:Depth=2.06362533569336}
assembleTrackPoint:
trkpt attribs [(lon:-110.46361536718905)(lat:24.569448390975595)]
time content [2010-03-21T17:25:35Z]
{gpxx:TrackPointExtension=, gpxx:Temperature=-9.00175857543945, gpxx:Depth=2.0399055480957}
assembleTrackPoint:
trkpt attribs [(lon:-110.46328729949892)(lat:24.56932257860899)]
time content [2010-03-21T17:25:45Z]
{gpxx:TrackPointExtension=, gpxx:Temperature=-9.00175857543945, gpxx:Depth=1.94503021240234}
assembleTrackPoint:
trkpt attribs [(lon:-110.46296685934067)(lat:24.569148989394307)]
time content [2010-03-21T17:25:56Z]
{gpxx:TrackPointExtension=, gpxx:Temperature=-9.00175857543945, gpxx:Depth=1.63666915893555}
assembleTrackPoint:
trkpt attribs [(lon:-110.46262353658676)(lat:24.569023093208671)]
time content [2010-03-21T17:26:07Z]
{gpxx:TrackPointExtension=, gpxx:Temperature=-9.00175857543945, gpxx:Depth=1.99246597290039}
assembleTrackPoint:
trkpt attribs [(lon:-110.46226495876908)(lat:24.568923935294151)]
time content [2010-03-21T17:26:18Z]
{gpxx:TrackPointExtension=, gpxx:Temperature=-9.00175857543945, gpxx:Depth=2.34826278686523}
assembleTrackPoint:
trkpt attribs [(lon:-110.46187587082386)(lat:24.568780856207013)]
time content [2010-03-21T17:26:30Z]
{gpxx:TrackPointExtension=, gpxx:Temperature=-9.00175857543945, gpxx:Depth=2.87009811401367}
assembleTrackPoint:
trkpt attribs [(lon:-110.46152492053807)(lat:24.568607266992331)]
time content [2010-03-21T17:26:42Z]
{gpxx:TrackPointExtension=, gpxx:Temperature=-9.00175857543945, gpxx:Depth=2.84637832641602}
assembleTrackPoint:
trkpt attribs [(lon:-110.46128838323057)(lat:24.568496625870466)]
time content [2010-03-21T17:26:50Z]
{gpxx:TrackPointExtension=, gpxx:Temperature=-9.00175857543945, gpxx:Depth=2.20594787597656}
assembleTrackPoint:
trkpt attribs [(lon:-110.4611587151885)(lat:24.568441389128566)]
time content [2010-03-21T17:26:54Z]
{gpxx:TrackPointExtension=, gpxx:Temperature=-9.00175857543945, gpxx:Depth=1.68410873413086}
assembleTrackPoint:
trkpt attribs [(lon:-110.46076199971139)(lat:24.568239133805037)]
time content [2010-03-21T17:27:07Z]
{gpxx:TrackPointExtension=, gpxx:Temperature=-9.00175857543945, gpxx:Depth=1.37575149536133}
assembleTrackPoint:
trkpt attribs [(lon:-110.46037291176617)(lat:24.5680580008775)]
time content [2010-03-21T17:27:20Z]
{gpxx:TrackPointExtension=, gpxx:Temperature=-9.00175857543945, gpxx:Depth=1.37575149536133}
assembleTrackPoint:
trkpt attribs [(lon:-110.46002196148038)(lat:24.567888183519244)]
time content [2010-03-21T17:27:31Z]
{gpxx:TrackPointExtension=, gpxx:Temperature=-9.00175857543945, gpxx:Depth=1.47063064575195}
assembleTrackPoint:
trkpt attribs [(lon:-110.45986169949174)(lat:24.567823391407728)]
time content [2010-03-21T17:27:36Z]
{gpxx:TrackPointExtension=, gpxx:Temperature=-9.00175857543945, gpxx:Depth=1.56550979614258}
assembleTrackPoint:
trkpt attribs [(lon:-110.45952600426972)(lat:24.567598337307572)]
time content [2010-03-21T17:27:49Z]
{gpxx:TrackPointExtension=, gpxx:Temperature=-9.00175857543945, gpxx:Depth=1.37575149536133}
assembleTrackPoint:
trkpt attribs [(lon:-110.45916742645204)(lat:24.567457186058164)]
time content [2010-03-21T17:28:01Z]
{gpxx:TrackPointExtension=, gpxx:Temperature=-9.00175857543945, gpxx:Depth=1.37575149536133}
assembleTrackPoint:
trkpt attribs [(lon:-110.45868680812418)(lat:24.567314106971025)]
time content [2010-03-21T17:28:16Z]
{gpxx:TrackPointExtension=, gpxx:Temperature=-9.00175857543945, gpxx:Depth=1.58922958374023}
assembleTrackPoint:
trkpt attribs [(lon:-110.45824424363673)(lat:24.567203465849161)]
time content [2010-03-21T17:28:30Z]
{gpxx:TrackPointExtension=, gpxx:Temperature=-9.00175857543945, gpxx:Depth=1.77898788452148}
assembleTrackPoint:
trkpt attribs [(lon:-110.45818322338164)(lat:24.567165328189731)]
time content [2010-03-21T17:28:32Z]
{gpxx:TrackPointExtension=, gpxx:Temperature=-9.00175857543945, gpxx:Depth=1.77898788452148}
assembleTrackPoint:
trkpt attribs [(lon:-110.45805355533957)(lat:24.567119562998414)]
time content [2010-03-21T17:28:36Z]
{gpxx:TrackPointExtension=, gpxx:Temperature=-9.00175857543945, gpxx:Depth=2.01618576049805}
assembleTrackPoint:
trkpt attribs [(lon:-110.4576949775219)(lat:24.566905908286572)]
time content [2010-03-21T17:28:49Z]
{gpxx:TrackPointExtension=, gpxx:Temperature=-9.00175857543945, gpxx:Depth=1.8264274597168}
assembleTrackPoint:
trkpt attribs [(lon:-110.45764158479869)(lat:24.566860143095255)]
time content [2010-03-21T17:28:51Z]
{gpxx:TrackPointExtension=, gpxx:Temperature=-9.00175857543945, gpxx:Depth=1.8264274597168}
assembleTrackPoint:
trkpt attribs [(lon:-110.45752708800137)(lat:24.566835332661867)]
time content [2010-03-21T17:28:55Z]
{gpxx:TrackPointExtension=, gpxx:Temperature=-9.00175857543945, gpxx:Depth=1.80270767211914}
assembleTrackPoint:
trkpt attribs [(lon:-110.45742030255497)(lat:24.566781939938664)]
time content [2010-03-21T17:28:58Z]
{gpxx:TrackPointExtension=, gpxx:Temperature=-9.00175857543945, gpxx:Depth=1.80270767211914}
assembleTrackPoint:
trkpt attribs [(lon:-110.45730588957667)(lat:24.566753357648849)]
time content [2010-03-21T17:29:02Z]
{gpxx:TrackPointExtension=, gpxx:Temperature=-9.00175857543945, gpxx:Depth=1.80270767211914}
assembleTrackPoint:
trkpt attribs [(lon:-110.45693205669522)(lat:24.566621761769056)]
time content [2010-03-21T17:29:14Z]
{gpxx:TrackPointExtension=, gpxx:Temperature=-9.00175857543945, gpxx:Depth=2.25338363647461}
assembleTrackPoint:
trkpt attribs [(lon:-110.45689391903579)(lat:24.56661413423717)]
time content [2010-03-21T17:29:15Z]
{gpxx:TrackPointExtension=, gpxx:Temperature=-9.00175857543945, gpxx:Depth=2.32454299926758}
assembleTrackPoint:
trkpt attribs [(lon:-110.45649711973965)(lat:24.566482538357377)]
time content [2010-03-21T17:29:28Z]
{gpxx:TrackPointExtension=, gpxx:Temperature=-9.00175857543945, gpxx:Depth=2.53802490234375}
assembleTrackPoint:
trkpt attribs [(lon:-110.4561766795814)(lat:24.566383296623826)]
time content [2010-03-21T17:29:38Z]
{gpxx:TrackPointExtension=, gpxx:Temperature=-9.00175857543945, gpxx:Depth=1.89759063720703}
assembleTrackPoint:
trkpt attribs [(lon:-110.45580284669995)(lat:24.566358486190438)]
time content [2010-03-21T17:29:50Z]
{gpxx:TrackPointExtension=, gpxx:Temperature=-9.00175857543945, gpxx:Depth=1.80270767211914}
assembleTrackPoint:
trkpt attribs [(lon:-110.45545952394605)(lat:24.566286066547036)]
time content [2010-03-21T17:30:01Z]
{gpxx:TrackPointExtension=, gpxx:Temperature=-9.00175857543945, gpxx:Depth=1.58922958374023}
assembleTrackPoint:
trkpt attribs [(lon:-110.45507806353271)(lat:24.566228818148375)]
time content [2010-03-21T17:30:13Z]
{gpxx:TrackPointExtension=, gpxx:Temperature=-9.00175857543945, gpxx:Depth=1.63666915893555}
assembleTrackPoint:
trkpt attribs [(lon:-110.45467372052372)(lat:24.566139215603471)]
time content [2010-03-21T17:30:26Z]
{gpxx:TrackPointExtension=, gpxx:Temperature=-9.00175857543945, gpxx:Depth=1.80270767211914}
assembleTrackPoint:
trkpt attribs [(lon:-110.45435328036547)(lat:24.566053384914994)]
time content [2010-03-21T17:30:37Z]
{gpxx:TrackPointExtension=, gpxx:Temperature=-9.00175857543945, gpxx:Depth=1.80270767211914}
assembleTrackPoint:
trkpt attribs [(lon:-110.45397181995213)(lat:24.566017091274261)]
time content [2010-03-21T17:30:49Z]
{gpxx:TrackPointExtension=, gpxx:Temperature=-9.00175857543945, gpxx:Depth=2.15850830078125}
assembleTrackPoint:
trkpt attribs [(lon:-110.453643752262)(lat:24.565957998856902)]
time content [2010-03-21T17:30:59Z]
{gpxx:TrackPointExtension=, gpxx:Temperature=-9.00175857543945, gpxx:Depth=2.44314575195313}
assembleTrackPoint:
trkpt attribs [(lon:-110.45330042950809)(lat:24.565874096006155)]
time content [2010-03-21T17:31:10Z]
{gpxx:TrackPointExtension=, gpxx:Temperature=-9.00175857543945, gpxx:Depth=2.44314575195313}
assembleTrackPoint:
trkpt attribs [(lon:-110.45314787887037)(lat:24.565854985266924)]
time content [2010-03-21T17:31:15Z]
{gpxx:TrackPointExtension=, gpxx:Temperature=-9.00175857543945, gpxx:Depth=1.58922958374023}
assembleTrackPoint:
trkpt attribs [(lon:-110.45307914726436)(lat:24.565830174833536)]
time content [2010-03-21T17:31:17Z]
{gpxx:TrackPointExtension=, gpxx:Temperature=-9.00175857543945, gpxx:Depth=1.35203170776367}
assembleTrackPoint:
trkpt attribs [(lon:-110.4529494792223)(lat:24.565801592543721)]
time content [2010-03-21T17:31:21Z]
{gpxx:TrackPointExtension=, gpxx:Temperature=-9.00175857543945, gpxx:Depth=1.30459022521973}
assembleTrackPoint:
trkpt attribs [(lon:-110.45273582451046)(lat:24.56574241630733)]
time content [2010-03-21T17:31:28Z]
{gpxx:TrackPointExtension=, gpxx:Temperature=-9.00175857543945, gpxx:Depth=1.42319107055664}
assembleTrackPoint:
trkpt attribs [(lon:-110.45265192165971)(lat:24.565706206485629)]
time content [2010-03-21T17:31:31Z]
{gpxx:TrackPointExtension=, gpxx:Temperature=-9.00175857543945, gpxx:Depth=1.77898788452148}
assembleTrackPoint:
trkpt attribs [(lon:-110.45258327387273)(lat:24.565694807097316)]
time content [2010-03-21T17:31:33Z]
{gpxx:TrackPointExtension=, gpxx:Temperature=-9.00175857543945, gpxx:Depth=1.8264274597168}
assembleTrackPoint:
trkpt attribs [(lon:-110.45220944099128)(lat:24.565677624195814)]
time content [2010-03-21T17:31:45Z]
{gpxx:TrackPointExtension=, gpxx:Temperature=-9.00175857543945, gpxx:Depth=1.8264274597168}
assembleTrackPoint:
trkpt attribs [(lon:-110.45192713849247)(lat:24.565608976408839)]
time content [2010-03-21T17:31:54Z]
{gpxx:TrackPointExtension=, gpxx:Temperature=-9.00175857543945, gpxx:Depth=1.2808723449707}
assembleTrackPoint:
trkpt attribs [(lon:-110.45166009105742)(lat:24.56552691757679)]
time content [2010-03-21T17:32:03Z]
{gpxx:TrackPointExtension=, gpxx:Temperature=-9.00175857543945, gpxx:Depth=1.47063064575195}
assembleTrackPoint:
trkpt attribs [(lon:-110.45159144327044)(lat:24.565505962818861)]
time content [2010-03-21T17:32:05Z]
{gpxx:TrackPointExtension=, gpxx:Temperature=-9.00175857543945, gpxx:Depth=1.68410873413086}
assembleTrackPoint:
trkpt attribs [(lon:-110.45149228535593)(lat:24.565477296710014)]
time content [2010-03-21T17:32:08Z]
{gpxx:TrackPointExtension=, gpxx:Temperature=-9.00175857543945, gpxx:Depth=2.27710342407227}
assembleTrackPoint:
trkpt attribs [(lon:-110.45115659013391)(lat:24.565397249534726)]
time content [2010-03-21T17:32:19Z]
{gpxx:TrackPointExtension=, gpxx:Temperature=-9.00175857543945, gpxx:Depth=2.34826278686523}
assembleTrackPoint:
trkpt attribs [(lon:-110.45102683827281)(lat:24.56534955650568)]
time content [2010-03-21T17:32:23Z]
{gpxx:TrackPointExtension=, gpxx:Temperature=-9.00175857543945, gpxx:Depth=2.34826278686523}
assembleTrackPoint:
trkpt attribs [(lon:-110.45088191516697)(lat:24.565298007801175)]
time content [2010-03-21T17:32:28Z]
{gpxx:TrackPointExtension=, gpxx:Temperature=-9.00175857543945, gpxx:Depth=2.27710342407227}
assembleTrackPoint:
trkpt attribs [(lon:-110.45079038478434)(lat:24.565273281186819)]
time content [2010-03-21T17:32:31Z]
{gpxx:TrackPointExtension=, gpxx:Temperature=-9.00175857543945, gpxx:Depth=2.22966766357422}
assembleTrackPoint:
trkpt attribs [(lon:-110.4506301227957)(lat:24.565202705562115)]
time content [2010-03-21T17:32:37Z]
{gpxx:TrackPointExtension=, gpxx:Temperature=-9.00175857543945, gpxx:Depth=2.70406341552734}
assembleTrackPoint:
trkpt attribs [(lon:-110.45043943449855)(lat:24.565137829631567)]
time content [2010-03-21T17:32:44Z]
{gpxx:TrackPointExtension=, gpxx:Temperature=-9.00175857543945, gpxx:Depth=1.92131042480469}
assembleTrackPoint:
trkpt attribs [(lon:-110.45038604177535)(lat:24.565118718892336)]
time content [2010-03-21T17:32:46Z]
{gpxx:TrackPointExtension=, gpxx:Temperature=-9.00175857543945, gpxx:Depth=1.70782852172852}
assembleTrackPoint:
trkpt attribs [(lon:-110.45035544782877)(lat:24.565107319504023)]
time content [2010-03-21T17:32:47Z]
{gpxx:TrackPointExtension=, gpxx:Temperature=-9.00175857543945, gpxx:Depth=1.61294937133789}
assembleTrackPoint:
trkpt attribs [(lon:-110.45021052472293)(lat:24.565057698637247)]
time content [2010-03-21T17:32:52Z]
{gpxx:TrackPointExtension=, gpxx:Temperature=-9.00175857543945, gpxx:Depth=1.56550979614258}
assembleTrackPoint:
trkpt attribs [(lon:-110.44990533962846)(lat:24.564990978688002)]
time content [2010-03-21T17:33:02Z]
{gpxx:TrackPointExtension=, gpxx:Temperature=-9.00175857543945, gpxx:Depth=1.56550979614258}
assembleTrackPoint:
trkpt attribs [(lon:-110.44953913427889)(lat:24.564924174919724)]
time content [2010-03-21T17:33:14Z]
{gpxx:TrackPointExtension=, gpxx:Temperature=-9.00175857543945, gpxx:Depth=1.77898788452148}
assembleTrackPoint:
trkpt attribs [(lon:-110.44941709376872)(lat:24.564905147999525)]
time content [2010-03-21T17:33:18Z]
{gpxx:TrackPointExtension=, gpxx:Temperature=-9.00175857543945, gpxx:Depth=1.77898788452148}
assembleTrackPoint:
trkpt attribs [(lon:-110.44929496943951)(lat:24.564874637871981)]
time content [2010-03-21T17:33:22Z]
{gpxx:TrackPointExtension=, gpxx:Temperature=-9.00175857543945, gpxx:Depth=1.39947128295898}
assembleTrackPoint:
trkpt attribs [(lon:-110.44896690174937)(lat:24.564828872680664)]
time content [2010-03-21T17:33:33Z]
{gpxx:TrackPointExtension=, gpxx:Temperature=-9.00175857543945, gpxx:Depth=1.35203170776367}
assembleTrackPoint:
trkpt attribs [(lon:-110.44862357899547)(lat:24.564777323976159)]
time content [2010-03-21T17:33:45Z]
{gpxx:TrackPointExtension=, gpxx:Temperature=-9.00175857543945, gpxx:Depth=1.18599128723145}
assembleTrackPoint:
trkpt attribs [(lon:-110.44828025624156)(lat:24.564743041992188)]
time content [2010-03-21T17:33:57Z]
{gpxx:TrackPointExtension=, gpxx:Temperature=-9.00175857543945, gpxx:Depth=1.49435043334961}
assembleTrackPoint:
trkpt attribs [(lon:-110.44813533313572)(lat:24.564722003415227)]
time content [2010-03-21T17:34:02Z]
{gpxx:TrackPointExtension=, gpxx:Temperature=-9.00175857543945, gpxx:Depth=1.58922958374023}
assembleTrackPoint:
trkpt attribs [(lon:-110.44783777557313)(lat:24.564672466367483)]
time content [2010-03-21T17:34:12Z]
{gpxx:TrackPointExtension=, gpxx:Temperature=-9.00175857543945, gpxx:Depth=1.58922958374023}
assembleTrackPoint:
trkpt attribs [(lon:-110.44761657714844)(lat:24.56463617272675)]
time content [2010-03-21T17:34:19Z]
{gpxx:TrackPointExtension=, gpxx:Temperature=-9.00175857543945, gpxx:Depth=1.25715255737305}
assembleTrackPoint:
trkpt attribs [(lon:-110.44755547307432)(lat:24.564634244889021)]
time content [2010-03-21T17:34:21Z]
{gpxx:TrackPointExtension=, gpxx:Temperature=-9.00175857543945, gpxx:Depth=1.25715255737305}
assembleTrackPoint:
trkpt attribs [(lon:-110.44715875759721)(lat:24.564588479697704)]
time content [2010-03-21T17:34:34Z]
{gpxx:TrackPointExtension=, gpxx:Temperature=-9.00175857543945, gpxx:Depth=1.37575149536133}
assembleTrackPoint:
trkpt attribs [(lon:-110.44683831743896)(lat:24.564544642344117)]
time content [2010-03-21T17:34:44Z]
{gpxx:TrackPointExtension=, gpxx:Temperature=-9.00175857543945, gpxx:Depth=1.39947128295898}
assembleTrackPoint:
trkpt attribs [(lon:-110.44661711901426)(lat:24.564519831910729)]
time content [2010-03-21T17:34:51Z]
{gpxx:TrackPointExtension=, gpxx:Temperature=-9.00175857543945, gpxx:Depth=1.37575149536133}
assembleTrackPoint:
trkpt attribs [(lon:-110.44627379626036)(lat:24.564453111961484)]
time content [2010-03-21T17:35:02Z]
{gpxx:TrackPointExtension=, gpxx:Temperature=-9.00175857543945, gpxx:Depth=1.2808723449707}
assembleTrackPoint:
trkpt attribs [(lon:-110.44624328613281)(lat:24.564447328448296)]
time content [2010-03-21T17:35:03Z]
{gpxx:TrackPointExtension=, gpxx:Temperature=-9.00175857543945, gpxx:Depth=1.2808723449707}
assembleTrackPoint:
trkpt attribs [(lon:-110.44589225202799)(lat:24.564392007887363)]
time content [2010-03-21T17:35:14Z]
{gpxx:TrackPointExtension=, gpxx:Temperature=-9.00175857543945, gpxx:Depth=1.58922958374023}
assembleTrackPoint:
trkpt attribs [(lon:-110.44553367421031)(lat:24.564306177198887)]
time content [2010-03-21T17:35:26Z]
{gpxx:TrackPointExtension=, gpxx:Temperature=-9.00175857543945, gpxx:Depth=1.58922958374023}
assembleTrackPoint:
trkpt attribs [(lon:-110.44535061344504)(lat:24.564275667071342)]
time content [2010-03-21T17:35:32Z]
{gpxx:TrackPointExtension=, gpxx:Temperature=-9.00175857543945, gpxx:Depth=1.49435043334961}
assembleTrackPoint:
trkpt attribs [(lon:-110.44499966315925)(lat:24.564258567988873)]
time content [2010-03-21T17:35:44Z]
{gpxx:TrackPointExtension=, gpxx:Temperature=-9.00175857543945, gpxx:Depth=1.70782852172852}
assembleTrackPoint:
trkpt attribs [(lon:-110.44474787078798)(lat:24.56422034651041)]
time content [2010-03-21T17:35:53Z]
{gpxx:TrackPointExtension=, gpxx:Temperature=-9.00175857543945, gpxx:Depth=1.70782852172852}
assembleTrackPoint:
trkpt attribs [(lon:-110.44458769261837)(lat:24.564161254093051)]
time content [2010-03-21T17:35:59Z]
{gpxx:TrackPointExtension=, gpxx:Temperature=-9.00175857543945, gpxx:Depth=1.73154830932617}
assembleTrackPoint:
trkpt attribs [(lon:-110.44430539011955)(lat:24.564064024016261)]
time content [2010-03-21T17:36:10Z]
{gpxx:TrackPointExtension=, gpxx:Temperature=-9.00175857543945, gpxx:Depth=1.63666915893555}
assembleTrackPoint:
trkpt attribs [(lon:-110.44396206736565)(lat:24.563985820859671)]
time content [2010-03-21T17:36:23Z]
{gpxx:TrackPointExtension=, gpxx:Temperature=-9.00175857543945, gpxx:Depth=1.56550979614258}
assembleTrackPoint:
trkpt attribs [(lon:-110.44384002685547)(lat:24.563939971849322)]
time content [2010-03-21T17:36:28Z]
{gpxx:TrackPointExtension=, gpxx:Temperature=-9.00175857543945, gpxx:Depth=1.56550979614258}
assembleTrackPoint:
trkpt attribs [(lon:-110.44362637214363)(lat:24.563869396224618)]
time content [2010-03-21T17:36:37Z]
{gpxx:TrackPointExtension=, gpxx:Temperature=-9.00175857543945, gpxx:Depth=1.58922958374023}
assembleTrackPoint:
trkpt attribs [(lon:-110.44342034496367)(lat:24.563800748437643)]
time content [2010-03-21T17:36:46Z]
{gpxx:TrackPointExtension=, gpxx:Temperature=-9.00175857543945, gpxx:Depth=1.56550979614258}
assembleTrackPoint:
trkpt attribs [(lon:-110.44311515986919)(lat:24.563730172812939)]
time content [2010-03-21T17:37:00Z]
{gpxx:TrackPointExtension=, gpxx:Temperature=-9.00175857543945, gpxx:Depth=1.35203170776367}
assembleTrackPoint:
trkpt attribs [(lon:-110.44293972663581)(lat:24.563680635765195)]
time content [2010-03-21T17:37:09Z]
{gpxx:TrackPointExtension=, gpxx:Temperature=-9.00175857543945, gpxx:Depth=1.25715255737305}
assembleTrackPoint:
trkpt attribs [(lon:-110.44269556179643)(lat:24.563627243041992)]
time content [2010-03-21T17:37:21Z]
{gpxx:TrackPointExtension=, gpxx:Temperature=-9.00175857543945, gpxx:Depth=1.56550979614258}
assembleTrackPoint:
trkpt attribs [(lon:-110.44268030673265)(lat:24.563617687672377)]
time content [2010-03-21T17:37:22Z]
{gpxx:TrackPointExtension=, gpxx:Temperature=-9.00175857543945, gpxx:Depth=1.63666915893555}
assembleTrackPoint:
trkpt attribs [(lon:-110.4425430111587)(lat:24.563585249707103)]
time content [2010-03-21T17:37:28Z]
{gpxx:TrackPointExtension=, gpxx:Temperature=-9.00175857543945, gpxx:Depth=57.9238624572754}
assembleTrackPoint:
trkpt attribs [(lon:-110.44252012856305)(lat:24.563575694337487)]
time content [2010-03-21T17:37:29Z]
{gpxx:TrackPointExtension=, gpxx:Temperature=-9.00175857543945, gpxx:Depth=76.0220947265625}
assembleTrackPoint:
trkpt attribs [(lon:-110.4424896184355)(lat:24.563577622175217)]
time content [2010-03-21T17:37:30Z]
{gpxx:TrackPointExtension=, gpxx:Temperature=-9.00175857543945, gpxx:Depth=99.741943359375}
assembleTrackPoint:
trkpt attribs [(lon:-110.44247436337173)(lat:24.563583321869373)]
time content [2010-03-21T17:37:31Z]
{gpxx:TrackPointExtension=, gpxx:Temperature=-9.00175857543945, gpxx:Depth=106.502105712891}
assembleTrackPoint:
trkpt attribs [(lon:-110.44245139695704)(lat:24.563585249707103)]
time content [2010-03-21T17:37:32Z]
{gpxx:TrackPointExtension=, gpxx:Temperature=-9.00175857543945, gpxx:Depth=111.554428100586}
assembleTrackPoint:
trkpt attribs [(lon:-110.44242851436138)(lat:24.563583321869373)]
time content [2010-03-21T17:37:33Z]
{gpxx:TrackPointExtension=, gpxx:Temperature=-9.00175857543945, gpxx:Depth=115.373321533203}
assembleTrackPoint:
trkpt attribs [(lon:-110.44240563176572)(lat:24.563575694337487)]
time content [2010-03-21T17:37:34Z]
{gpxx:TrackPointExtension=, gpxx:Temperature=-9.00175857543945, gpxx:Depth=119.998687744141}
assembleTrackPoint:
trkpt attribs [(lon:-110.44238274917006)(lat:24.563573766499758)]
time content [2010-03-21T17:37:35Z]
{gpxx:TrackPointExtension=, gpxx:Temperature=-9.00175857543945, gpxx:Depth=121.398162841797}
assembleTrackPoint:
trkpt attribs [(lon:-110.44235986657441)(lat:24.563575694337487)]
time content [2010-03-21T17:37:36Z]
{gpxx:TrackPointExtension=, gpxx:Temperature=-9.00175857543945, gpxx:Depth=123.319473266602}
assembleTrackPoint:
trkpt attribs [(lon:-110.44233698397875)(lat:24.563575694337487)]
time content [2010-03-21T17:37:37Z]
{gpxx:TrackPointExtension=, gpxx:Temperature=-9.00175857543945, gpxx:Depth=124.197113037109}
assembleTrackPoint:
trkpt attribs [(lon:-110.44229121878743)(lat:24.563560439273715)]
time content [2010-03-21T17:37:39Z]
{gpxx:TrackPointExtension=, gpxx:Temperature=-9.00175857543945, gpxx:Depth=125.359375}
assembleTrackPoint:
trkpt attribs [(lon:-110.44227596372366)(lat:24.563556667417288)]
time content [2010-03-21T17:37:40Z]
{gpxx:TrackPointExtension=, gpxx:Temperature=-9.00175857543945, gpxx:Depth=125.122192382813}
assembleTrackPoint:
trkpt attribs [(lon:-110.44223019853234)(lat:24.563562367111444)]
time content [2010-03-21T17:37:42Z]
{gpxx:TrackPointExtension=, gpxx:Temperature=-9.00175857543945, gpxx:Depth=124.125961303711}
assembleTrackPoint:
trkpt attribs [(lon:-110.44220731593668)(lat:24.563556667417288)]
time content [2010-03-21T17:37:43Z]
{gpxx:TrackPointExtension=, gpxx:Temperature=-9.00175857543945, gpxx:Depth=124.03108215332}
assembleTrackPoint:
trkpt attribs [(lon:-110.44219206087291)(lat:24.563543256372213)]
time content [2010-03-21T17:37:44Z]
{gpxx:TrackPointExtension=, gpxx:Temperature=-9.00175857543945, gpxx:Depth=123.390640258789}
assembleTrackPoint:
trkpt attribs [(lon:-110.4421462956816)(lat:24.563537556678057)]
time content [2010-03-21T17:37:46Z]
{gpxx:TrackPointExtension=, gpxx:Temperature=-9.00175857543945, gpxx:Depth=123.082275390625}
assembleTrackPoint:
trkpt attribs [(lon:-110.44210044667125)(lat:24.563547112047672)]
time content [2010-03-21T17:37:48Z]
{gpxx:TrackPointExtension=, gpxx:Temperature=-9.00175857543945, gpxx:Depth=122.014877319336}
assembleTrackPoint:
trkpt attribs [(lon:-110.44207756407559)(lat:24.563543256372213)]
time content [2010-03-21T17:37:49Z]
{gpxx:TrackPointExtension=, gpxx:Temperature=-9.00175857543945, gpxx:Depth=121.066101074219}
assembleTrackPoint:
trkpt attribs [(lon:-110.44205468147993)(lat:24.563537556678057)]
time content [2010-03-21T17:37:50Z]
{gpxx:TrackPointExtension=, gpxx:Temperature=-9.00175857543945, gpxx:Depth=120.805160522461}
assembleTrackPoint:
trkpt attribs [(lon:-110.44198603369296)(lat:24.563528001308441)]
time content [2010-03-21T17:37:53Z]
{gpxx:TrackPointExtension=, gpxx:Temperature=-9.00175857543945, gpxx:Depth=119.998687744141}
assembleTrackPoint:
trkpt attribs [(lon:-110.44190975837409)(lat:24.563508974388242)]
time content [2010-03-21T17:37:56Z]
{gpxx:TrackPointExtension=, gpxx:Temperature=-9.00175857543945, gpxx:Depth=118.3857421875}
assembleTrackPoint:
trkpt attribs [(lon:-110.44189450331032)(lat:24.563507046550512)]
time content [2010-03-21T17:37:57Z]
{gpxx:TrackPointExtension=, gpxx:Temperature=-9.00175857543945, gpxx:Depth=118.3857421875}
assembleTrackPoint:
trkpt attribs [(lon:-110.44180297292769)(lat:24.563495563343167)]
time content [2010-03-21T17:38:01Z]
{gpxx:TrackPointExtension=, gpxx:Temperature=-9.00175857543945, gpxx:Depth=116.559310913086}
assembleTrackPoint:
trkpt attribs [(lon:-110.44175712391734)(lat:24.563489863649011)]
time content [2010-03-21T17:38:03Z]
{gpxx:TrackPointExtension=, gpxx:Temperature=-9.00175857543945, gpxx:Depth=115.325881958008}
assembleTrackPoint:
trkpt attribs [(lon:-110.44171135872602)(lat:24.563474608585238)]
time content [2010-03-21T17:38:05Z]
{gpxx:TrackPointExtension=, gpxx:Temperature=-9.00175857543945, gpxx:Depth=114.709167480469}
assembleTrackPoint:
trkpt attribs [(lon:-110.44166559353471)(lat:24.563474608585238)]
time content [2010-03-21T17:38:07Z]
{gpxx:TrackPointExtension=, gpxx:Temperature=-9.00175857543945, gpxx:Depth=113.238540649414}
assembleTrackPoint:
trkpt attribs [(lon:-110.44163508340716)(lat:24.563470836728811)]
time content [2010-03-21T17:38:08Z]
{gpxx:TrackPointExtension=, gpxx:Temperature=-9.00175857543945, gpxx:Depth=112.621826171875}
assembleTrackPoint:
trkpt attribs [(lon:-110.44158931821585)(lat:24.563457425683737)]
time content [2010-03-21T17:38:10Z]
{gpxx:TrackPointExtension=, gpxx:Temperature=-9.00175857543945, gpxx:Depth=111.862777709961}
assembleTrackPoint:
trkpt attribs [(lon:-110.44154355302453)(lat:24.56345365382731)]
time content [2010-03-21T17:38:12Z]
{gpxx:TrackPointExtension=, gpxx:Temperature=-9.00175857543945, gpxx:Depth=111.103759765625}
assembleTrackPoint:
trkpt attribs [(lon:-110.44149016030133)(lat:24.563446026295424)]
time content [2010-03-21T17:38:14Z]
{gpxx:TrackPointExtension=, gpxx:Temperature=-9.00175857543945, gpxx:Depth=110.131240844727}
assembleTrackPoint:
trkpt attribs [(lon:-110.44146727770567)(lat:24.563440242782235)]
time content [2010-03-21T17:38:15Z]
{gpxx:TrackPointExtension=, gpxx:Temperature=-9.00175857543945, gpxx:Depth=109.514526367188}
assembleTrackPoint:
trkpt attribs [(lon:-110.44141380116343)(lat:24.563440242782235)]
time content [2010-03-21T17:38:17Z]
{gpxx:TrackPointExtension=, gpxx:Temperature=-9.00175857543945, gpxx:Depth=108.399688720703}
assembleTrackPoint:
trkpt attribs [(lon:-110.44136040844023)(lat:24.563436470925808)]
time content [2010-03-21T17:38:19Z]
{gpxx:TrackPointExtension=, gpxx:Temperature=-9.00175857543945, gpxx:Depth=107.450897216797}
assembleTrackPoint:
trkpt attribs [(lon:-110.44133752584457)(lat:24.563430771231651)]
time content [2010-03-21T17:38:20Z]
{gpxx:TrackPointExtension=, gpxx:Temperature=-9.00175857543945, gpxx:Depth=107.047668457031}
assembleTrackPoint:
trkpt attribs [(lon:-110.44126125052571)(lat:24.563432615250349)]
time content [2010-03-21T17:38:23Z]
{gpxx:TrackPointExtension=, gpxx:Temperature=-9.00175857543945, gpxx:Depth=105.861663818359}
assembleTrackPoint:
trkpt attribs [(lon:-110.4412154853344)(lat:24.563430771231651)]
time content [2010-03-21T17:38:25Z]
{gpxx:TrackPointExtension=, gpxx:Temperature=-9.00175857543945, gpxx:Depth=104.817993164063}
assembleTrackPoint:
trkpt attribs [(lon:-110.44114683754742)(lat:24.563426915556192)]
time content [2010-03-21T17:38:28Z]
{gpxx:TrackPointExtension=, gpxx:Temperature=-9.00175857543945, gpxx:Depth=104.343597412109}
assembleTrackPoint:
trkpt attribs [(lon:-110.4411010723561)(lat:24.563424987718463)]
time content [2010-03-21T17:38:30Z]
{gpxx:TrackPointExtension=, gpxx:Temperature=-9.00175857543945, gpxx:Depth=103.323654174805}
assembleTrackPoint:
trkpt attribs [(lon:-110.44105522334576)(lat:24.563430771231651)]
time content [2010-03-21T17:38:32Z]
{gpxx:TrackPointExtension=, gpxx:Temperature=-9.00175857543945, gpxx:Depth=102.517166137695}
assembleTrackPoint:
trkpt attribs [(lon:-110.4410323407501)(lat:24.563426915556192)]
time content [2010-03-21T17:38:33Z]
{gpxx:TrackPointExtension=, gpxx:Temperature=-9.00175857543945, gpxx:Depth=101.686965942383}
assembleTrackPoint:
trkpt attribs [(lon:-110.4409789480269)(lat:24.563417360186577)]
time content [2010-03-21T17:38:35Z]
{gpxx:TrackPointExtension=, gpxx:Temperature=-9.00175857543945, gpxx:Depth=101.449783325195}
assembleTrackPoint:
trkpt attribs [(lon:-110.44093318283558)(lat:24.563421215862036)]
time content [2010-03-21T17:38:37Z]
{gpxx:TrackPointExtension=, gpxx:Temperature=-9.00175857543945, gpxx:Depth=100.833053588867}
assembleTrackPoint:
trkpt attribs [(lon:-110.44087979011238)(lat:24.563423143699765)]
time content [2010-03-21T17:38:39Z]
{gpxx:TrackPointExtension=, gpxx:Temperature=-9.00175857543945, gpxx:Depth=99.741943359375}
assembleTrackPoint:
trkpt attribs [(lon:-110.4408111423254)(lat:24.563421215862036)]
time content [2010-03-21T17:38:42Z]
{gpxx:TrackPointExtension=, gpxx:Temperature=-9.00175857543945, gpxx:Depth=99.0540771484375}
assembleTrackPoint:
trkpt attribs [(lon:-110.44075012207031)(lat:24.563423143699765)]
time content [2010-03-21T17:38:45Z]
{gpxx:TrackPointExtension=, gpxx:Temperature=-9.00175857543945, gpxx:Depth=98.1052856445313}
assembleTrackPoint:
trkpt attribs [(lon:-110.44070427305996)(lat:24.563424987718463)]
time content [2010-03-21T17:38:47Z]
{gpxx:TrackPointExtension=, gpxx:Temperature=-9.00175857543945, gpxx:Depth=96.9667205810547}
assembleTrackPoint:
trkpt attribs [(lon:-110.44065850786865)(lat:24.563421215862036)]
time content [2010-03-21T17:38:49Z]
{gpxx:TrackPointExtension=, gpxx:Temperature=-9.00175857543945, gpxx:Depth=96.5872039794922}
assembleTrackPoint:
trkpt attribs [(lon:-110.44064325280488)(lat:24.563424987718463)]
time content [2010-03-21T17:38:50Z]
{gpxx:TrackPointExtension=, gpxx:Temperature=-9.00175857543945, gpxx:Depth=96.3500061035156}
assembleTrackPoint:
trkpt attribs [(lon:-110.4405746050179)(lat:24.563405960798264)]
time content [2010-03-21T17:38:53Z]
{gpxx:TrackPointExtension=, gpxx:Temperature=-9.00175857543945, gpxx:Depth=95.2114562988281}
assembleTrackPoint:
trkpt attribs [(lon:-110.44050595723093)(lat:24.563407888635993)]
time content [2010-03-21T17:38:56Z]
{gpxx:TrackPointExtension=, gpxx:Temperature=-9.00175857543945, gpxx:Depth=94.4286956787109}
assembleTrackPoint:
trkpt attribs [(lon:-110.44045256450772)(lat:24.563404032960534)]
time content [2010-03-21T17:38:58Z]
{gpxx:TrackPointExtension=, gpxx:Temperature=-9.00175857543945, gpxx:Depth=94.0966186523438}
assembleTrackPoint:
trkpt attribs [(lon:-110.44040679931641)(lat:24.56341166049242)]
time content [2010-03-21T17:39:00Z]
{gpxx:TrackPointExtension=, gpxx:Temperature=-9.00175857543945, gpxx:Depth=93.2427062988281}
assembleTrackPoint:
trkpt attribs [(lon:-110.4403380677104)(lat:24.563402105122805)]
time content [2010-03-21T17:39:03Z]
{gpxx:TrackPointExtension=, gpxx:Temperature=-9.00175857543945, gpxx:Depth=92.7445831298828}
assembleTrackPoint:
trkpt attribs [(lon:-110.4402846749872)(lat:24.563405960798264)]
time content [2010-03-21T17:39:05Z]
{gpxx:TrackPointExtension=, gpxx:Temperature=-9.00175857543945, gpxx:Depth=91.9618377685547}
assembleTrackPoint:
trkpt attribs [(lon:-110.44021602720022)(lat:24.563402105122805)]
time content [2010-03-21T17:39:08Z]
{gpxx:TrackPointExtension=, gpxx:Temperature=-9.00175857543945, gpxx:Depth=91.3688354492188}
assembleTrackPoint:
trkpt attribs [(lon:-110.44007110409439)(lat:24.563390705734491)]
time content [2010-03-21T17:39:14Z]
{gpxx:TrackPointExtension=, gpxx:Temperature=-9.00175857543945, gpxx:Depth=90.6809539794922}
assembleTrackPoint:
trkpt attribs [(lon:-110.44002525508404)(lat:24.563381150364876)]
time content [2010-03-21T17:39:16Z]
{gpxx:TrackPointExtension=, gpxx:Temperature=-9.00175857543945, gpxx:Depth=90.2777252197266}
assembleTrackPoint:
trkpt attribs [(lon:-110.43985744938254)(lat:24.56337352283299)]
time content [2010-03-21T17:39:23Z]
{gpxx:TrackPointExtension=, gpxx:Temperature=-9.00175857543945, gpxx:Depth=89.8507690429688}
assembleTrackPoint:
trkpt attribs [(lon:-110.43961328454316)(lat:24.563325829803944)]
time content [2010-03-21T17:39:32Z]
{gpxx:TrackPointExtension=, gpxx:Temperature=-9.00175857543945, gpxx:Depth=88.9968566894531}
assembleTrackPoint:
trkpt attribs [(lon:-110.43938445858657)(lat:24.563283920288086)]
time content [2010-03-21T17:39:40Z]
{gpxx:TrackPointExtension=, gpxx:Temperature=-9.00175857543945, gpxx:Depth=88.5224609375}
assembleTrackPoint:
trkpt attribs [(lon:-110.43897240422666)(lat:24.563232371583581)]
time content [2010-03-21T17:39:54Z]
{gpxx:TrackPointExtension=, gpxx:Temperature=-9.00175857543945, gpxx:Depth=87.8108673095703}
assembleTrackPoint:
trkpt attribs [(lon:-110.43894189409912)(lat:24.563226671889424)]
time content [2010-03-21T17:39:55Z]
{gpxx:TrackPointExtension=, gpxx:Temperature=-9.00175857543945, gpxx:Depth=87.7159729003906}
assembleTrackPoint:
trkpt attribs [(lon:-110.43856806121767)(lat:24.563192306086421)]
time content [2010-03-21T17:40:07Z]
{gpxx:TrackPointExtension=, gpxx:Temperature=-9.00175857543945, gpxx:Depth=87.2890319824219}
assembleTrackPoint:
trkpt attribs [(lon:-110.43820948339999)(lat:24.563148468732834)]
time content [2010-03-21T17:40:18Z]
{gpxx:TrackPointExtension=, gpxx:Temperature=-9.00175857543945, gpxx:Depth=87.0281066894531}
assembleTrackPoint:
trkpt attribs [(lon:-110.43786616064608)(lat:24.563095076009631)]
time content [2010-03-21T17:40:29Z]
{gpxx:TrackPointExtension=, gpxx:Temperature=-9.00175857543945, gpxx:Depth=86.8620758056641}
assembleTrackPoint:
trkpt attribs [(lon:-110.43780514039099)(lat:24.56307789310813)]
time content [2010-03-21T17:40:31Z]
{gpxx:TrackPointExtension=, gpxx:Temperature=-9.00175857543945, gpxx:Depth=86.8620758056641}
assembleTrackPoint:
trkpt attribs [(lon:-110.43767547234893)(lat:24.563070265576243)]
time content [2010-03-21T17:40:35Z]
{gpxx:TrackPointExtension=, gpxx:Temperature=-9.00175857543945, gpxx:Depth=86.7434692382813}
assembleTrackPoint:
trkpt attribs [(lon:-110.43737028725445)(lat:24.56303589977324)]
time content [2010-03-21T17:40:45Z]
{gpxx:TrackPointExtension=, gpxx:Temperature=-9.00175857543945, gpxx:Depth=87.0518341064453}
assembleTrackPoint:
trkpt attribs [(lon:-110.43730918318033)(lat:24.563024500384927)]
time content [2010-03-21T17:40:47Z]
{gpxx:TrackPointExtension=, gpxx:Temperature=-9.00175857543945, gpxx:Depth=87.2890319824219}
assembleTrackPoint:
trkpt attribs [(lon:-110.43696586042643)(lat:24.562967251986265)]
time content [2010-03-21T17:40:58Z]
{gpxx:TrackPointExtension=, gpxx:Temperature=-9.00175857543945, gpxx:Depth=86.8146362304688}
assembleTrackPoint:
trkpt attribs [(lon:-110.43689721263945)(lat:24.562967251986265)]
time content [2010-03-21T17:41:00Z]
{gpxx:TrackPointExtension=, gpxx:Temperature=-9.00175857543945, gpxx:Depth=86.8146362304688}
assembleTrackPoint:
trkpt attribs [(lon:-110.43677517212927)(lat:24.562948225066066)]
time content [2010-03-21T17:41:04Z]
{gpxx:TrackPointExtension=, gpxx:Temperature=-9.00175857543945, gpxx:Depth=86.5062713623047}
assembleTrackPoint:
trkpt attribs [(lon:-110.43664550408721)(lat:24.562965324148536)]
time content [2010-03-21T17:41:08Z]
{gpxx:TrackPointExtension=, gpxx:Temperature=-9.00175857543945, gpxx:Depth=86.1979064941406}
assembleTrackPoint:
trkpt attribs [(lon:-110.43618005700409)(lat:24.56293866969645)]
time content [2010-03-21T17:41:22Z]
{gpxx:TrackPointExtension=, gpxx:Temperature=-9.00175857543945, gpxx:Depth=85.9607086181641}
assembleTrackPoint:
trkpt attribs [(lon:-110.43611903674901)(lat:24.562932886183262)]
time content [2010-03-21T17:41:24Z]
{gpxx:TrackPointExtension=, gpxx:Temperature=-9.00175857543945, gpxx:Depth=85.9607086181641}
assembleTrackPoint:
trkpt attribs [(lon:-110.43586724437773)(lat:24.562892904505134)]
time content [2010-03-21T17:41:32Z]
{gpxx:TrackPointExtension=, gpxx:Temperature=-9.00175857543945, gpxx:Depth=85.8658447265625}
assembleTrackPoint:
trkpt attribs [(lon:-110.43574520386755)(lat:24.562887120991945)]
time content [2010-03-21T17:41:36Z]
{gpxx:TrackPointExtension=, gpxx:Temperature=-9.00175857543945, gpxx:Depth=85.8421173095703}
assembleTrackPoint:
trkpt attribs [(lon:-110.43561553582549)(lat:24.562862394377589)]
time content [2010-03-21T17:41:40Z]
{gpxx:TrackPointExtension=, gpxx:Temperature=-9.00175857543945, gpxx:Depth=85.4388732910156}
assembleTrackPoint:
trkpt attribs [(lon:-110.43535611592233)(lat:24.562797518447042)]
time content [2010-03-21T17:41:49Z]
{gpxx:TrackPointExtension=, gpxx:Temperature=-9.00175857543945, gpxx:Depth=85.2728424072266}
assembleTrackPoint:
trkpt attribs [(lon:-110.43531035073102)(lat:24.562776563689113)]
time content [2010-03-21T17:41:51Z]
{gpxx:TrackPointExtension=, gpxx:Temperature=-9.00175857543945, gpxx:Depth=86.0081481933594}
assembleTrackPoint:
trkpt attribs [(lon:-110.43524924665689)(lat:24.562744125723839)]
time content [2010-03-21T17:41:53Z]
{gpxx:TrackPointExtension=, gpxx:Temperature=-9.00175857543945, gpxx:Depth=86.3402404785156}
assembleTrackPoint:
trkpt attribs [(lon:-110.43510432355106)(lat:24.562704060226679)]
time content [2010-03-21T17:41:58Z]
{gpxx:TrackPointExtension=, gpxx:Temperature=-9.00175857543945, gpxx:Depth=86.0081481933594}
assembleTrackPoint:
trkpt attribs [(lon:-110.43498228304088)(lat:24.562679249793291)]
time content [2010-03-21T17:42:02Z]
{gpxx:TrackPointExtension=, gpxx:Temperature=-9.00175857543945, gpxx:Depth=85.6760711669922}
assembleTrackPoint:
trkpt attribs [(lon:-110.43495177291334)(lat:24.562673550099134)]
time content [2010-03-21T17:42:03Z]
{gpxx:TrackPointExtension=, gpxx:Temperature=-9.00175857543945, gpxx:Depth=85.5811920166016}
assembleTrackPoint:
trkpt attribs [(lon:-110.43463896028697)(lat:24.562646811828017)]
time content [2010-03-21T17:42:13Z]
{gpxx:TrackPointExtension=, gpxx:Temperature=-9.00175857543945, gpxx:Depth=85.794677734375}
assembleTrackPoint:
trkpt attribs [(lon:-110.43431852012873)(lat:24.562597274780273)]
time content [2010-03-21T17:42:23Z]
{gpxx:TrackPointExtension=, gpxx:Temperature=-9.00175857543945, gpxx:Depth=86.1267547607422}
assembleTrackPoint:
trkpt attribs [(lon:-110.43424987234175)(lat:24.562597274780273)]
time content [2010-03-21T17:42:25Z]
{gpxx:TrackPointExtension=, gpxx:Temperature=-9.00175857543945, gpxx:Depth=85.5337524414063}
assembleTrackPoint:
trkpt attribs [(lon:-110.43421927839518)(lat:24.562589563429356)]
time content [2010-03-21T17:42:26Z]
{gpxx:TrackPointExtension=, gpxx:Temperature=-9.00175857543945, gpxx:Depth=85.5337524414063}
assembleTrackPoint:
trkpt attribs [(lon:-110.43382256291807)(lat:24.562507588416338)]
time content [2010-03-21T17:42:38Z]
{gpxx:TrackPointExtension=, gpxx:Temperature=-9.00175857543945, gpxx:Depth=85.4626007080078}
assembleTrackPoint:
trkpt attribs [(lon:-110.43367001228034)(lat:24.562517143785954)]
time content [2010-03-21T17:42:43Z]
{gpxx:TrackPointExtension=, gpxx:Temperature=-9.00175857543945, gpxx:Depth=85.2728424072266}
assembleTrackPoint:
trkpt attribs [(lon:-110.43331906199455)(lat:24.56248277798295)]
time content [2010-03-21T17:42:54Z]
{gpxx:TrackPointExtension=, gpxx:Temperature=-9.00175857543945, gpxx:Depth=85.343994140625}
assembleTrackPoint:
trkpt attribs [(lon:-110.43321990408003)(lat:24.562465595081449)]
time content [2010-03-21T17:42:57Z]
{gpxx:TrackPointExtension=, gpxx:Temperature=-9.00175857543945, gpxx:Depth=85.9844360351563}
assembleTrackPoint:
trkpt attribs [(lon:-110.43315880000591)(lat:24.562467522919178)]
time content [2010-03-21T17:42:59Z]
{gpxx:TrackPointExtension=, gpxx:Temperature=-9.00175857543945, gpxx:Depth=86.1267547607422}
assembleTrackPoint:
trkpt attribs [(lon:-110.43309777975082)(lat:24.562467522919178)]
time content [2010-03-21T17:43:01Z]
{gpxx:TrackPointExtension=, gpxx:Temperature=-9.00175857543945, gpxx:Depth=86.0793151855469}
assembleTrackPoint:
trkpt attribs [(lon:-110.43269343674183)(lat:24.562438940629363)]
time content [2010-03-21T17:43:14Z]
{gpxx:TrackPointExtension=, gpxx:Temperature=-9.00175857543945, gpxx:Depth=85.794677734375}
assembleTrackPoint:
trkpt attribs [(lon:-110.43254088610411)(lat:24.562412202358246)]
time content [2010-03-21T17:43:19Z]
{gpxx:TrackPointExtension=, gpxx:Temperature=-9.00175857543945, gpxx:Depth=86.3165130615234}
assembleTrackPoint:
trkpt attribs [(lon:-110.4324187617749)(lat:24.562400802969933)]
time content [2010-03-21T17:43:23Z]
{gpxx:TrackPointExtension=, gpxx:Temperature=-9.00175857543945, gpxx:Depth=86.1979064941406}
assembleTrackPoint:
trkpt attribs [(lon:-110.43209832161665)(lat:24.562379764392972)]
time content [2010-03-21T17:43:33Z]
{gpxx:TrackPointExtension=, gpxx:Temperature=-9.00175857543945, gpxx:Depth=85.9844360351563}
assembleTrackPoint:
trkpt attribs [(lon:-110.43175499886274)(lat:24.562335927039385)]
time content [2010-03-21T17:43:44Z]
{gpxx:TrackPointExtension=, gpxx:Temperature=-9.00175857543945, gpxx:Depth=85.9132843017578}
assembleTrackPoint:
trkpt attribs [(lon:-110.43136591091752)(lat:24.562311116605997)]
time content [2010-03-21T17:43:57Z]
{gpxx:TrackPointExtension=, gpxx:Temperature=-9.00175857543945, gpxx:Depth=85.7472381591797}
assembleTrackPoint:
trkpt attribs [(lon:-110.43093868531287)(lat:24.562223358079791)]
time content [2010-03-21T17:44:12Z]
{gpxx:TrackPointExtension=, gpxx:Temperature=-9.00175857543945, gpxx:Depth=85.5811920166016}
assembleTrackPoint:
trkpt attribs [(lon:-110.4308090172708)(lat:24.562229141592979)]
time content [2010-03-21T17:44:16Z]
{gpxx:TrackPointExtension=, gpxx:Temperature=-9.00175857543945, gpxx:Depth=85.5811920166016}
assembleTrackPoint:
trkpt attribs [(lon:-110.43067926540971)(lat:24.562229141592979)]
time content [2010-03-21T17:44:20Z]
{gpxx:TrackPointExtension=, gpxx:Temperature=-9.00175857543945, gpxx:Depth=86.1267547607422}
assembleTrackPoint:
trkpt attribs [(lon:-110.43031306006014)(lat:24.562175748869777)]
time content [2010-03-21T17:44:32Z]
{gpxx:TrackPointExtension=, gpxx:Temperature=-9.00175857543945, gpxx:Depth=85.7472381591797}
assembleTrackPoint:
trkpt attribs [(lon:-110.4302825499326)(lat:24.562168121337891)]
time content [2010-03-21T17:44:33Z]
{gpxx:TrackPointExtension=, gpxx:Temperature=-9.00175857543945, gpxx:Depth=85.7472381591797}
assembleTrackPoint:
trkpt attribs [(lon:-110.43000024743378)(lat:24.56214901059866)]
time content [2010-03-21T17:44:43Z]
{gpxx:TrackPointExtension=, gpxx:Temperature=-9.00175857543945, gpxx:Depth=85.4863128662109}
assembleTrackPoint:
trkpt attribs [(lon:-110.42983244173229)(lat:24.562150938436389)]
time content [2010-03-21T17:44:49Z]
{gpxx:TrackPointExtension=, gpxx:Temperature=-9.00175857543945, gpxx:Depth=85.4151611328125}
assembleTrackPoint:
trkpt attribs [(lon:-110.42945860885084)(lat:24.56214901059866)]
time content [2010-03-21T17:45:01Z]
{gpxx:TrackPointExtension=, gpxx:Temperature=-9.00175857543945, gpxx:Depth=85.2016754150391}
assembleTrackPoint:
trkpt attribs [(lon:-110.42915342375636)(lat:24.562141383066773)]
time content [2010-03-21T17:45:11Z]
{gpxx:TrackPointExtension=, gpxx:Temperature=-9.00175857543945, gpxx:Depth=84.7272796630859}
assembleTrackPoint:
trkpt attribs [(lon:-110.42912291362882)(lat:24.562135683372617)]
time content [2010-03-21T17:45:12Z]
{gpxx:TrackPointExtension=, gpxx:Temperature=-9.00175857543945, gpxx:Depth=84.7272796630859}
assembleTrackPoint:
trkpt attribs [(lon:-110.42900078929961)(lat:24.562114644795656)]
time content [2010-03-21T17:45:16Z]
{gpxx:TrackPointExtension=, gpxx:Temperature=-9.00175857543945, gpxx:Depth=84.7272796630859}
assembleTrackPoint:
trkpt attribs [(lon:-110.42891688644886)(lat:24.562080362811685)]
time content [2010-03-21T17:45:19Z]
{gpxx:TrackPointExtension=, gpxx:Temperature=-9.00175857543945, gpxx:Depth=84.3477630615234}
assembleTrackPoint:
trkpt attribs [(lon:-110.42859644629061)(lat:24.562072735279799)]
time content [2010-03-21T17:45:29Z]
{gpxx:TrackPointExtension=, gpxx:Temperature=-9.00175857543945, gpxx:Depth=84.276611328125}
assembleTrackPoint:
trkpt attribs [(lon:-110.42853542603552)(lat:24.562065107747912)]
time content [2010-03-21T17:45:31Z]
{gpxx:TrackPointExtension=, gpxx:Temperature=-9.00175857543945, gpxx:Depth=84.276611328125}
assembleTrackPoint:
trkpt attribs [(lon:-110.42835228145123)(lat:24.562044069170952)]
time content [2010-03-21T17:45:37Z]
{gpxx:TrackPointExtension=, gpxx:Temperature=-9.00175857543945, gpxx:Depth=83.8022155761719}
assembleTrackPoint:
trkpt attribs [(lon:-110.42826075106859)(lat:24.562023114413023)]
time content [2010-03-21T17:45:40Z]
{gpxx:TrackPointExtension=, gpxx:Temperature=-9.00175857543945, gpxx:Depth=83.8022155761719}
assembleTrackPoint:
trkpt attribs [(lon:-110.42810820043087)(lat:24.56200978718698)]
time content [2010-03-21T17:45:45Z]
{gpxx:TrackPointExtension=, gpxx:Temperature=-9.00175857543945, gpxx:Depth=83.3989715576172}
assembleTrackPoint:
trkpt attribs [(lon:-110.42808531783521)(lat:24.561998303979635)]
time content [2010-03-21T17:45:46Z]
{gpxx:TrackPointExtension=, gpxx:Temperature=-9.00175857543945, gpxx:Depth=83.3989715576172}
assembleTrackPoint:
trkpt attribs [(lon:-110.42789454571903)(lat:24.561954466626048)]
time content [2010-03-21T17:45:52Z]
{gpxx:TrackPointExtension=, gpxx:Temperature=-9.00175857543945, gpxx:Depth=83.0194549560547}
assembleTrackPoint:
trkpt attribs [(lon:-110.42778013274074)(lat:24.561927728354931)]
time content [2010-03-21T17:45:56Z]
{gpxx:TrackPointExtension=, gpxx:Temperature=-9.00175857543945, gpxx:Depth=82.9720153808594}
assembleTrackPoint:
trkpt attribs [(lon:-110.42740629985929)(lat:24.561901073902845)]
time content [2010-03-21T17:46:08Z]
{gpxx:TrackPointExtension=, gpxx:Temperature=-9.00175857543945, gpxx:Depth=82.3315887451172}
assembleTrackPoint:
trkpt attribs [(lon:-110.42713162489235)(lat:24.561876263469458)]
time content [2010-03-21T17:46:17Z]
{gpxx:TrackPointExtension=, gpxx:Temperature=-9.00175857543945, gpxx:Depth=81.7148590087891}
assembleTrackPoint:
trkpt attribs [(lon:-110.42710111476481)(lat:24.561870563775301)]
time content [2010-03-21T17:46:18Z]
{gpxx:TrackPointExtension=, gpxx:Temperature=-9.00175857543945, gpxx:Depth=81.7148590087891}
assembleTrackPoint:
trkpt attribs [(lon:-110.42694085277617)(lat:24.561857152730227)]
time content [2010-03-21T17:46:23Z]
{gpxx:TrackPointExtension=, gpxx:Temperature=-9.00175857543945, gpxx:Depth=81.6199798583984}
assembleTrackPoint:
trkpt attribs [(lon:-110.42684932239354)(lat:24.561834270134568)]
time content [2010-03-21T17:46:26Z]
{gpxx:TrackPointExtension=, gpxx:Temperature=-9.00175857543945, gpxx:Depth=81.2404632568359}
assembleTrackPoint:
trkpt attribs [(lon:-110.42649074457586)(lat:24.561819015070796)]
time content [2010-03-21T17:46:37Z]
{gpxx:TrackPointExtension=, gpxx:Temperature=-9.00175857543945, gpxx:Depth=80.7423400878906}
assembleTrackPoint:
trkpt attribs [(lon:-110.42626183480024)(lat:24.561784733086824)]
time content [2010-03-21T17:46:44Z]
{gpxx:TrackPointExtension=, gpxx:Temperature=-9.00175857543945, gpxx:Depth=80.2205047607422}
assembleTrackPoint:
trkpt attribs [(lon:-110.42614742182195)(lat:24.561773249879479)]
time content [2010-03-21T17:46:48Z]
{gpxx:TrackPointExtension=, gpxx:Temperature=-9.00175857543945, gpxx:Depth=80.1019134521484}
assembleTrackPoint:
trkpt attribs [(lon:-110.42584223672748)(lat:24.561706529930234)]
time content [2010-03-21T17:46:58Z]
{gpxx:TrackPointExtension=, gpxx:Temperature=-9.00175857543945, gpxx:Depth=79.8647155761719}
assembleTrackPoint:
trkpt attribs [(lon:-110.42572782374918)(lat:24.561708373948932)]
time content [2010-03-21T17:47:02Z]
{gpxx:TrackPointExtension=, gpxx:Temperature=-9.00175857543945, gpxx:Depth=79.7935638427734}
assembleTrackPoint:
trkpt attribs [(lon:-110.42556756176054)(lat:24.561689347028732)]
time content [2010-03-21T17:47:06Z]
{gpxx:TrackPointExtension=, gpxx:Temperature=-9.00175857543945, gpxx:Depth=79.6512298583984}
assembleTrackPoint:
trkpt attribs [(lon:-110.425537051633)(lat:24.561698902398348)]
time content [2010-03-21T17:47:08Z]
{gpxx:TrackPointExtension=, gpxx:Temperature=-9.00175857543945, gpxx:Depth=79.5563507080078}
assembleTrackPoint:
trkpt attribs [(lon:-110.4252471216023)(lat:24.56167409196496)]
time content [2010-03-21T17:47:18Z]
{gpxx:TrackPointExtension=, gpxx:Temperature=-9.00175857543945, gpxx:Depth=80.1019134521484}
assembleTrackPoint:
trkpt attribs [(lon:-110.42512508109212)(lat:24.561658836901188)]
time content [2010-03-21T17:47:22Z]
{gpxx:TrackPointExtension=, gpxx:Temperature=-9.00175857543945, gpxx:Depth=79.9595947265625}
assembleTrackPoint:
trkpt attribs [(lon:-110.42506406083703)(lat:24.561660764738917)]
time content [2010-03-21T17:47:24Z]
{gpxx:TrackPointExtension=, gpxx:Temperature=-9.00175857543945, gpxx:Depth=79.7461090087891}
assembleTrackPoint:
trkpt attribs [(lon:-110.42503355070949)(lat:24.561651209369302)]
time content [2010-03-21T17:47:25Z]
{gpxx:TrackPointExtension=, gpxx:Temperature=-9.00175857543945, gpxx:Depth=79.7461090087891}
assembleTrackPoint:
trkpt attribs [(lon:-110.42485803365707)(lat:24.561664536595345)]
time content [2010-03-21T17:47:31Z]
{gpxx:TrackPointExtension=, gpxx:Temperature=-9.00175857543945, gpxx:Depth=79.3666076660156}
assembleTrackPoint:
trkpt attribs [(lon:-110.42483515106142)(lat:24.561668392270803)]
time content [2010-03-21T17:47:32Z]
{gpxx:TrackPointExtension=, gpxx:Temperature=-9.00175857543945, gpxx:Depth=79.3666076660156}
assembleTrackPoint:
trkpt attribs [(lon:-110.42466734535992)(lat:24.561677863821387)]
time content [2010-03-21T17:47:38Z]
{gpxx:TrackPointExtension=, gpxx:Temperature=-9.00175857543945, gpxx:Depth=79.6749572753906}
assembleTrackPoint:
trkpt attribs [(lon:-110.42434690520167)(lat:24.56171415746212)]
time content [2010-03-21T17:47:50Z]
{gpxx:TrackPointExtension=, gpxx:Temperature=-9.00175857543945, gpxx:Depth=79.3428802490234}
assembleTrackPoint:
trkpt attribs [(lon:-110.42402646504343)(lat:24.561696974560618)]
time content [2010-03-21T17:48:01Z]
{gpxx:TrackPointExtension=, gpxx:Temperature=-9.00175857543945, gpxx:Depth=78.9159240722656}
assembleTrackPoint:
trkpt attribs [(lon:-110.4239119682461)(lat:24.561685491353273)]
time content [2010-03-21T17:48:05Z]
{gpxx:TrackPointExtension=, gpxx:Temperature=-9.00175857543945, gpxx:Depth=78.821044921875}
assembleTrackPoint:
trkpt attribs [(lon:-110.42381281033158)(lat:24.56167601980269)]
time content [2010-03-21T17:48:08Z]
{gpxx:TrackPointExtension=, gpxx:Temperature=-9.00175857543945, gpxx:Depth=78.370361328125}
assembleTrackPoint:
trkpt attribs [(lon:-110.42335507459939)(lat:24.561637798324227)]
time content [2010-03-21T17:48:22Z]
{gpxx:TrackPointExtension=, gpxx:Temperature=-9.00175857543945, gpxx:Depth=77.7536468505859}
assembleTrackPoint:
trkpt attribs [(lon:-110.42327879928052)(lat:24.5616340264678)]
time content [2010-03-21T17:48:24Z]
{gpxx:TrackPointExtension=, gpxx:Temperature=-9.00175857543945, gpxx:Depth=77.3978576660156}
assembleTrackPoint:
trkpt attribs [(lon:-110.42311090976)(lat:24.561645425856113)]
time content [2010-03-21T17:48:29Z]
{gpxx:TrackPointExtension=, gpxx:Temperature=-9.00175857543945, gpxx:Depth=76.852294921875}
assembleTrackPoint:
trkpt attribs [(lon:-110.42295073159039)(lat:24.561609216034412)]
time content [2010-03-21T17:48:34Z]
{gpxx:TrackPointExtension=, gpxx:Temperature=-9.00175857543945, gpxx:Depth=76.3304595947266}
assembleTrackPoint:
trkpt attribs [(lon:-110.42279046960175)(lat:24.561582561582327)]
time content [2010-03-21T17:48:39Z]
{gpxx:TrackPointExtension=, gpxx:Temperature=-9.00175857543945, gpxx:Depth=75.7137451171875}
assembleTrackPoint:
trkpt attribs [(lon:-110.42272182181478)(lat:24.561573006212711)]
time content [2010-03-21T17:48:41Z]
{gpxx:TrackPointExtension=, gpxx:Temperature=-9.00175857543945, gpxx:Depth=75.3816680908203}
assembleTrackPoint:
trkpt attribs [(lon:-110.4225997813046)(lat:24.56155582331121)]
time content [2010-03-21T17:48:45Z]
{gpxx:TrackPointExtension=, gpxx:Temperature=-9.00175857543945, gpxx:Depth=74.5040283203125}
assembleTrackPoint:
trkpt attribs [(lon:-110.42256927117705)(lat:24.561546267941594)]
time content [2010-03-21T17:48:46Z]
{gpxx:TrackPointExtension=, gpxx:Temperature=-9.00175857543945, gpxx:Depth=74.4565887451172}
assembleTrackPoint:
trkpt attribs [(lon:-110.42234798893332)(lat:24.561477620154619)]
time content [2010-03-21T17:48:53Z]
{gpxx:TrackPointExtension=, gpxx:Temperature=-9.00175857543945, gpxx:Depth=73.673828125}
assembleTrackPoint:
trkpt attribs [(lon:-110.42227934114635)(lat:24.561450881883502)]
time content [2010-03-21T17:48:55Z]
{gpxx:TrackPointExtension=, gpxx:Temperature=-9.00175857543945, gpxx:Depth=73.2943267822266}
assembleTrackPoint:
trkpt attribs [(lon:-110.42208094149828)(lat:24.561397489160299)]
time content [2010-03-21T17:49:01Z]
{gpxx:TrackPointExtension=, gpxx:Temperature=-9.00175857543945, gpxx:Depth=72.6301574707031}
assembleTrackPoint:
trkpt attribs [(lon:-110.42197415605187)(lat:24.561368906870484)]
time content [2010-03-21T17:49:04Z]
{gpxx:TrackPointExtension=, gpxx:Temperature=-9.00175857543945, gpxx:Depth=72.0846099853516}
assembleTrackPoint:
trkpt attribs [(lon:-110.42179101146758)(lat:24.561296403408051)]
time content [2010-03-21T17:49:10Z]
{gpxx:TrackPointExtension=, gpxx:Temperature=-9.00175857543945, gpxx:Depth=71.4204559326172}
assembleTrackPoint:
trkpt attribs [(lon:-110.42176050134003)(lat:24.561281148344278)]
time content [2010-03-21T17:49:11Z]
{gpxx:TrackPointExtension=, gpxx:Temperature=-9.00175857543945, gpxx:Depth=71.3255767822266}
assembleTrackPoint:
trkpt attribs [(lon:-110.42160032317042)(lat:24.561231611296535)]
time content [2010-03-21T17:49:16Z]
{gpxx:TrackPointExtension=, gpxx:Temperature=-9.00175857543945, gpxx:Depth=71.3018493652344}
assembleTrackPoint:
trkpt attribs [(lon:-110.42145531624556)(lat:24.561145780608058)]
time content [2010-03-21T17:49:20Z]
{gpxx:TrackPointExtension=, gpxx:Temperature=-9.00175857543945, gpxx:Depth=70.8748931884766}
assembleTrackPoint:
trkpt attribs [(lon:-110.4214324336499)(lat:24.561128597706556)]
time content [2010-03-21T17:49:22Z]
{gpxx:TrackPointExtension=, gpxx:Temperature=-9.00175857543945, gpxx:Depth=70.8748931884766}
assembleTrackPoint:
trkpt attribs [(lon:-110.42128751054406)(lat:24.561073277145624)]
time content [2010-03-21T17:49:27Z]
{gpxx:TrackPointExtension=, gpxx:Temperature=-9.00175857543945, gpxx:Depth=70.4716644287109}
assembleTrackPoint:
trkpt attribs [(lon:-110.42125700041652)(lat:24.561054166406393)]
time content [2010-03-21T17:49:28Z]
{gpxx:TrackPointExtension=, gpxx:Temperature=-9.00175857543945, gpxx:Depth=70.4716644287109}
assembleTrackPoint:
trkpt attribs [(lon:-110.42089842259884)(lat:24.560997001826763)]
time content [2010-03-21T17:49:40Z]
{gpxx:TrackPointExtension=, gpxx:Temperature=-9.00175857543945, gpxx:Depth=69.8075103759766}
assembleTrackPoint:
trkpt attribs [(lon:-110.42044060304761)(lat:24.560943525284529)]
time content [2010-03-21T17:49:54Z]
{gpxx:TrackPointExtension=, gpxx:Temperature=-9.00175857543945, gpxx:Depth=69.0484619140625}
assembleTrackPoint:
trkpt attribs [(lon:-110.4203338176012)(lat:24.560897760093212)]
time content [2010-03-21T17:49:56Z]
{gpxx:TrackPointExtension=, gpxx:Temperature=-9.00175857543945, gpxx:Depth=68.7875518798828}
assembleTrackPoint:
trkpt attribs [(lon:-110.4203338176012)(lat:24.560897760093212)]
time content [2010-03-21T17:49:57Z]
{gpxx:TrackPointExtension=, gpxx:Temperature=-9.00175857543945, gpxx:Depth=68.7875518798828}
assembleTrackPoint:
trkpt attribs [(lon:-110.41995998471975)(lat:24.560876805335283)]
time content [2010-03-21T17:50:08Z]
{gpxx:TrackPointExtension=, gpxx:Temperature=-9.00175857543945, gpxx:Depth=68.1471099853516}
assembleTrackPoint:
trkpt attribs [(lon:-110.41992947459221)(lat:24.560874877497554)]
time content [2010-03-21T17:50:09Z]
{gpxx:TrackPointExtension=, gpxx:Temperature=-9.00175857543945, gpxx:Depth=68.1233978271484}
assembleTrackPoint:
trkpt attribs [(lon:-110.41984557174146)(lat:24.560859622433782)]
time content [2010-03-21T17:50:11Z]
{gpxx:TrackPointExtension=, gpxx:Temperature=-9.00175857543945, gpxx:Depth=68.1233978271484}
assembleTrackPoint:
trkpt attribs [(lon:-110.41970819234848)(lat:24.560867249965668)]
time content [2010-03-21T17:50:15Z]
{gpxx:TrackPointExtension=, gpxx:Temperature=-9.00175857543945, gpxx:Depth=67.7675933837891}
assembleTrackPoint:
trkpt attribs [(lon:-110.4195327591151)(lat:24.560831040143967)]
time content [2010-03-21T17:50:20Z]
{gpxx:TrackPointExtension=, gpxx:Temperature=-9.00175857543945, gpxx:Depth=67.8387603759766}
assembleTrackPoint:
trkpt attribs [(lon:-110.41905205696821)(lat:24.560850067064166)]
time content [2010-03-21T17:50:35Z]
{gpxx:TrackPointExtension=, gpxx:Temperature=-9.00175857543945, gpxx:Depth=67.1745910644531}
assembleTrackPoint:
trkpt attribs [(lon:-110.41899103671312)(lat:24.560851994901896)]
time content [2010-03-21T17:50:37Z]
{gpxx:TrackPointExtension=, gpxx:Temperature=-9.00175857543945, gpxx:Depth=66.9848327636719}
assembleTrackPoint:
trkpt attribs [(lon:-110.41875449940562)(lat:24.560851994901896)]
time content [2010-03-21T17:50:45Z]
{gpxx:TrackPointExtension=, gpxx:Temperature=-9.00175857543945, gpxx:Depth=67.6015472412109}
assembleTrackPoint:
trkpt attribs [(lon:-110.41870110668242)(lat:24.560853922739625)]
time content [2010-03-21T17:50:46Z]
{gpxx:TrackPointExtension=, gpxx:Temperature=-9.00175857543945, gpxx:Depth=67.5541229248047}
assembleTrackPoint:
trkpt attribs [(lon:-110.41866296902299)(lat:24.560848223045468)]
time content [2010-03-21T17:50:48Z]
{gpxx:TrackPointExtension=, gpxx:Temperature=-9.00175857543945, gpxx:Depth=67.2931976318359}
assembleTrackPoint:
trkpt attribs [(lon:-110.41863245889544)(lat:24.560846295207739)]
time content [2010-03-21T17:50:49Z]
{gpxx:TrackPointExtension=, gpxx:Temperature=-9.00175857543945, gpxx:Depth=67.2931976318359}
assembleTrackPoint:
trkpt attribs [(lon:-110.41855618357658)(lat:24.560869177803397)]
time content [2010-03-21T17:50:52Z]
{gpxx:TrackPointExtension=, gpxx:Temperature=-9.00175857543945, gpxx:Depth=67.2931976318359}
assembleTrackPoint:
trkpt attribs [(lon:-110.41825099848211)(lat:24.56088250502944)]
time content [2010-03-21T17:51:02Z]
{gpxx:TrackPointExtension=, gpxx:Temperature=-9.00175857543945, gpxx:Depth=66.6290435791016}
assembleTrackPoint:
trkpt attribs [(lon:-110.41817472316325)(lat:24.560897760093212)]
time content [2010-03-21T17:51:05Z]
{gpxx:TrackPointExtension=, gpxx:Temperature=-9.00175857543945, gpxx:Depth=66.6290435791016}
assembleTrackPoint:
trkpt attribs [(lon:-110.41778563521802)(lat:24.560930198058486)]
time content [2010-03-21T17:51:19Z]
{gpxx:TrackPointExtension=, gpxx:Temperature=-9.00175857543945, gpxx:Depth=65.9174499511719}
assembleTrackPoint:
trkpt attribs [(lon:-110.4176177456975)(lat:24.560937825590372)]
time content [2010-03-21T17:51:25Z]
{gpxx:TrackPointExtension=, gpxx:Temperature=-9.00175857543945, gpxx:Depth=65.3481750488281}
assembleTrackPoint:
trkpt attribs [(lon:-110.41751096025109)(lat:24.560947380959988)]
time content [2010-03-21T17:51:29Z]
{gpxx:TrackPointExtension=, gpxx:Temperature=-9.00175857543945, gpxx:Depth=65.2058410644531}
assembleTrackPoint:
trkpt attribs [(lon:-110.41742705740035)(lat:24.560958780348301)]
time content [2010-03-21T17:51:32Z]
{gpxx:TrackPointExtension=, gpxx:Temperature=-9.00175857543945, gpxx:Depth=64.9212188720703}
assembleTrackPoint:
trkpt attribs [(lon:-110.41737358085811)(lat:24.560964563861489)]
time content [2010-03-21T17:51:34Z]
{gpxx:TrackPointExtension=, gpxx:Temperature=-9.00175857543945, gpxx:Depth=64.6602935791016}
assembleTrackPoint:
trkpt attribs [(lon:-110.41735069826245)(lat:24.56096263602376)]
time content [2010-03-21T17:51:35Z]
{gpxx:TrackPointExtension=, gpxx:Temperature=-9.00175857543945, gpxx:Depth=64.5891418457031}
assembleTrackPoint:
trkpt attribs [(lon:-110.41719052009284)(lat:24.560993146151304)]
time content [2010-03-21T17:51:40Z]
{gpxx:TrackPointExtension=, gpxx:Temperature=-9.00175857543945, gpxx:Depth=63.9487037658691}
assembleTrackPoint:
trkpt attribs [(lon:-110.41719052009284)(lat:24.560993146151304)]
time content [2010-03-21T17:51:41Z]
{gpxx:TrackPointExtension=, gpxx:Temperature=-9.00175857543945, gpxx:Depth=63.9487037658691}
assembleTrackPoint:
trkpt attribs [(lon:-110.4171600099653)(lat:24.560993146151304)]
time content [2010-03-21T17:51:42Z]
{gpxx:TrackPointExtension=, gpxx:Temperature=-9.00175857543945, gpxx:Depth=63.8301048278809}
assembleTrackPoint:
trkpt attribs [(lon:-110.41701500304043)(lat:24.561029355973005)]
time content [2010-03-21T17:51:47Z]
{gpxx:TrackPointExtension=, gpxx:Temperature=-9.00175857543945, gpxx:Depth=63.2845497131348}
assembleTrackPoint:
trkpt attribs [(lon:-110.41686245240271)(lat:24.561054166406393)]
time content [2010-03-21T17:51:54Z]
{gpxx:TrackPointExtension=, gpxx:Temperature=-9.00175857543945, gpxx:Depth=62.4780693054199}
assembleTrackPoint:
trkpt attribs [(lon:-110.41676329448819)(lat:24.561061793938279)]
time content [2010-03-21T17:51:57Z]
{gpxx:TrackPointExtension=, gpxx:Temperature=-9.00175857543945, gpxx:Depth=62.0511131286621}
assembleTrackPoint:
trkpt attribs [(lon:-110.41667168028653)(lat:24.561084676533937)]
time content [2010-03-21T17:52:02Z]
{gpxx:TrackPointExtension=, gpxx:Temperature=-9.00175857543945, gpxx:Depth=61.2683525085449}
assembleTrackPoint:
trkpt attribs [(lon:-110.41661066003144)(lat:24.561078976839781)]
time content [2010-03-21T17:52:04Z]
{gpxx:TrackPointExtension=, gpxx:Temperature=-9.00175857543945, gpxx:Depth=60.9837226867676}
assembleTrackPoint:
trkpt attribs [(lon:-110.41645048186183)(lat:24.561084676533937)]
time content [2010-03-21T17:52:10Z]
{gpxx:TrackPointExtension=, gpxx:Temperature=-9.00175857543945, gpxx:Depth=60.2958488464355}
assembleTrackPoint:
trkpt attribs [(lon:-110.41641997173429)(lat:24.56108283251524)]
time content [2010-03-21T17:52:11Z]
{gpxx:TrackPointExtension=, gpxx:Temperature=-9.00175857543945, gpxx:Depth=60.224681854248}
assembleTrackPoint:
trkpt attribs [(lon:-110.41634361259639)(lat:24.561094231903553)]
time content [2010-03-21T17:52:14Z]
{gpxx:TrackPointExtension=, gpxx:Temperature=-9.00175857543945, gpxx:Depth=59.607967376709}
assembleTrackPoint:
trkpt attribs [(lon:-110.41632073000073)(lat:24.561094231903553)]
time content [2010-03-21T17:52:15Z]
{gpxx:TrackPointExtension=, gpxx:Temperature=-9.00175857543945, gpxx:Depth=59.607967376709}
assembleTrackPoint:
trkpt attribs [(lon:-110.41624445468187)(lat:24.56109993159771)]
time content [2010-03-21T17:52:18Z]
{gpxx:TrackPointExtension=, gpxx:Temperature=-9.00175857543945, gpxx:Depth=58.8252143859863}
assembleTrackPoint:
trkpt attribs [(lon:-110.41621394455433)(lat:24.561101859435439)]
time content [2010-03-21T17:52:19Z]
{gpxx:TrackPointExtension=, gpxx:Temperature=-9.00175857543945, gpxx:Depth=58.8252143859863}
assembleTrackPoint:
trkpt attribs [(lon:-110.41616055183113)(lat:24.561101859435439)]
time content [2010-03-21T17:52:21Z]
{gpxx:TrackPointExtension=, gpxx:Temperature=-9.00175857543945, gpxx:Depth=58.4931373596191}
assembleTrackPoint:
trkpt attribs [(lon:-110.41609190404415)(lat:24.561107559129596)]
time content [2010-03-21T17:52:24Z]
{gpxx:TrackPointExtension=, gpxx:Temperature=-9.00175857543945, gpxx:Depth=58.0424613952637}
assembleTrackPoint:
trkpt attribs [(lon:-110.41606902144849)(lat:24.561113342642784)]
time content [2010-03-21T17:52:25Z]
{gpxx:TrackPointExtension=, gpxx:Temperature=-9.00175857543945, gpxx:Depth=57.2834281921387}
assembleTrackPoint:
trkpt attribs [(lon:-110.41603088378906)(lat:24.561128597706556)]
time content [2010-03-21T17:52:26Z]
{gpxx:TrackPointExtension=, gpxx:Temperature=-9.00175857543945, gpxx:Depth=57.2834281921387}
assembleTrackPoint:
trkpt attribs [(lon:-110.41592401452363)(lat:24.561143852770329)]
time content [2010-03-21T17:52:32Z]
{gpxx:TrackPointExtension=, gpxx:Temperature=-9.00175857543945, gpxx:Depth=56.3820686340332}
assembleTrackPoint:
trkpt attribs [(lon:-110.41586299426854)(lat:24.561143852770329)]
time content [2010-03-21T17:52:35Z]
{gpxx:TrackPointExtension=, gpxx:Temperature=-9.00175857543945, gpxx:Depth=56.0262718200684}
assembleTrackPoint:
trkpt attribs [(lon:-110.41573332622647)(lat:24.561159107834101)]
time content [2010-03-21T17:52:40Z]
{gpxx:TrackPointExtension=, gpxx:Temperature=-9.00175857543945, gpxx:Depth=55.290958404541}
assembleTrackPoint:
trkpt attribs [(lon:-110.41573332622647)(lat:24.561159107834101)]
time content [2010-03-21T17:52:41Z]
{gpxx:TrackPointExtension=, gpxx:Temperature=-9.00175857543945, gpxx:Depth=55.2672309875488}
assembleTrackPoint:
trkpt attribs [(lon:-110.41566459462047)(lat:24.5611781347543)]
time content [2010-03-21T17:52:45Z]
{gpxx:TrackPointExtension=, gpxx:Temperature=-9.00175857543945, gpxx:Depth=54.8877220153809}
assembleTrackPoint:
trkpt attribs [(lon:-110.4155349265784)(lat:24.561210572719574)]
time content [2010-03-21T17:52:51Z]
{gpxx:TrackPointExtension=, gpxx:Temperature=-9.00175857543945, gpxx:Depth=54.223560333252}
assembleTrackPoint:
trkpt attribs [(lon:-110.41549678891897)(lat:24.56121820025146)]
time content [2010-03-21T17:52:53Z]
{gpxx:TrackPointExtension=, gpxx:Temperature=-9.00175857543945, gpxx:Depth=54.0338020324707}
assembleTrackPoint:
trkpt attribs [(lon:-110.41545102372766)(lat:24.561222055926919)]
time content [2010-03-21T17:52:55Z]
{gpxx:TrackPointExtension=, gpxx:Temperature=-9.00175857543945, gpxx:Depth=53.6542854309082}
assembleTrackPoint:
trkpt attribs [(lon:-110.41538237594068)(lat:24.561237310990691)]
time content [2010-03-21T17:52:59Z]
{gpxx:TrackPointExtension=, gpxx:Temperature=-9.00175857543945, gpxx:Depth=53.0138511657715}
assembleTrackPoint:
trkpt attribs [(lon:-110.41533652693033)(lat:24.561241082847118)]
time content [2010-03-21T17:53:01Z]
{gpxx:TrackPointExtension=, gpxx:Temperature=-9.00175857543945, gpxx:Depth=52.705493927002}
assembleTrackPoint:
trkpt attribs [(lon:-110.41523736901581)(lat:24.561263965442777)]
time content [2010-03-21T17:53:04Z]
{gpxx:TrackPointExtension=, gpxx:Temperature=-9.00175857543945, gpxx:Depth=52.6817741394043}
assembleTrackPoint:
trkpt attribs [(lon:-110.41514583863318)(lat:24.561277376487851)]
time content [2010-03-21T17:53:07Z]
{gpxx:TrackPointExtension=, gpxx:Temperature=-9.00175857543945, gpxx:Depth=52.183650970459}
assembleTrackPoint:
trkpt attribs [(lon:-110.41503905318677)(lat:24.561317441985011)]
time content [2010-03-21T17:53:11Z]
{gpxx:TrackPointExtension=, gpxx:Temperature=-9.00175857543945, gpxx:Depth=51.6380958557129}
assembleTrackPoint:
trkpt attribs [(lon:-110.41498557664454)(lat:24.561342168599367)]
time content [2010-03-21T17:53:13Z]
{gpxx:TrackPointExtension=, gpxx:Temperature=-9.00175857543945, gpxx:Depth=51.1874198913574}
assembleTrackPoint:
trkpt attribs [(lon:-110.41496269404888)(lat:24.561357423663139)]
time content [2010-03-21T17:53:15Z]
{gpxx:TrackPointExtension=, gpxx:Temperature=-9.00175857543945, gpxx:Depth=51.0451011657715}
assembleTrackPoint:
trkpt attribs [(lon:-110.41486353613436)(lat:24.561399416998029)]
time content [2010-03-21T17:53:18Z]
{gpxx:TrackPointExtension=, gpxx:Temperature=-9.00175857543945, gpxx:Depth=50.6893043518066}
assembleTrackPoint:
trkpt attribs [(lon:-110.41481014341116)(lat:24.561424227431417)]
time content [2010-03-21T17:53:20Z]
{gpxx:TrackPointExtension=, gpxx:Temperature=-9.00175857543945, gpxx:Depth=50.3809547424316}
assembleTrackPoint:
trkpt attribs [(lon:-110.41472624056041)(lat:24.561433782801032)]
time content [2010-03-21T17:53:23Z]
{gpxx:TrackPointExtension=, gpxx:Temperature=-9.00175857543945, gpxx:Depth=50.2623481750488}
assembleTrackPoint:
trkpt attribs [(lon:-110.41464225389063)(lat:24.56145666539669)]
time content [2010-03-21T17:53:28Z]
{gpxx:TrackPointExtension=, gpxx:Temperature=-9.00175857543945, gpxx:Depth=49.6930732727051}
assembleTrackPoint:
trkpt attribs [(lon:-110.41453546844423)(lat:24.561529085040092)]
time content [2010-03-21T17:53:34Z]
{gpxx:TrackPointExtension=, gpxx:Temperature=-9.00175857543945, gpxx:Depth=49.2661094665527}
assembleTrackPoint:
trkpt attribs [(lon:-110.41435240767896)(lat:24.561517685651779)]
time content [2010-03-21T17:53:46Z]
{gpxx:TrackPointExtension=, gpxx:Temperature=-9.00175857543945, gpxx:Depth=48.625675201416}
assembleTrackPoint:
trkpt attribs [(lon:-110.41413112543523)(lat:24.561441410332918)]
time content [2010-03-21T17:53:59Z]
{gpxx:TrackPointExtension=, gpxx:Temperature=-9.00175857543945, gpxx:Depth=48.1275596618652}
assembleTrackPoint:
trkpt attribs [(lon:-110.41402433998883)(lat:24.561429927125573)]
time content [2010-03-21T17:54:04Z]
{gpxx:TrackPointExtension=, gpxx:Temperature=-9.00175857543945, gpxx:Depth=47.7243232727051}
assembleTrackPoint:
trkpt attribs [(lon:-110.41394798085093)(lat:24.561422299593687)]
time content [2010-03-21T17:54:09Z]
{gpxx:TrackPointExtension=, gpxx:Temperature=-9.00175857543945, gpxx:Depth=47.3922538757324}
assembleTrackPoint:
trkpt attribs [(lon:-110.41391747072339)(lat:24.561424227431417)]
time content [2010-03-21T17:54:12Z]
{gpxx:TrackPointExtension=, gpxx:Temperature=-9.00175857543945, gpxx:Depth=47.3922538757324}
assembleTrackPoint:
trkpt attribs [(lon:-110.41384882293642)(lat:24.561420371755958)]
time content [2010-03-21T17:54:17Z]
{gpxx:TrackPointExtension=, gpxx:Temperature=-9.00175857543945, gpxx:Depth=47.2024879455566}
assembleTrackPoint:
trkpt attribs [(lon:-110.41375729255378)(lat:24.561410900205374)]
time content [2010-03-21T17:54:24Z]
{gpxx:TrackPointExtension=, gpxx:Temperature=-9.00175857543945, gpxx:Depth=46.7755393981934}
assembleTrackPoint:
trkpt attribs [(lon:-110.41368864476681)(lat:24.561405116692185)]
time content [2010-03-21T17:54:28Z]
{gpxx:TrackPointExtension=, gpxx:Temperature=-9.00175857543945, gpxx:Depth=46.7043724060059}
assembleTrackPoint:
trkpt attribs [(lon:-110.41352075524628)(lat:24.561368906870484)]
time content [2010-03-21T17:54:42Z]
{gpxx:TrackPointExtension=, gpxx:Temperature=-9.00175857543945, gpxx:Depth=45.9690589904785}
assembleTrackPoint:
trkpt attribs [(lon:-110.41347499005497)(lat:24.561357423663139)]
time content [2010-03-21T17:54:44Z]
{gpxx:TrackPointExtension=, gpxx:Temperature=-9.00175857543945, gpxx:Depth=45.7793006896973}
assembleTrackPoint:
trkpt attribs [(lon:-110.41337583214045)(lat:24.561340324580669)]
time content [2010-03-21T17:54:52Z]
{gpxx:TrackPointExtension=, gpxx:Temperature=-9.00175857543945, gpxx:Depth=45.3523445129395}
assembleTrackPoint:
trkpt attribs [(lon:-110.41326133534312)(lat:24.561319286003709)]
time content [2010-03-21T17:54:59Z]
{gpxx:TrackPointExtension=, gpxx:Temperature=-9.00175857543945, gpxx:Depth=44.901668548584}
assembleTrackPoint:
trkpt attribs [(lon:-110.41316980496049)(lat:24.561307886615396)]
time content [2010-03-21T17:55:05Z]
{gpxx:TrackPointExtension=, gpxx:Temperature=-9.00175857543945, gpxx:Depth=44.4509925842285}
assembleTrackPoint:
trkpt attribs [(lon:-110.41313166730106)(lat:24.561304030939937)]
time content [2010-03-21T17:55:06Z]
{gpxx:TrackPointExtension=, gpxx:Temperature=-9.00175857543945, gpxx:Depth=44.3798332214355}
assembleTrackPoint:
trkpt attribs [(lon:-110.41304013691843)(lat:24.561292631551623)]
time content [2010-03-21T17:55:12Z]
{gpxx:TrackPointExtension=, gpxx:Temperature=-9.00175857543945, gpxx:Depth=43.9765892028809}
assembleTrackPoint:
trkpt attribs [(lon:-110.4129256401211)(lat:24.56129833124578)]
time content [2010-03-21T17:55:18Z]
{gpxx:TrackPointExtension=, gpxx:Temperature=-9.00175857543945, gpxx:Depth=43.4073143005371}
assembleTrackPoint:
trkpt attribs [(lon:-110.41278071701527)(lat:24.561321213841438)]
time content [2010-03-21T17:55:24Z]
{gpxx:TrackPointExtension=, gpxx:Temperature=-9.00175857543945, gpxx:Depth=42.7431526184082}
assembleTrackPoint:
trkpt attribs [(lon:-110.41271969676018)(lat:24.561326913535595)]
time content [2010-03-21T17:55:28Z]
{gpxx:TrackPointExtension=, gpxx:Temperature=-9.00175857543945, gpxx:Depth=42.2687568664551}
assembleTrackPoint:
trkpt attribs [(lon:-110.41261291131377)(lat:24.561342168599367)]
time content [2010-03-21T17:55:33Z]
{gpxx:TrackPointExtension=, gpxx:Temperature=-9.00175857543945, gpxx:Depth=41.8180885314941}
assembleTrackPoint:
trkpt attribs [(lon:-110.41255180723965)(lat:24.561349796131253)]
time content [2010-03-21T17:55:36Z]
{gpxx:TrackPointExtension=, gpxx:Temperature=-9.00175857543945, gpxx:Depth=41.4622917175293}
assembleTrackPoint:
trkpt attribs [(lon:-110.4124679043889)(lat:24.561366979032755)]
time content [2010-03-21T17:55:40Z]
{gpxx:TrackPointExtension=, gpxx:Temperature=-9.00175857543945, gpxx:Depth=40.8692970275879}
assembleTrackPoint:
trkpt attribs [(lon:-110.41235349141061)(lat:24.561391789466143)]
time content [2010-03-21T17:55:45Z]
{gpxx:TrackPointExtension=, gpxx:Temperature=-9.00175857543945, gpxx:Depth=40.3474540710449}
assembleTrackPoint:
trkpt attribs [(lon:-110.41224662214518)(lat:24.561420371755958)]
time content [2010-03-21T17:55:51Z]
{gpxx:TrackPointExtension=, gpxx:Temperature=-9.00175857543945, gpxx:Depth=39.4935417175293}
assembleTrackPoint:
trkpt attribs [(lon:-110.41220848448575)(lat:24.561431854963303)]
time content [2010-03-21T17:55:53Z]
{gpxx:TrackPointExtension=, gpxx:Temperature=-9.00175857543945, gpxx:Depth=39.3275032043457}
assembleTrackPoint:
trkpt attribs [(lon:-110.412124581635)(lat:24.561445182189345)]
time content [2010-03-21T17:55:57Z]
{gpxx:TrackPointExtension=, gpxx:Temperature=-9.00175857543945, gpxx:Depth=38.8293876647949}
assembleTrackPoint:
trkpt attribs [(lon:-110.41206356137991)(lat:24.561454737558961)]
time content [2010-03-21T17:56:00Z]
{gpxx:TrackPointExtension=, gpxx:Temperature=-9.00175857543945, gpxx:Depth=38.4973106384277}
assembleTrackPoint:
trkpt attribs [(lon:-110.41201779618859)(lat:24.561464292928576)]
time content [2010-03-21T17:56:01Z]
{gpxx:TrackPointExtension=, gpxx:Temperature=-9.00175857543945, gpxx:Depth=38.4024314880371}
assembleTrackPoint:
trkpt attribs [(lon:-110.41192626580596)(lat:24.561485247686505)]
time content [2010-03-21T17:56:06Z]
{gpxx:TrackPointExtension=, gpxx:Temperature=-9.00175857543945, gpxx:Depth=37.856876373291}
assembleTrackPoint:
trkpt attribs [(lon:-110.41179651394486)(lat:24.561519613489509)]
time content [2010-03-21T17:56:11Z]
{gpxx:TrackPointExtension=, gpxx:Temperature=-9.00175857543945, gpxx:Depth=37.2164344787598}
assembleTrackPoint:
trkpt attribs [(lon:-110.41179651394486)(lat:24.561519613489509)]
time content [2010-03-21T17:56:12Z]
{gpxx:TrackPointExtension=, gpxx:Temperature=-9.00175857543945, gpxx:Depth=37.1927146911621}
assembleTrackPoint:
trkpt attribs [(lon:-110.41162870824337)(lat:24.561576778069139)]
time content [2010-03-21T17:56:19Z]
{gpxx:TrackPointExtension=, gpxx:Temperature=-9.00175857543945, gpxx:Depth=36.5048408508301}
assembleTrackPoint:
trkpt attribs [(lon:-110.41154472157359)(lat:24.561609216034412)]
time content [2010-03-21T17:56:23Z]
{gpxx:TrackPointExtension=, gpxx:Temperature=-9.00175857543945, gpxx:Depth=36.1253242492676}
assembleTrackPoint:
trkpt attribs [(lon:-110.41152183897793)(lat:24.561614915728569)]
time content [2010-03-21T17:56:24Z]
{gpxx:TrackPointExtension=, gpxx:Temperature=-9.00175857543945, gpxx:Depth=36.030445098877}
assembleTrackPoint:
trkpt attribs [(lon:-110.41136928834021)(lat:24.561666464433074)]
time content [2010-03-21T17:56:31Z]
{gpxx:TrackPointExtension=, gpxx:Temperature=-9.00175857543945, gpxx:Depth=35.4374504089355}
assembleTrackPoint:
trkpt attribs [(lon:-110.41114800609648)(lat:24.561750367283821)]
time content [2010-03-21T17:56:41Z]
{gpxx:TrackPointExtension=, gpxx:Temperature=-9.00175857543945, gpxx:Depth=34.749568939209}
assembleTrackPoint:
trkpt attribs [(lon:-110.41107173077762)(lat:24.561782805249095)]
time content [2010-03-21T17:56:46Z]
{gpxx:TrackPointExtension=, gpxx:Temperature=-9.00175857543945, gpxx:Depth=34.3463401794434}
assembleTrackPoint:
trkpt attribs [(lon:-110.41099545545876)(lat:24.561820942908525)]
time content [2010-03-21T17:56:50Z]
{gpxx:TrackPointExtension=, gpxx:Temperature=-9.00175857543945, gpxx:Depth=34.2040138244629}
assembleTrackPoint:
trkpt attribs [(lon:-110.41077417321503)(lat:24.561927728354931)]
time content [2010-03-21T17:57:01Z]
{gpxx:TrackPointExtension=, gpxx:Temperature=-9.00175857543945, gpxx:Depth=33.3975410461426}
assembleTrackPoint:
trkpt attribs [(lon:-110.41075891815126)(lat:24.561937283724546)]
time content [2010-03-21T17:57:02Z]
{gpxx:TrackPointExtension=, gpxx:Temperature=-9.00175857543945, gpxx:Depth=33.3501014709473}
assembleTrackPoint:
trkpt attribs [(lon:-110.41056060232222)(lat:24.562025042250752)]
time content [2010-03-21T17:57:12Z]
{gpxx:TrackPointExtension=, gpxx:Temperature=-9.00175857543945, gpxx:Depth=32.7096672058105}
assembleTrackPoint:
trkpt attribs [(lon:-110.41036983020604)(lat:24.562118500471115)]
time content [2010-03-21T17:57:25Z]
{gpxx:TrackPointExtension=, gpxx:Temperature=-9.00175857543945, gpxx:Depth=32.0692291259766}
assembleTrackPoint:
trkpt attribs [(lon:-110.41014092043042)(lat:24.562179520726204)]
time content [2010-03-21T17:57:42Z]
{gpxx:TrackPointExtension=, gpxx:Temperature=-9.00175857543945, gpxx:Depth=31.4050750732422}
assembleTrackPoint:
trkpt attribs [(lon:-110.41001125238836)(lat:24.562246240675449)]
time content [2010-03-21T17:57:56Z]
{gpxx:TrackPointExtension=, gpxx:Temperature=-9.00175857543945, gpxx:Depth=30.7883567810059}
assembleTrackPoint:
trkpt attribs [(lon:-110.40989683941007)(lat:24.562370292842388)]
time content [2010-03-21T17:58:16Z]
{gpxx:TrackPointExtension=, gpxx:Temperature=-9.00175857543945, gpxx:Depth=30.1716423034668}
assembleTrackPoint:
trkpt attribs [(lon:-110.40972894988954)(lat:24.562454195693135)]
time content [2010-03-21T17:58:34Z]
{gpxx:TrackPointExtension=, gpxx:Temperature=-9.00175857543945, gpxx:Depth=29.5312042236328}
assembleTrackPoint:
trkpt attribs [(lon:-110.40962216444314)(lat:24.562534326687455)]
time content [2010-03-21T17:58:49Z]
{gpxx:TrackPointExtension=, gpxx:Temperature=-9.00175857543945, gpxx:Depth=28.8433303833008}
assembleTrackPoint:
trkpt attribs [(lon:-110.40947715751827)(lat:24.562623929232359)]
time content [2010-03-21T17:59:06Z]
{gpxx:TrackPointExtension=, gpxx:Temperature=-9.00175857543945, gpxx:Depth=28.2266159057617}
assembleTrackPoint:
trkpt attribs [(lon:-110.40926358662546)(lat:24.562669694423676)]
time content [2010-03-21T17:59:22Z]
{gpxx:TrackPointExtension=, gpxx:Temperature=-9.00175857543945, gpxx:Depth=27.6098976135254}
assembleTrackPoint:
trkpt attribs [(lon:-110.40901179425418)(lat:24.56264303997159)]
time content [2010-03-21T17:59:40Z]
{gpxx:TrackPointExtension=, gpxx:Temperature=-9.00175857543945, gpxx:Depth=27.016902923584}
assembleTrackPoint:
trkpt attribs [(lon:-110.40869898162782)(lat:24.562538098543882)]
time content [2010-03-21T17:59:58Z]
{gpxx:TrackPointExtension=, gpxx:Temperature=-9.00175857543945, gpxx:Depth=26.4001884460449}
assembleTrackPoint:
trkpt attribs [(lon:-110.40838616900146)(lat:24.562412202358246)]
time content [2010-03-21T18:00:13Z]
{gpxx:TrackPointExtension=, gpxx:Temperature=-9.00175857543945, gpxx:Depth=25.7834701538086}
assembleTrackPoint:
trkpt attribs [(lon:-110.40814971551299)(lat:24.562318744137883)]
time content [2010-03-21T18:00:25Z]
{gpxx:TrackPointExtension=, gpxx:Temperature=-9.00175857543945, gpxx:Depth=25.1667556762695}
assembleTrackPoint:
trkpt attribs [(lon:-110.4078521579504)(lat:24.562215730547905)]
time content [2010-03-21T18:00:39Z]
{gpxx:TrackPointExtension=, gpxx:Temperature=-9.00175857543945, gpxx:Depth=24.5263175964355}
assembleTrackPoint:
trkpt attribs [(lon:-110.4076156206429)(lat:24.562087990343571)]
time content [2010-03-21T18:00:51Z]
{gpxx:TrackPointExtension=, gpxx:Temperature=-9.00175857543945, gpxx:Depth=23.9333229064941}
assembleTrackPoint:
trkpt attribs [(lon:-110.40734857320786)(lat:24.561925884336233)]
time content [2010-03-21T18:01:05Z]
{gpxx:TrackPointExtension=, gpxx:Temperature=-9.00175857543945, gpxx:Depth=23.3166046142578}
assembleTrackPoint:
trkpt attribs [(lon:-110.4071578849107)(lat:24.561792360618711)]
time content [2010-03-21T18:01:17Z]
{gpxx:TrackPointExtension=, gpxx:Temperature=-9.00175857543945, gpxx:Depth=22.6998901367188}
assembleTrackPoint:
trkpt attribs [(lon:-110.40698999539018)(lat:24.561691274866462)]
time content [2010-03-21T18:01:29Z]
{gpxx:TrackPointExtension=, gpxx:Temperature=-9.00175857543945, gpxx:Depth=22.1068916320801}
assembleTrackPoint:
trkpt attribs [(lon:-110.40675345808268)(lat:24.561521457508206)]
time content [2010-03-21T18:01:48Z]
{gpxx:TrackPointExtension=, gpxx:Temperature=-9.00175857543945, gpxx:Depth=21.4901809692383}
assembleTrackPoint:
trkpt attribs [(lon:-110.40657039731741)(lat:24.561363207176328)]
time content [2010-03-21T18:02:00Z]
{gpxx:TrackPointExtension=, gpxx:Temperature=-9.00175857543945, gpxx:Depth=20.873462677002}
assembleTrackPoint:
trkpt attribs [(lon:-110.40638725273311)(lat:24.561191545799375)]
time content [2010-03-21T18:02:11Z]
{gpxx:TrackPointExtension=, gpxx:Temperature=-9.00175857543945, gpxx:Depth=20.2093086242676}
assembleTrackPoint:
trkpt attribs [(lon:-110.40619656443596)(lat:24.56104276701808)]
time content [2010-03-21T18:02:21Z]
{gpxx:TrackPointExtension=, gpxx:Temperature=-9.00175857543945, gpxx:Depth=19.4977111816406}
assembleTrackPoint:
trkpt attribs [(lon:-110.405990537256)(lat:24.560872949659824)]
time content [2010-03-21T18:02:32Z]
{gpxx:TrackPointExtension=, gpxx:Temperature=-9.00175857543945, gpxx:Depth=18.9047164916992}
assembleTrackPoint:
trkpt attribs [(lon:-110.4056472145021)(lat:24.560619313269854)]
time content [2010-03-21T18:02:49Z]
{gpxx:TrackPointExtension=, gpxx:Temperature=-9.00175857543945, gpxx:Depth=18.2642784118652}
assembleTrackPoint:
trkpt attribs [(lon:-110.40519710630178)(lat:24.560337010771036)]
time content [2010-03-21T18:03:10Z]
{gpxx:TrackPointExtension=, gpxx:Temperature=-9.00175857543945, gpxx:Depth=18.0508003234863}
assembleTrackPoint:
trkpt attribs [(lon:-110.40515134111047)(lat:24.560312200337648)]
time content [2010-03-21T18:03:12Z]
{gpxx:TrackPointExtension=, gpxx:Temperature=-9.00175857543945, gpxx:Depth=18.4303207397461}
assembleTrackPoint:
trkpt attribs [(lon:-110.40471648797393)(lat:24.560102401301265)]
time content [2010-03-21T18:03:31Z]
{gpxx:TrackPointExtension=, gpxx:Temperature=-9.00175857543945, gpxx:Depth=18.4066009521484}
assembleTrackPoint:
trkpt attribs [(lon:-110.40461724624038)(lat:24.56007189117372)]
time content [2010-03-21T18:03:35Z]
{gpxx:TrackPointExtension=, gpxx:Temperature=-9.00175857543945, gpxx:Depth=17.7661628723145}
assembleTrackPoint:
trkpt attribs [(lon:-110.40459436364472)(lat:24.560062335804105)]
time content [2010-03-21T18:03:36Z]
{gpxx:TrackPointExtension=, gpxx:Temperature=-9.00175857543945, gpxx:Depth=17.6712837219238}
assembleTrackPoint:
trkpt attribs [(lon:-110.40450283326209)(lat:24.560029981657863)]
time content [2010-03-21T18:03:40Z]
{gpxx:TrackPointExtension=, gpxx:Temperature=-9.00175857543945, gpxx:Depth=17.1257247924805}
assembleTrackPoint:
trkpt attribs [(lon:-110.40445706807077)(lat:24.560012798756361)]
time content [2010-03-21T18:03:42Z]
{gpxx:TrackPointExtension=, gpxx:Temperature=-9.00175857543945, gpxx:Depth=16.9122505187988}
assembleTrackPoint:
trkpt attribs [(lon:-110.40413662791252)(lat:24.559934595599771)]
time content [2010-03-21T18:03:55Z]
{gpxx:TrackPointExtension=, gpxx:Temperature=-9.00175857543945, gpxx:Depth=17.4103660583496}
assembleTrackPoint:
trkpt attribs [(lon:-110.40388483554125)(lat:24.559879275038838)]
time content [2010-03-21T18:04:05Z]
{gpxx:TrackPointExtension=, gpxx:Temperature=-9.00175857543945, gpxx:Depth=17.8847618103027}
assembleTrackPoint:
trkpt attribs [(lon:-110.40348812006414)(lat:24.559795372188091)]
time content [2010-03-21T18:04:21Z]
{gpxx:TrackPointExtension=, gpxx:Temperature=-9.00175857543945, gpxx:Depth=17.2917671203613}
assembleTrackPoint:
trkpt attribs [(lon:-110.40335845202208)(lat:24.559772489592433)]
time content [2010-03-21T18:04:26Z]
{gpxx:TrackPointExtension=, gpxx:Temperature=-9.00175857543945, gpxx:Depth=16.8885269165039}
assembleTrackPoint:
trkpt attribs [(lon:-110.40325921028852)(lat:24.559757150709629)]
time content [2010-03-21T18:04:30Z]
{gpxx:TrackPointExtension=, gpxx:Temperature=-9.00175857543945, gpxx:Depth=16.2718124389648}
assembleTrackPoint:
trkpt attribs [(lon:-110.40323632769287)(lat:24.559753378853202)]
time content [2010-03-21T18:04:31Z]
{gpxx:TrackPointExtension=, gpxx:Temperature=-9.00175857543945, gpxx:Depth=16.2480926513672}
assembleTrackPoint:
trkpt attribs [(lon:-110.40318293496966)(lat:24.559745751321316)]
time content [2010-03-21T18:04:34Z]
{gpxx:TrackPointExtension=, gpxx:Temperature=-9.00175857543945, gpxx:Depth=15.844856262207}
assembleTrackPoint:
trkpt attribs [(lon:-110.40295402519405)(lat:24.559719013050199)]
time content [2010-03-21T18:04:42Z]
{gpxx:TrackPointExtension=, gpxx:Temperature=-9.00175857543945, gpxx:Depth=16.5090103149414}
assembleTrackPoint:
trkpt attribs [(lon:-110.40290063247085)(lat:24.559713313356042)]
time content [2010-03-21T18:04:44Z]
{gpxx:TrackPointExtension=, gpxx:Temperature=-9.00175857543945, gpxx:Depth=16.6750526428223}
assembleTrackPoint:
trkpt attribs [(lon:-110.40277859196067)(lat:24.559692358598113)]
time content [2010-03-21T18:04:49Z]
{gpxx:TrackPointExtension=, gpxx:Temperature=-9.00175857543945, gpxx:Depth=16.9834098815918}
assembleTrackPoint:
trkpt attribs [(lon:-110.40251917205751)(lat:24.559671320021152)]
time content [2010-03-21T18:04:59Z]
{gpxx:TrackPointExtension=, gpxx:Temperature=-9.00175857543945, gpxx:Depth=16.3429718017578}
assembleTrackPoint:
trkpt attribs [(lon:-110.4024123866111)(lat:24.559654220938683)]
time content [2010-03-21T18:05:03Z]
{gpxx:TrackPointExtension=, gpxx:Temperature=-9.00175857543945, gpxx:Depth=15.6076545715332}
assembleTrackPoint:
trkpt attribs [(lon:-110.40231322869658)(lat:24.559637038037181)]
time content [2010-03-21T18:05:07Z]
{gpxx:TrackPointExtension=, gpxx:Temperature=-9.00175857543945, gpxx:Depth=14.8723411560059}
assembleTrackPoint:
trkpt attribs [(lon:-110.40229026228189)(lat:24.559631338343024)]
time content [2010-03-21T18:05:08Z]
{gpxx:TrackPointExtension=, gpxx:Temperature=-9.00175857543945, gpxx:Depth=14.7774620056152}
assembleTrackPoint:
trkpt attribs [(lon:-110.40225975215435)(lat:24.559625554829836)]
time content [2010-03-21T18:05:09Z]
{gpxx:TrackPointExtension=, gpxx:Temperature=-9.00175857543945, gpxx:Depth=14.6825866699219}
assembleTrackPoint:
trkpt attribs [(lon:-110.40187066420913)(lat:24.559576017782092)]
time content [2010-03-21T18:05:24Z]
{gpxx:TrackPointExtension=, gpxx:Temperature=-9.00175857543945, gpxx:Depth=14.3505058288574}
assembleTrackPoint:
trkpt attribs [(lon:-110.40182489901781)(lat:24.559572162106633)]
time content [2010-03-21T18:05:26Z]
{gpxx:TrackPointExtension=, gpxx:Temperature=-9.00175857543945, gpxx:Depth=14.0895881652832}
assembleTrackPoint:
trkpt attribs [(lon:-110.40174862369895)(lat:24.559562606737018)]
time content [2010-03-21T18:05:29Z]
{gpxx:TrackPointExtension=, gpxx:Temperature=-9.00175857543945, gpxx:Depth=13.2831115722656}
assembleTrackPoint:
trkpt attribs [(lon:-110.40171811357141)(lat:24.55956076271832)]
time content [2010-03-21T18:05:30Z]
{gpxx:TrackPointExtension=, gpxx:Temperature=-9.00175857543945, gpxx:Depth=13.1882362365723}
assembleTrackPoint:
trkpt attribs [(lon:-110.40164183825254)(lat:24.559551207348704)]
time content [2010-03-21T18:05:33Z]
{gpxx:TrackPointExtension=, gpxx:Temperature=-9.00175857543945, gpxx:Depth=12.7612762451172}
assembleTrackPoint:
trkpt attribs [(lon:-110.4012450389564)(lat:24.559535952284932)]
time content [2010-03-21T18:05:48Z]
{gpxx:TrackPointExtension=, gpxx:Temperature=-9.00175857543945, gpxx:Depth=12.4766387939453}
assembleTrackPoint:
trkpt attribs [(lon:-110.40122215636075)(lat:24.559535952284932)]
time content [2010-03-21T18:05:49Z]
{gpxx:TrackPointExtension=, gpxx:Temperature=-9.00175857543945, gpxx:Depth=12.3817558288574}
assembleTrackPoint:
trkpt attribs [(lon:-110.40109248831868)(lat:24.559530252590775)]
time content [2010-03-21T18:05:54Z]
{gpxx:TrackPointExtension=, gpxx:Temperature=-9.00175857543945, gpxx:Depth=11.788761138916}
assembleTrackPoint:
trkpt attribs [(lon:-110.40101621299982)(lat:24.559532096609473)]
time content [2010-03-21T18:05:57Z]
{gpxx:TrackPointExtension=, gpxx:Temperature=-9.00175857543945, gpxx:Depth=11.0534477233887}
assembleTrackPoint:
trkpt attribs [(lon:-110.40098570287228)(lat:24.559534024447203)]
time content [2010-03-21T18:05:58Z]
{gpxx:TrackPointExtension=, gpxx:Temperature=-9.00175857543945, gpxx:Depth=10.9822883605957}
assembleTrackPoint:
trkpt attribs [(lon:-110.40088646113873)(lat:24.559534024447203)]
time content [2010-03-21T18:06:02Z]
{gpxx:TrackPointExtension=, gpxx:Temperature=-9.00175857543945, gpxx:Depth=10.5553283691406}
assembleTrackPoint:
trkpt attribs [(lon:-110.40075679309666)(lat:24.559537880122662)]
time content [2010-03-21T18:06:07Z]
{gpxx:TrackPointExtension=, gpxx:Temperature=-9.00175857543945, gpxx:Depth=10.1283721923828}
assembleTrackPoint:
trkpt attribs [(lon:-110.40045160800219)(lat:24.559570234268904)]
time content [2010-03-21T18:06:19Z]
{gpxx:TrackPointExtension=, gpxx:Temperature=-9.00175857543945, gpxx:Depth=9.51165771484375}
assembleTrackPoint:
trkpt attribs [(lon:-110.39994810707867)(lat:24.559637038037181)]
time content [2010-03-21T18:06:39Z]
{gpxx:TrackPointExtension=, gpxx:Temperature=-9.00175857543945, gpxx:Depth=8.89493942260742}
assembleTrackPoint:
trkpt attribs [(lon:-110.3995131701231)(lat:24.559726640582085)]
time content [2010-03-21T18:06:58Z]
{gpxx:TrackPointExtension=, gpxx:Temperature=-9.00175857543945, gpxx:Depth=8.6340217590332}
assembleTrackPoint:
trkpt attribs [(lon:-110.39910119958222)(lat:24.559799144044518)]
time content [2010-03-21T18:07:21Z]
{gpxx:TrackPointExtension=, gpxx:Temperature=-9.00175857543945, gpxx:Depth=8.51542282104492}
assembleTrackPoint:
trkpt attribs [(lon:-110.39885703474283)(lat:24.559844909235835)]
time content [2010-03-21T18:07:37Z]
{gpxx:TrackPointExtension=, gpxx:Temperature=-9.00175857543945, gpxx:Depth=9.15586090087891}
assembleTrackPoint:
trkpt attribs [(lon:-110.39872736670077)(lat:24.559873575344682)]
time content [2010-03-21T18:07:46Z]
{gpxx:TrackPointExtension=, gpxx:Temperature=-9.00175857543945, gpxx:Depth=10.0334930419922}
assembleTrackPoint:
trkpt attribs [(lon:-110.39871973916888)(lat:24.559875419363379)]
time content [2010-03-21T18:07:47Z]
{gpxx:TrackPointExtension=, gpxx:Temperature=-9.00175857543945, gpxx:Depth=9.82001495361328}
assembleTrackPoint:
trkpt attribs [(lon:-110.39842980913818)(lat:24.559944150969386)]
time content [2010-03-21T18:08:09Z]
{gpxx:TrackPointExtension=, gpxx:Temperature=-9.00175857543945, gpxx:Depth=10.2944107055664}
assembleTrackPoint:
trkpt attribs [(lon:-110.39826963096857)(lat:24.559986060485244)]
time content [2010-03-21T18:08:23Z]
{gpxx:TrackPointExtension=, gpxx:Temperature=-9.00175857543945, gpxx:Depth=10.9111289978027}
assembleTrackPoint:
trkpt attribs [(lon:-110.39799495600164)(lat:24.56007381901145)]
time content [2010-03-21T18:08:47Z]
{gpxx:TrackPointExtension=, gpxx:Temperature=-9.00175857543945, gpxx:Depth=11.3143653869629}
assembleTrackPoint:
trkpt attribs [(lon:-110.39773553609848)(lat:24.560155794024467)]
time content [2010-03-21T18:09:09Z]
{gpxx:TrackPointExtension=, gpxx:Temperature=-9.00175857543945, gpxx:Depth=11.1483268737793}
assembleTrackPoint:
trkpt attribs [(lon:-110.3975601028651)(lat:24.560256879776716)]
time content [2010-03-21T18:09:26Z]
{gpxx:TrackPointExtension=, gpxx:Temperature=-9.00175857543945, gpxx:Depth=10.8399696350098}
assembleTrackPoint:
trkpt attribs [(lon:-110.39734644815326)(lat:24.560359893366694)]
time content [2010-03-21T18:09:47Z]
{gpxx:TrackPointExtension=, gpxx:Temperature=-9.00175857543945, gpxx:Depth=10.199535369873}
assembleTrackPoint:
trkpt attribs [(lon:-110.39718626998365)(lat:24.560501044616103)]
time content [2010-03-21T18:10:08Z]
{gpxx:TrackPointExtension=, gpxx:Temperature=-9.00175857543945, gpxx:Depth=9.55909729003906}
assembleTrackPoint:
trkpt attribs [(lon:-110.39710228331387)(lat:24.560615457594395)]
time content [2010-03-21T18:10:25Z]
{gpxx:TrackPointExtension=, gpxx:Temperature=-9.00175857543945, gpxx:Depth=8.96610260009766}
assembleTrackPoint:
trkpt attribs [(lon:-110.39698787033558)(lat:24.560716627165675)]
time content [2010-03-21T18:10:46Z]
{gpxx:TrackPointExtension=, gpxx:Temperature=-9.00175857543945, gpxx:Depth=8.34938430786133}
assembleTrackPoint:
trkpt attribs [(lon:-110.39685057476163)(lat:24.560815785080194)]
time content [2010-03-21T18:11:04Z]
{gpxx:TrackPointExtension=, gpxx:Temperature=-9.00175857543945, gpxx:Depth=7.68523025512695}
assembleTrackPoint:
trkpt attribs [(lon:-110.39672845043242)(lat:24.560907315462828)]
time content [2010-03-21T18:11:19Z]
{gpxx:TrackPointExtension=, gpxx:Temperature=-9.00175857543945, gpxx:Depth=6.97363662719727}
assembleTrackPoint:
trkpt attribs [(lon:-110.39662166498601)(lat:24.560993146151304)]
time content [2010-03-21T18:11:34Z]
{gpxx:TrackPointExtension=, gpxx:Temperature=-9.00175857543945, gpxx:Depth=6.38063812255859}
assembleTrackPoint:
trkpt attribs [(lon:-110.39648436941206)(lat:24.561094231903553)]
time content [2010-03-21T18:11:51Z]
{gpxx:TrackPointExtension=, gpxx:Temperature=-9.00175857543945, gpxx:Depth=5.76392364501953}
assembleTrackPoint:
trkpt attribs [(lon:-110.39633173495531)(lat:24.561048466712236)]
time content [2010-03-21T18:12:12Z]
{gpxx:TrackPointExtension=, gpxx:Temperature=-9.00175857543945, gpxx:Depth=5.24208450317383}
assembleTrackPoint:
trkpt attribs [(lon:-110.39631647989154)(lat:24.560972191393375)]
time content [2010-03-21T18:12:22Z]
{gpxx:TrackPointExtension=, gpxx:Temperature=-9.00175857543945, gpxx:Depth=5.55044174194336}
assembleTrackPoint:
trkpt attribs [(lon:-110.39631647989154)(lat:24.560955008491874)]
time content [2010-03-21T18:12:24Z]
{gpxx:TrackPointExtension=, gpxx:Temperature=-9.00175857543945, gpxx:Depth=5.55044174194336}
assembleTrackPoint:
trkpt attribs [(lon:-110.39631647989154)(lat:24.560918798670173)]
time content [2010-03-21T18:12:28Z]
{gpxx:TrackPointExtension=, gpxx:Temperature=-9.00175857543945, gpxx:Depth=6.00112152099609}
assembleTrackPoint:
trkpt attribs [(lon:-110.39632410742342)(lat:24.560909243300557)]
time content [2010-03-21T18:12:29Z]
{gpxx:TrackPointExtension=, gpxx:Temperature=-9.00175857543945, gpxx:Depth=6.09600067138672}
assembleTrackPoint:
trkpt attribs [(lon:-110.39640801027417)(lat:24.560661306604743)]
time content [2010-03-21T18:12:54Z]
{gpxx:TrackPointExtension=, gpxx:Temperature=-9.00175857543945, gpxx:Depth=6.54667663574219}
assembleTrackPoint:
trkpt attribs [(lon:-110.3964461479336)(lat:24.560619313269854)]
time content [2010-03-21T18:12:59Z]
{gpxx:TrackPointExtension=, gpxx:Temperature=-9.00175857543945, gpxx:Depth=6.85503387451172}
assembleTrackPoint:
trkpt attribs [(lon:-110.39654538966715)(lat:24.560525855049491)]
time content [2010-03-21T18:13:12Z]
{gpxx:TrackPointExtension=, gpxx:Temperature=-9.00175857543945, gpxx:Depth=7.47175216674805}
assembleTrackPoint:
trkpt attribs [(lon:-110.39664454758167)(lat:24.560354193672538)]
time content [2010-03-21T18:13:34Z]
{gpxx:TrackPointExtension=, gpxx:Temperature=-9.00175857543945, gpxx:Depth=7.04479217529297}
assembleTrackPoint:
trkpt attribs [(lon:-110.39656064473093)(lat:24.560255035758018)]
time content [2010-03-21T18:13:57Z]
{gpxx:TrackPointExtension=, gpxx:Temperature=-9.00175857543945, gpxx:Depth=6.49923706054688}
assembleTrackPoint:
trkpt attribs [(lon:-110.39654538966715)(lat:24.560258807614446)]
time content [2010-03-21T18:14:33Z]
{gpxx:TrackPointExtension=, gpxx:Temperature=-9.00175857543945, gpxx:Depth=6.66527938842773}
assembleTrackPoint:
trkpt attribs [(lon:-110.39654538966715)(lat:24.560260735452175)]
time content [2010-03-21T18:14:52Z]
{gpxx:TrackPointExtension=, gpxx:Temperature=-9.00175857543945, gpxx:Depth=6.85503387451172}
assembleTrackPoint:
trkpt attribs [(lon:-110.39655301719904)(lat:24.560256879776716)]
time content [2010-03-21T18:15:28Z]
{gpxx:TrackPointExtension=, gpxx:Temperature=-9.00175857543945, gpxx:Depth=6.94991683959961}
assembleTrackPoint:
trkpt attribs [(lon:-110.39662166498601)(lat:24.56028931774199)]
time content [2010-03-21T18:15:48Z]
{gpxx:TrackPointExtension=, gpxx:Temperature=-9.00175857543945, gpxx:Depth=7.59034729003906}
assembleTrackPoint:
trkpt attribs [(lon:-110.39675896055996)(lat:24.560325611382723)]
time content [2010-03-21T18:16:12Z]
{gpxx:TrackPointExtension=, gpxx:Temperature=-9.00175857543945, gpxx:Depth=7.99358749389648}
assembleTrackPoint:
trkpt attribs [(lon:-110.3968124371022)(lat:24.560283618047833)]
time content [2010-03-21T18:16:34Z]
{gpxx:TrackPointExtension=, gpxx:Temperature=-9.00175857543945, gpxx:Depth=7.94614791870117}
assembleTrackPoint:
trkpt attribs [(lon:-110.39687345735729)(lat:24.560262663289905)]
time content [2010-03-21T18:16:56Z]
{gpxx:TrackPointExtension=, gpxx:Temperature=-9.00175857543945, gpxx:Depth=7.99358749389648}
assembleTrackPoint:
trkpt attribs [(lon:-110.39688108488917)(lat:24.560268362984061)]
time content [2010-03-21T18:17:35Z]
{gpxx:TrackPointExtension=, gpxx:Temperature=-9.00175857543945, gpxx:Depth=8.0410270690918}
assembleTrackPoint:
trkpt attribs [(lon:-110.39688871242106)(lat:24.560274062678218)]
time content [2010-03-21T18:18:27Z]
{gpxx:TrackPointExtension=, gpxx:Temperature=-9.00175857543945, gpxx:Depth=8.2545051574707}
assembleTrackPoint:
trkpt attribs [(lon:-110.39688871242106)(lat:24.56028931774199)]
time content [2010-03-21T18:19:04Z]
{gpxx:TrackPointExtension=, gpxx:Temperature=-9.00175857543945, gpxx:Depth=1.18599128723145}
assembleTrackPoint:
trkpt attribs [(lon:-110.39688871242106)(lat:24.56028931774199)]
time content [2010-03-21T18:19:05Z]
{gpxx:TrackPointExtension=, gpxx:Temperature=-9.00175857543945, gpxx:Depth=1.16227149963379}
assembleTrackPoint:
trkpt attribs [(lon:-110.39688108488917)(lat:24.560293173417449)]
time content [2010-03-21T18:19:11Z]
{gpxx:TrackPointExtension=, gpxx:Temperature=-9.00175857543945, gpxx:Depth=1.94503021240234}
assembleTrackPoint:
trkpt attribs [(lon:-110.39688108488917)(lat:24.560293173417449)]
time content [2010-03-21T18:19:12Z]
{gpxx:TrackPointExtension=, gpxx:Temperature=-9.00175857543945, gpxx:Depth=3.22589874267578}
assembleTrackPoint:
trkpt attribs [(lon:-110.39688108488917)(lat:24.560293173417449)]
time content [2010-03-21T18:19:14Z]
{gpxx:TrackPointExtension=, gpxx:Temperature=-9.00175857543945, gpxx:Depth=3.93749618530273}
assembleTrackPoint:
trkpt attribs [(lon:-110.39687345735729)(lat:24.560298873111606)]
time content [2010-03-21T18:19:18Z]
{gpxx:TrackPointExtension=, gpxx:Temperature=-9.00175857543945, gpxx:Depth=3.17845916748047}
assembleTrackPoint:
trkpt attribs [(lon:-110.39687345735729)(lat:24.560298873111606)]
time content [2010-03-21T18:19:22Z]
{gpxx:TrackPointExtension=, gpxx:Temperature=-9.00175857543945, gpxx:Depth=2.75150299072266}
assembleTrackPoint:
trkpt attribs [(lon:-110.39687345735729)(lat:24.560298873111606)]
time content [2010-03-21T18:19:26Z]
{gpxx:TrackPointExtension=, gpxx:Temperature=-9.00175857543945, gpxx:Depth=5.21836471557617}
assembleTrackPoint:
trkpt attribs [(lon:-110.39687345735729)(lat:24.560298873111606)]
time content [2010-03-21T18:19:27Z]
{gpxx:TrackPointExtension=, gpxx:Temperature=-9.00175857543945, gpxx:Depth=6.45179748535156}
assembleTrackPoint:
trkpt attribs [(lon:-110.39687345735729)(lat:24.560298873111606)]
time content [2010-03-21T18:19:28Z]
{gpxx:TrackPointExtension=, gpxx:Temperature=-9.00175857543945, gpxx:Depth=7.59034729003906}
assembleTrackPoint:
trkpt attribs [(lon:-110.39687345735729)(lat:24.560298873111606)]
time content [2010-03-21T18:19:31Z]
{gpxx:TrackPointExtension=, gpxx:Temperature=-9.00175857543945, gpxx:Depth=8.08846664428711}
assembleTrackPoint:
trkpt attribs [(lon:-110.39688108488917)(lat:24.560314128175378)]
time content [2010-03-21T18:19:58Z]
{gpxx:TrackPointExtension=, gpxx:Temperature=-9.00175857543945, gpxx:Depth=8.2545051574707}
assembleTrackPoint:
trkpt attribs [(lon:-110.39688108488917)(lat:24.560327455401421)]
time content [2010-03-21T18:20:55Z]
{gpxx:TrackPointExtension=, gpxx:Temperature=-9.00175857543945, gpxx:Depth=8.2545051574707}
assembleTrackPoint:
trkpt attribs [(lon:-110.39685820229352)(lat:24.560405658558011)]
time content [2010-03-21T18:22:25Z]
{gpxx:TrackPointExtension=, gpxx:Temperature=-9.00175857543945, gpxx:Depth=8.34938430786133}
assembleTrackSegment:
trkseg
</system-out>
  </testcase>
</testsuite>